[  603667ms] [WARNING] Deprecation warning: value provided is not in a recognized RFC2822 or ISO format. moment construction falls back to js Date(), which is not reliable across all browsers and versions. Non RFC2822/ISO date formats are discouraged. Please refer to http://momentjs.com/guides/#/warnings/js-date/ for more info.
Arguments: 
[0] _isAMomentObject: true, _isUTC: false, _useUTC: false, _l: undefined, _i: Feb 21, 2027, _f: undefined, _strict: undefined, _locale: [object Object]
Error
    at t.createFromInputFallback (https://dash.cloudflare.com/cf-9cc9ca7cc96ea723.js:3:42056)
    at https://dash.cloudflare.com/cf-9cc9ca7cc96ea723.js:3:63512
    at https://dash.cloudflare.com/cf-9cc9ca7cc96ea723.js:3:63541
    at tr (https://dash.cloudflare.com/cf-9cc9ca7cc96ea723.js:3:63853)
    at ta (https://dash.cloudflare.com/cf-9cc9ca7cc96ea723.js:3:64117)
    at ti (https://dash.cloudflare.com/cf-9cc9ca7cc96ea723.js:3:64199)
    at t (https://dash.cloudflare.com/cf-9cc9ca7cc96ea723.js:3:38977)
    at p (https://dash.cloudflare.com/cf-68f96530efc6b3be.js:3:44934)
    at ei (https://dash.cloudflare.com/cf-acb62c72900e9265.js:3:21915)
    at ak (https://dash.cloudflare.com/cf-7a558b35d4204b06.js:3:61153)
    at up (https://dash.cloudflare.com/cf-7a558b35d4204b06.js:3:73004)
    at i (https://dash.cloudflare.com/cf-7a558b35d4204b06.js:3:120464)
    at oO (https://dash.cloudflare.com/cf-7a558b35d4204b06.js:3:99246)
    at oR (https://dash.cloudflare.com/cf-7a558b35d4204b06.js:3:99116)
    at ox (https://dash.cloudflare.com/cf-7a558b35d4204b06.js:3:94189)
    at x (https://dash.cloudflare.com/cf-7a558b35d4204b06.js:3:130665)
    at T (https://dash.cloudflare.com/cf-7a558b35d4204b06.js:3:131195)
    at https://dash.cloudflare.com/cf-app.0021973e8b869ab3.js:3:26945
    at https://dash.cloudflare.com/cf-app.0021973e8b869ab3.js:3:59758
    at Number.h (https://dash.cloudflare.com/cf-app.0021973e8b869ab3.js:3:59616)
    at MessagePort.v (https://dash.cloudflare.com/cf-app.0021973e8b869ab3.js:3:59638) @ https://dash.cloudflare.com/cf-b9849d3b09d1015c.js:2
[  617967ms] [ERROR] Failed to load resource: the server responded with a status of 404 () @ https://dash.cloudflare.com/api/v4/zones/dba06664d090ba22abaab226b98abcaf/rulesets/phases/http_ratelimit/entrypoint:0
[  698522ms] [ERROR] Failed to load resource: the server responded with a status of 400 () @ https://dash.cloudflare.com/api/v4/zones/dba06664d090ba22abaab226b98abcaf/ssl/custom_hostnames/hosts?names=api-dev.stayreturn.com,api.stayreturn.com,dev.stayreturn.com,*.stayreturn.com,stayreturn.com,www.stayreturn.com:0
[  698631ms] Object
[  698884ms] [ERROR] Failed to load resource: the server responded with a status of 400 () @ https://dash.cloudflare.com/api/v4/zones/dba06664d090ba22abaab226b98abcaf/ssl/custom_hostnames/hosts?names=api-dev.stayreturn.com,api.stayreturn.com,dev.stayreturn.com,*.stayreturn.com,stayreturn.com,www.stayreturn.com:0
[  698984ms] Object
