[    2656ms] [WARNING] <meta name="apple-mobile-web-app-capable" content="yes"> is deprecated. Please include <meta name="mobile-web-app-capable" content="yes"> @ https://ecom.dextrade.com/6425cbaa-77a6-4202-b473-d7ea8efe8c2f-3e13b4340320914504e2bfe9a25f2435:0
[    4421ms] [ERROR] Failed to load resource: the server responded with a status of 429 () @ https://eth.llamarpc.com/:0
[    4812ms] [ERROR] Failed to load resource: the server responded with a status of 429 () @ https://eth.llamarpc.com/:0
[   16334ms] [ERROR] Failed to load resource: the server responded with a status of 429 () @ https://eth.llamarpc.com/:0
[   22211ms] [ERROR] Failed to load resource: the server responded with a status of 429 () @ https://eth.llamarpc.com/:0
[   33626ms] [ERROR] Failed to load resource: the server responded with a status of 429 () @ https://eth.llamarpc.com/:0
[   61707ms] [ERROR] Failed to load resource: the server responded with a status of 429 () @ https://eth.llamarpc.com/:0
[   84341ms] [ERROR] Failed to load resource: the server responded with a status of 429 () @ https://eth.llamarpc.com/:0
[  102641ms] [ERROR] Failed to load resource: the server responded with a status of 429 () @ https://eth.llamarpc.com/:0
[  119525ms] [ERROR] Failed to load resource: the server responded with a status of 429 () @ https://eth.llamarpc.com/:0
[  119916ms] [ERROR] Failed to load resource: the server responded with a status of 429 () @ https://eth.llamarpc.com/:0
[  120460ms] [ERROR] Failed to load resource: the server responded with a status of 429 () @ https://eth.llamarpc.com/:0
[  126923ms] [ERROR] Failed to load resource: the server responded with a status of 429 () @ https://eth.llamarpc.com/:0
[  127314ms] [ERROR] Failed to load resource: the server responded with a status of 429 () @ https://eth.llamarpc.com/:0
[  127856ms] [ERROR] Failed to load resource: the server responded with a status of 429 () @ https://eth.llamarpc.com/:0
[  162432ms] [ERROR] Failed to load resource: the server responded with a status of 429 () @ https://eth.llamarpc.com/:0
[  193232ms] [ERROR] Failed to load resource: the server responded with a status of 429 () @ https://eth.llamarpc.com/:0
[  193621ms] [ERROR] Failed to load resource: the server responded with a status of 429 () @ https://eth.llamarpc.com/:0
[  206391ms] [ERROR] Failed to load resource: the server responded with a status of 429 () @ https://eth.llamarpc.com/:0
[  223230ms] [ERROR] Failed to load resource: the server responded with a status of 429 () @ https://eth.llamarpc.com/:0
[  223647ms] [ERROR] Failed to load resource: the server responded with a status of 429 () @ https://eth.llamarpc.com/:0
[  229676ms] [ERROR] Failed to load resource: the server responded with a status of 429 () @ https://eth.llamarpc.com/:0
[  230067ms] [ERROR] Failed to load resource: the server responded with a status of 429 () @ https://eth.llamarpc.com/:0
[  263515ms] [ERROR] Failed to load resource: the server responded with a status of 429 () @ https://eth.llamarpc.com/:0
[  263906ms] [ERROR] Failed to load resource: the server responded with a status of 429 () @ https://eth.llamarpc.com/:0
[  264450ms] [ERROR] Failed to load resource: the server responded with a status of 429 () @ https://eth.llamarpc.com/:0
[  276291ms] [ERROR] Failed to load resource: the server responded with a status of 429 () @ https://eth.llamarpc.com/:0
[  321092ms] [ERROR] Failed to load resource: the server responded with a status of 429 () @ https://eth.llamarpc.com/:0
[  354614ms] [ERROR] Failed to load resource: the server responded with a status of 429 () @ https://eth.llamarpc.com/:0
[  360521ms] [ERROR] Failed to load resource: the server responded with a status of 429 () @ https://eth.llamarpc.com/:0
[  372010ms] [ERROR] Failed to load resource: the server responded with a status of 429 () @ https://eth.llamarpc.com/:0
[  383406ms] [ERROR] Failed to load resource: the server responded with a status of 429 () @ https://eth.llamarpc.com/:0
[  383796ms] [ERROR] Failed to load resource: the server responded with a status of 429 () @ https://eth.llamarpc.com/:0
[  406312ms] [ERROR] Failed to load resource: the server responded with a status of 429 () @ https://eth.llamarpc.com/:0
[  406704ms] [ERROR] Failed to load resource: the server responded with a status of 429 () @ https://eth.llamarpc.com/:0
[  407245ms] [ERROR] Failed to load resource: the server responded with a status of 429 () @ https://eth.llamarpc.com/:0
[  413574ms] [ERROR] Failed to load resource: the server responded with a status of 429 () @ https://eth.llamarpc.com/:0
[  413966ms] [ERROR] Failed to load resource: the server responded with a status of 429 () @ https://eth.llamarpc.com/:0
[  414512ms] [ERROR] Failed to load resource: the server responded with a status of 429 () @ https://eth.llamarpc.com/:0
[  415355ms] [ERROR] Failed to load resource: the server responded with a status of 429 () @ https://eth.llamarpc.com/:0
[  422126ms] [ERROR] Failed to load resource: the server responded with a status of 429 () @ https://eth.llamarpc.com/:0
[  428009ms] [ERROR] Failed to load resource: the server responded with a status of 429 () @ https://eth.llamarpc.com/:0
[  455834ms] [ERROR] Failed to load resource: the server responded with a status of 429 () @ https://eth.llamarpc.com/:0
[  461722ms] [ERROR] Failed to load resource: the server responded with a status of 429 () @ https://eth.llamarpc.com/:0
[  462113ms] [ERROR] Failed to load resource: the server responded with a status of 429 () @ https://eth.llamarpc.com/:0
[  473832ms] [ERROR] Failed to load resource: the server responded with a status of 429 () @ https://eth.llamarpc.com/:0
[  479828ms] [ERROR] Failed to load resource: the server responded with a status of 429 () @ https://eth.llamarpc.com/:0
[  480218ms] [ERROR] Failed to load resource: the server responded with a status of 429 () @ https://eth.llamarpc.com/:0
[  493727ms] [ERROR] Failed to load resource: the server responded with a status of 429 () @ https://eth.llamarpc.com/:0
[  494169ms] [ERROR] Failed to load resource: the server responded with a status of 429 () @ https://eth.llamarpc.com/:0
[  501024ms] [ERROR] Failed to load resource: the server responded with a status of 429 () @ https://eth.llamarpc.com/:0
[  517901ms] [ERROR] Failed to load resource: the server responded with a status of 429 () @ https://eth.llamarpc.com/:0
[  546011ms] [ERROR] Failed to load resource: the server responded with a status of 429 () @ https://eth.llamarpc.com/:0
[  546408ms] [ERROR] Failed to load resource: the server responded with a status of 429 () @ https://eth.llamarpc.com/:0
[  552497ms] [ERROR] Failed to load resource: the server responded with a status of 429 () @ https://eth.llamarpc.com/:0
[  563910ms] [ERROR] Failed to load resource: the server responded with a status of 429 () @ https://eth.llamarpc.com/:0
[  564302ms] [ERROR] Failed to load resource: the server responded with a status of 429 () @ https://eth.llamarpc.com/:0
[  564842ms] [ERROR] Failed to load resource: the server responded with a status of 429 () @ https://eth.llamarpc.com/:0
[  587677ms] [ERROR] Failed to load resource: the server responded with a status of 429 () @ https://eth.llamarpc.com/:0
[  588070ms] [ERROR] Failed to load resource: the server responded with a status of 429 () @ https://eth.llamarpc.com/:0
[  605528ms] [ERROR] Failed to load resource: the server responded with a status of 429 () @ https://eth.llamarpc.com/:0
[  612168ms] [ERROR] Failed to load resource: the server responded with a status of 429 () @ https://eth.llamarpc.com/:0
[  618051ms] [ERROR] Failed to load resource: the server responded with a status of 429 () @ https://eth.llamarpc.com/:0
[  618447ms] [ERROR] Failed to load resource: the server responded with a status of 429 () @ https://eth.llamarpc.com/:0
[  624512ms] [ERROR] Failed to load resource: the server responded with a status of 429 () @ https://eth.llamarpc.com/:0
[  635925ms] [ERROR] Failed to load resource: the server responded with a status of 429 () @ https://eth.llamarpc.com/:0
[  636316ms] [ERROR] Failed to load resource: the server responded with a status of 429 () @ https://eth.llamarpc.com/:0
[  636860ms] [ERROR] Failed to load resource: the server responded with a status of 429 () @ https://eth.llamarpc.com/:0
[  637700ms] [ERROR] Failed to load resource: the server responded with a status of 429 () @ https://eth.llamarpc.com/:0
[  649953ms] [ERROR] Failed to load resource: the server responded with a status of 429 () @ https://eth.llamarpc.com/:0
[  672327ms] [ERROR] Failed to load resource: the server responded with a status of 429 () @ https://eth.llamarpc.com/:0
[  678256ms] [ERROR] Failed to load resource: the server responded with a status of 429 () @ https://eth.llamarpc.com/:0
[  695157ms] [ERROR] Failed to load resource: the server responded with a status of 429 () @ https://eth.llamarpc.com/:0
[  708099ms] [ERROR] Failed to load resource: the server responded with a status of 429 () @ https://eth.llamarpc.com/:0
[  708490ms] [ERROR] Failed to load resource: the server responded with a status of 429 () @ https://eth.llamarpc.com/:0
[  725577ms] [ERROR] Failed to load resource: the server responded with a status of 429 () @ https://eth.llamarpc.com/:0
[  725967ms] [ERROR] Failed to load resource: the server responded with a status of 429 () @ https://eth.llamarpc.com/:0
[  732041ms] [ERROR] Failed to load resource: the server responded with a status of 429 () @ https://eth.llamarpc.com/:0
[  749102ms] [ERROR] Failed to load resource: the server responded with a status of 429 () @ https://eth.llamarpc.com/:0
[  756295ms] [ERROR] Failed to load resource: the server responded with a status of 429 () @ https://eth.llamarpc.com/:0
[  756690ms] [ERROR] Failed to load resource: the server responded with a status of 429 () @ https://eth.llamarpc.com/:0
[  762720ms] [ERROR] Failed to load resource: the server responded with a status of 429 () @ https://eth.llamarpc.com/:0
[  802292ms] [ERROR] Failed to load resource: the server responded with a status of 429 () @ https://eth.llamarpc.com/:0
[  814480ms] [ERROR] Failed to load resource: the server responded with a status of 429 () @ https://eth.llamarpc.com/:0
[  816416ms] [ERROR] Failed to load resource: the server responded with a status of 429 () @ https://eth.llamarpc.com/:0
[  816974ms] [ERROR] Failed to load resource: the server responded with a status of 429 () @ https://eth.llamarpc.com/:0
[  818266ms] [ERROR] Failed to load resource: the server responded with a status of 429 () @ https://eth.llamarpc.com/:0
[  853085ms] [ERROR] Failed to load resource: the server responded with a status of 429 () @ https://eth.llamarpc.com/:0
[  858969ms] [ERROR] Failed to load resource: the server responded with a status of 429 () @ https://eth.llamarpc.com/:0
[  859367ms] [ERROR] Failed to load resource: the server responded with a status of 429 () @ https://eth.llamarpc.com/:0
[  859908ms] [ERROR] Failed to load resource: the server responded with a status of 429 () @ https://eth.llamarpc.com/:0
[  899183ms] [ERROR] Failed to load resource: the server responded with a status of 429 () @ https://eth.llamarpc.com/:0
[  899574ms] [ERROR] Failed to load resource: the server responded with a status of 429 () @ https://eth.llamarpc.com/:0
[  901731ms] [ERROR] Failed to load resource: the server responded with a status of 429 () @ https://eth.llamarpc.com/:0
[  929610ms] [ERROR] Failed to load resource: the server responded with a status of 429 () @ https://eth.llamarpc.com/:0
[  930001ms] [ERROR] Failed to load resource: the server responded with a status of 429 () @ https://eth.llamarpc.com/:0
[  930541ms] [ERROR] Failed to load resource: the server responded with a status of 429 () @ https://eth.llamarpc.com/:0
[  942380ms] [ERROR] Failed to load resource: the server responded with a status of 429 () @ https://eth.llamarpc.com/:0
[  948270ms] [ERROR] Failed to load resource: the server responded with a status of 429 () @ https://eth.llamarpc.com/:0
[  959697ms] [ERROR] Failed to load resource: the server responded with a status of 429 () @ https://eth.llamarpc.com/:0
[  961692ms] [ERROR] Failed to load resource: the server responded with a status of 429 () @ https://eth.llamarpc.com/:0
[  984135ms] [ERROR] Failed to load resource: the server responded with a status of 429 () @ https://eth.llamarpc.com/:0
[  995518ms] [ERROR] Failed to load resource: the server responded with a status of 429 () @ https://eth.llamarpc.com/:0
[  995909ms] [ERROR] Failed to load resource: the server responded with a status of 429 () @ https://eth.llamarpc.com/:0
[  996453ms] [ERROR] Failed to load resource: the server responded with a status of 429 () @ https://eth.llamarpc.com/:0
[ 1019250ms] [ERROR] Failed to load resource: the server responded with a status of 429 () @ https://eth.llamarpc.com/:0
[ 1019641ms] [ERROR] Failed to load resource: the server responded with a status of 429 () @ https://eth.llamarpc.com/:0
[ 1020209ms] [ERROR] Failed to load resource: the server responded with a status of 429 () @ https://eth.llamarpc.com/:0
[ 1021051ms] [ERROR] Failed to load resource: the server responded with a status of 429 () @ https://eth.llamarpc.com/:0
[ 1050114ms] [ERROR] Failed to load resource: the server responded with a status of 429 () @ https://eth.llamarpc.com/:0
[ 1067012ms] [ERROR] Failed to load resource: the server responded with a status of 429 () @ https://eth.llamarpc.com/:0
[ 1078373ms] [ERROR] Failed to load resource: the server responded with a status of 429 () @ https://eth.llamarpc.com/:0
[ 1078770ms] [ERROR] Failed to load resource: the server responded with a status of 429 () @ https://eth.llamarpc.com/:0
[ 1079311ms] [ERROR] Failed to load resource: the server responded with a status of 429 () @ https://eth.llamarpc.com/:0
[ 1091147ms] [ERROR] Failed to load resource: the server responded with a status of 429 () @ https://eth.llamarpc.com/:0
[ 1165015ms] [ERROR] Failed to load resource: the server responded with a status of 429 () @ https://eth.llamarpc.com/:0
[ 1167180ms] [ERROR] Failed to load resource: the server responded with a status of 429 () @ https://eth.llamarpc.com/:0
[ 1167577ms] [ERROR] Failed to load resource: the server responded with a status of 429 () @ https://eth.llamarpc.com/:0
[ 1179601ms] [ERROR] Failed to load resource: the server responded with a status of 429 () @ https://eth.llamarpc.com/:0
[ 1197094ms] [ERROR] Failed to load resource: the server responded with a status of 429 () @ https://eth.llamarpc.com/:0
[ 1197493ms] [ERROR] Failed to load resource: the server responded with a status of 429 () @ https://eth.llamarpc.com/:0
[ 1198037ms] [ERROR] Failed to load resource: the server responded with a status of 429 () @ https://eth.llamarpc.com/:0
[ 1198876ms] [ERROR] Failed to load resource: the server responded with a status of 429 () @ https://eth.llamarpc.com/:0
[ 1211189ms] [ERROR] Failed to load resource: the server responded with a status of 429 () @ https://eth.llamarpc.com/:0
[ 1211582ms] [ERROR] Failed to load resource: the server responded with a status of 429 () @ https://eth.llamarpc.com/:0
[ 1245458ms] [ERROR] Failed to load resource: the server responded with a status of 429 () @ https://eth.llamarpc.com/:0
[ 1245851ms] [ERROR] Failed to load resource: the server responded with a status of 429 () @ https://eth.llamarpc.com/:0
[ 1246395ms] [ERROR] Failed to load resource: the server responded with a status of 429 () @ https://eth.llamarpc.com/:0
[ 1247241ms] [ERROR] Failed to load resource: the server responded with a status of 429 () @ https://eth.llamarpc.com/:0
[ 1248498ms] [ERROR] Failed to load resource: the server responded with a status of 429 () @ https://eth.llamarpc.com/:0
[ 1248892ms] [ERROR] Failed to load resource: the server responded with a status of 429 () @ https://eth.llamarpc.com/:0
[ 1254933ms] [ERROR] Failed to load resource: the server responded with a status of 429 () @ https://eth.llamarpc.com/:0
[ 1260846ms] [ERROR] Failed to load resource: the server responded with a status of 429 () @ https://eth.llamarpc.com/:0
[ 1261241ms] [ERROR] Failed to load resource: the server responded with a status of 429 () @ https://eth.llamarpc.com/:0
[ 1261783ms] [ERROR] Failed to load resource: the server responded with a status of 429 () @ https://eth.llamarpc.com/:0
[ 1262626ms] [ERROR] Failed to load resource: the server responded with a status of 429 () @ https://eth.llamarpc.com/:0
[ 1269389ms] [ERROR] Failed to load resource: the server responded with a status of 429 () @ https://eth.llamarpc.com/:0
[ 1269784ms] [ERROR] Failed to load resource: the server responded with a status of 429 () @ https://eth.llamarpc.com/:0
[ 1283552ms] [ERROR] Failed to load resource: the server responded with a status of 429 () @ https://eth.llamarpc.com/:0
[ 1307571ms] [ERROR] Failed to load resource: the server responded with a status of 429 () @ https://eth.llamarpc.com/:0
[ 1307968ms] [ERROR] Failed to load resource: the server responded with a status of 429 () @ https://eth.llamarpc.com/:0
[ 1308509ms] [ERROR] Failed to load resource: the server responded with a status of 429 () @ https://eth.llamarpc.com/:0
[ 1309357ms] [ERROR] Failed to load resource: the server responded with a status of 429 () @ https://eth.llamarpc.com/:0
[ 1321652ms] [ERROR] Failed to load resource: the server responded with a status of 429 () @ https://eth.llamarpc.com/:0
[ 1333293ms] [ERROR] Failed to load resource: the server responded with a status of 429 () @ https://eth.llamarpc.com/:0
[ 1355709ms] [ERROR] Failed to load resource: the server responded with a status of 429 () @ https://eth.llamarpc.com/:0
[ 1367147ms] [ERROR] Failed to load resource: the server responded with a status of 429 () @ https://eth.llamarpc.com/:0
[ 1378529ms] [ERROR] Failed to load resource: the server responded with a status of 429 () @ https://eth.llamarpc.com/:0
[ 1379060ms] [ERROR] Failed to load resource: the server responded with a status of 429 () @ https://eth.llamarpc.com/:0
[ 1379602ms] [ERROR] Failed to load resource: the server responded with a status of 429 () @ https://eth.llamarpc.com/:0
[ 1380459ms] [ERROR] Failed to load resource: the server responded with a status of 429 () @ https://eth.llamarpc.com/:0
[ 1392783ms] [ERROR] Failed to load resource: the server responded with a status of 429 () @ https://eth.llamarpc.com/:0
[ 1426339ms] [ERROR] Failed to load resource: the server responded with a status of 429 () @ https://eth.llamarpc.com/:0
[ 1462472ms] [ERROR] Failed to load resource: the server responded with a status of 429 () @ https://eth.llamarpc.com/:0
[ 1462864ms] [ERROR] Failed to load resource: the server responded with a status of 429 () @ https://eth.llamarpc.com/:0
[ 1463406ms] [ERROR] Failed to load resource: the server responded with a status of 429 () @ https://eth.llamarpc.com/:0
[ 1464248ms] [ERROR] Failed to load resource: the server responded with a status of 429 () @ https://eth.llamarpc.com/:0
[ 1465495ms] [ERROR] Failed to load resource: the server responded with a status of 429 () @ https://eth.llamarpc.com/:0
[ 1465886ms] [ERROR] Failed to load resource: the server responded with a status of 429 () @ https://eth.llamarpc.com/:0
[ 1483690ms] [ERROR] Failed to load resource: the server responded with a status of 429 () @ https://eth.llamarpc.com/:0
[ 1489629ms] [ERROR] Failed to load resource: the server responded with a status of 429 () @ https://eth.llamarpc.com/:0
[ 1501000ms] [ERROR] Failed to load resource: the server responded with a status of 429 () @ https://eth.llamarpc.com/:0
[ 1501396ms] [ERROR] Failed to load resource: the server responded with a status of 429 () @ https://eth.llamarpc.com/:0
[ 1518428ms] [ERROR] Failed to load resource: the server responded with a status of 429 () @ https://eth.llamarpc.com/:0
[ 1530135ms] [ERROR] Failed to load resource: the server responded with a status of 429 () @ https://eth.llamarpc.com/:0
[ 1536145ms] [ERROR] Failed to load resource: the server responded with a status of 429 () @ https://eth.llamarpc.com/:0
[ 1536541ms] [ERROR] Failed to load resource: the server responded with a status of 429 () @ https://eth.llamarpc.com/:0
[ 1537083ms] [ERROR] Failed to load resource: the server responded with a status of 429 () @ https://eth.llamarpc.com/:0
[ 1543453ms] [ERROR] Failed to load resource: the server responded with a status of 429 () @ https://eth.llamarpc.com/:0
[ 1549325ms] [ERROR] Failed to load resource: the server responded with a status of 429 () @ https://eth.llamarpc.com/:0
[ 1549717ms] [ERROR] Failed to load resource: the server responded with a status of 429 () @ https://eth.llamarpc.com/:0
[ 1578151ms] [ERROR] Failed to load resource: the server responded with a status of 429 () @ https://eth.llamarpc.com/:0
[ 1584043ms] [ERROR] Failed to load resource: the server responded with a status of 429 () @ https://eth.llamarpc.com/:0
[ 1589924ms] [ERROR] Failed to load resource: the server responded with a status of 429 () @ https://eth.llamarpc.com/:0
[ 1595819ms] [ERROR] Failed to load resource: the server responded with a status of 429 () @ https://eth.llamarpc.com/:0
[ 1601698ms] [ERROR] Failed to load resource: the server responded with a status of 429 () @ https://eth.llamarpc.com/:0
[ 1607670ms] [ERROR] Failed to load resource: the server responded with a status of 429 () @ https://eth.llamarpc.com/:0
[ 1619065ms] [ERROR] Failed to load resource: the server responded with a status of 429 () @ https://eth.llamarpc.com/:0
[ 1619455ms] [ERROR] Failed to load resource: the server responded with a status of 429 () @ https://eth.llamarpc.com/:0
[ 1636630ms] [ERROR] Failed to load resource: the server responded with a status of 429 () @ https://eth.llamarpc.com/:0
[ 1642512ms] [ERROR] Failed to load resource: the server responded with a status of 429 () @ https://eth.llamarpc.com/:0
[ 1654465ms] [ERROR] Failed to load resource: the server responded with a status of 429 () @ https://eth.llamarpc.com/:0
[ 1660345ms] [ERROR] Failed to load resource: the server responded with a status of 429 () @ https://eth.llamarpc.com/:0
[ 1666221ms] [ERROR] Failed to load resource: the server responded with a status of 429 () @ https://eth.llamarpc.com/:0
[ 1716135ms] [ERROR] Access to fetch at 'https://eth.llamarpc.com/' from origin 'https://ecom.dextrade.com' has been blocked by CORS policy: No 'Access-Control-Allow-Origin' header is present on the requested resource. @ https://ecom.dextrade.com/6425cbaa-77a6-4202-b473-d7ea8efe8c2f-3e13b4340320914504e2bfe9a25f2435:0
[ 1716136ms] [ERROR] Failed to load resource: net::ERR_FAILED @ https://eth.llamarpc.com/:0
[ 1716526ms] [ERROR] Failed to load resource: the server responded with a status of 429 () @ https://eth.llamarpc.com/:0
[ 1722552ms] [ERROR] Failed to load resource: the server responded with a status of 429 () @ https://eth.llamarpc.com/:0
[ 1740255ms] [ERROR] Failed to load resource: the server responded with a status of 429 () @ https://eth.llamarpc.com/:0
[ 1740653ms] [ERROR] Failed to load resource: the server responded with a status of 429 () @ https://eth.llamarpc.com/:0
[ 1741199ms] [ERROR] Failed to load resource: the server responded with a status of 429 () @ https://eth.llamarpc.com/:0
[ 1742048ms] [ERROR] Failed to load resource: the server responded with a status of 429 () @ https://eth.llamarpc.com/:0
[ 1743368ms] [ERROR] Failed to load resource: the server responded with a status of 429 () @ https://eth.llamarpc.com/:0
[ 1755837ms] [ERROR] Failed to load resource: the server responded with a status of 429 () @ https://eth.llamarpc.com/:0
[ 1761803ms] [ERROR] Failed to load resource: the server responded with a status of 429 () @ https://eth.llamarpc.com/:0
[ 1762196ms] [ERROR] Failed to load resource: the server responded with a status of 429 () @ https://eth.llamarpc.com/:0
[ 1762928ms] [ERROR] Failed to load resource: the server responded with a status of 429 () @ https://eth.llamarpc.com/:0
[ 1763808ms] [ERROR] Failed to load resource: the server responded with a status of 429 () @ https://eth.llamarpc.com/:0
[ 1765417ms] [ERROR] Failed to load resource: the server responded with a status of 429 () @ https://eth.llamarpc.com/:0
[ 1780848ms] [ERROR] Failed to load resource: the server responded with a status of 429 () @ https://eth.llamarpc.com/:0
[ 1800530ms] [ERROR] Failed to load resource: the server responded with a status of 429 () @ https://eth.llamarpc.com/:0
[ 1800925ms] [ERROR] Failed to load resource: the server responded with a status of 429 () @ https://eth.llamarpc.com/:0
[ 1801474ms] [ERROR] Failed to load resource: the server responded with a status of 429 () @ https://eth.llamarpc.com/:0
[ 1802319ms] [ERROR] Failed to load resource: the server responded with a status of 429 () @ https://eth.llamarpc.com/:0
[ 1803566ms] [ERROR] Failed to load resource: the server responded with a status of 429 () @ https://eth.llamarpc.com/:0
[ 1809535ms] [ERROR] Failed to load resource: the server responded with a status of 429 () @ https://eth.llamarpc.com/:0
[ 1815412ms] [ERROR] Failed to load resource: the server responded with a status of 429 () @ https://eth.llamarpc.com/:0
[ 1815803ms] [ERROR] Failed to load resource: the server responded with a status of 429 () @ https://eth.llamarpc.com/:0
[ 1822232ms] [ERROR] Failed to load resource: the server responded with a status of 429 () @ https://eth.llamarpc.com/:0
[ 1822628ms] [ERROR] Failed to load resource: the server responded with a status of 429 () @ https://eth.llamarpc.com/:0
[ 1823173ms] [ERROR] Failed to load resource: the server responded with a status of 429 () @ https://eth.llamarpc.com/:0
[ 1824013ms] [ERROR] Failed to load resource: the server responded with a status of 429 () @ https://eth.llamarpc.com/:0
[ 1847418ms] [ERROR] Failed to load resource: the server responded with a status of 429 () @ https://eth.llamarpc.com/:0
[ 1847814ms] [ERROR] Failed to load resource: the server responded with a status of 429 () @ https://eth.llamarpc.com/:0
[ 1848356ms] [ERROR] Failed to load resource: the server responded with a status of 429 () @ https://eth.llamarpc.com/:0
[ 1849197ms] [ERROR] Failed to load resource: the server responded with a status of 429 () @ https://eth.llamarpc.com/:0
[ 1850441ms] [ERROR] Failed to load resource: the server responded with a status of 429 () @ https://eth.llamarpc.com/:0
[ 1873493ms] [ERROR] Failed to load resource: the server responded with a status of 429 () @ https://eth.llamarpc.com/:0
[ 1874048ms] [ERROR] Failed to load resource: the server responded with a status of 429 () @ https://eth.llamarpc.com/:0
[ 1874610ms] [ERROR] Failed to load resource: the server responded with a status of 429 () @ https://eth.llamarpc.com/:0
[ 1887769ms] [ERROR] Failed to load resource: the server responded with a status of 429 () @ https://eth.llamarpc.com/:0
[ 1893652ms] [ERROR] Failed to load resource: the server responded with a status of 429 () @ https://eth.llamarpc.com/:0
[ 1894044ms] [ERROR] Failed to load resource: the server responded with a status of 429 () @ https://eth.llamarpc.com/:0
[ 1894583ms] [ERROR] Failed to load resource: the server responded with a status of 429 () @ https://eth.llamarpc.com/:0
[ 1895425ms] [ERROR] Failed to load resource: the server responded with a status of 429 () @ https://eth.llamarpc.com/:0
[ 1913134ms] [ERROR] Failed to load resource: the server responded with a status of 429 () @ https://eth.llamarpc.com/:0
[ 1943727ms] [ERROR] Failed to load resource: the server responded with a status of 429 () @ https://eth.llamarpc.com/:0
[ 1978523ms] [ERROR] Failed to load resource: the server responded with a status of 429 () @ https://eth.llamarpc.com/:0
[ 1995665ms] [ERROR] Failed to load resource: the server responded with a status of 429 () @ https://eth.llamarpc.com/:0
[ 1996060ms] [ERROR] Failed to load resource: the server responded with a status of 429 () @ https://eth.llamarpc.com/:0
[ 1996610ms] [ERROR] Failed to load resource: the server responded with a status of 429 () @ https://eth.llamarpc.com/:0
[ 2002981ms] [ERROR] Failed to load resource: the server responded with a status of 429 () @ https://eth.llamarpc.com/:0
[ 2003377ms] [ERROR] Failed to load resource: the server responded with a status of 429 () @ https://eth.llamarpc.com/:0
[ 2003919ms] [ERROR] Failed to load resource: the server responded with a status of 429 () @ https://eth.llamarpc.com/:0
[ 2005160ms] [ERROR] Failed to load resource: the server responded with a status of 429 () @ https://eth.llamarpc.com/:0
[ 2028771ms] [ERROR] Failed to load resource: the server responded with a status of 429 () @ https://eth.llamarpc.com/:0
[ 2029162ms] [ERROR] Failed to load resource: the server responded with a status of 429 () @ https://eth.llamarpc.com/:0
[ 2029703ms] [ERROR] Failed to load resource: the server responded with a status of 429 () @ https://eth.llamarpc.com/:0
[ 2054820ms] [ERROR] Failed to load resource: the server responded with a status of 429 () @ https://eth.llamarpc.com/:0
[ 2112367ms] [ERROR] Failed to load resource: the server responded with a status of 429 () @ https://eth.llamarpc.com/:0
[ 2112761ms] [ERROR] Failed to load resource: the server responded with a status of 429 () @ https://eth.llamarpc.com/:0
[ 2135394ms] [ERROR] Failed to load resource: the server responded with a status of 429 () @ https://eth.llamarpc.com/:0
[ 2135788ms] [ERROR] Failed to load resource: the server responded with a status of 429 () @ https://eth.llamarpc.com/:0
[ 2185202ms] [ERROR] Failed to load resource: the server responded with a status of 429 () @ https://eth.llamarpc.com/:0
[ 2202655ms] [ERROR] Failed to load resource: the server responded with a status of 429 () @ https://eth.llamarpc.com/:0
[ 2225283ms] [ERROR] Failed to load resource: the server responded with a status of 429 () @ https://eth.llamarpc.com/:0
[ 2225673ms] [ERROR] Failed to load resource: the server responded with a status of 429 () @ https://eth.llamarpc.com/:0
[ 2226214ms] [ERROR] Failed to load resource: the server responded with a status of 429 () @ https://eth.llamarpc.com/:0
[ 2227057ms] [ERROR] Failed to load resource: the server responded with a status of 429 () @ https://eth.llamarpc.com/:0
[ 2251635ms] [ERROR] Failed to load resource: the server responded with a status of 429 () @ https://eth.llamarpc.com/:0
[ 2257584ms] [ERROR] Failed to load resource: the server responded with a status of 429 () @ https://eth.llamarpc.com/:0
[ 2263457ms] [ERROR] Failed to load resource: the server responded with a status of 429 () @ https://eth.llamarpc.com/:0
[ 2291715ms] [ERROR] Failed to load resource: the server responded with a status of 429 () @ https://eth.llamarpc.com/:0
[ 2292107ms] [ERROR] Failed to load resource: the server responded with a status of 429 () @ https://eth.llamarpc.com/:0
[ 2292648ms] [ERROR] Failed to load resource: the server responded with a status of 429 () @ https://eth.llamarpc.com/:0
[ 2293488ms] [ERROR] Failed to load resource: the server responded with a status of 429 () @ https://eth.llamarpc.com/:0
[ 2311204ms] [ERROR] Failed to load resource: the server responded with a status of 429 () @ https://eth.llamarpc.com/:0
[ 2322573ms] [ERROR] Failed to load resource: the server responded with a status of 429 () @ https://eth.llamarpc.com/:0
[ 2329143ms] [ERROR] Failed to load resource: the server responded with a status of 429 () @ https://eth.llamarpc.com/:0
[ 2342153ms] [ERROR] Failed to load resource: the server responded with a status of 429 () @ https://eth.llamarpc.com/:0
[ 2342550ms] [ERROR] Failed to load resource: the server responded with a status of 429 () @ https://eth.llamarpc.com/:0
[ 2348597ms] [ERROR] Failed to load resource: the server responded with a status of 429 () @ https://eth.llamarpc.com/:0
[ 2366066ms] [ERROR] Failed to load resource: the server responded with a status of 429 () @ https://eth.llamarpc.com/:0
[ 2366455ms] [ERROR] Failed to load resource: the server responded with a status of 429 () @ https://eth.llamarpc.com/:0
[ 2366998ms] [ERROR] Failed to load resource: the server responded with a status of 429 () @ https://eth.llamarpc.com/:0
[ 2401301ms] [ERROR] Failed to load resource: the server responded with a status of 429 () @ https://eth.llamarpc.com/:0
[ 2401694ms] [ERROR] Failed to load resource: the server responded with a status of 429 () @ https://eth.llamarpc.com/:0
[ 2402235ms] [ERROR] Failed to load resource: the server responded with a status of 429 () @ https://eth.llamarpc.com/:0
[ 2423321ms] [ERROR] Failed to load resource: the server responded with a status of 429 () @ https://eth.llamarpc.com/:0
[ 2435326ms] [ERROR] Failed to load resource: the server responded with a status of 429 () @ https://eth.llamarpc.com/:0
[ 2462495ms] [ERROR] Failed to load resource: the server responded with a status of 429 () @ https://eth.llamarpc.com/:0
[ 2468421ms] [ERROR] Failed to load resource: the server responded with a status of 429 () @ https://eth.llamarpc.com/:0
[ 2474345ms] [ERROR] Failed to load resource: the server responded with a status of 429 () @ https://eth.llamarpc.com/:0
[ 2474748ms] [ERROR] Failed to load resource: the server responded with a status of 429 () @ https://eth.llamarpc.com/:0
[ 2524879ms] [ERROR] Failed to load resource: the server responded with a status of 429 () @ https://eth.llamarpc.com/:0
[ 2530801ms] [ERROR] Failed to load resource: the server responded with a status of 429 () @ https://eth.llamarpc.com/:0
[ 2542210ms] [ERROR] Failed to load resource: the server responded with a status of 429 () @ https://eth.llamarpc.com/:0
[ 2542617ms] [ERROR] Failed to load resource: the server responded with a status of 429 () @ https://eth.llamarpc.com/:0
[ 2554238ms] [ERROR] Failed to load resource: the server responded with a status of 429 () @ https://eth.llamarpc.com/:0
[ 2554639ms] [ERROR] Failed to load resource: the server responded with a status of 429 () @ https://eth.llamarpc.com/:0
[ 2555198ms] [ERROR] Failed to load resource: the server responded with a status of 429 () @ https://eth.llamarpc.com/:0
[ 2556048ms] [ERROR] Failed to load resource: the server responded with a status of 429 () @ https://eth.llamarpc.com/:0
[ 2557300ms] [ERROR] Failed to load resource: the server responded with a status of 429 () @ https://eth.llamarpc.com/:0
[ 2557700ms] [ERROR] Failed to load resource: the server responded with a status of 429 () @ https://eth.llamarpc.com/:0
[ 2558251ms] [ERROR] Failed to load resource: the server responded with a status of 429 () @ https://eth.llamarpc.com/:0
[ 2586707ms] [ERROR] Access to fetch at 'https://eth.llamarpc.com/' from origin 'https://ecom.dextrade.com' has been blocked by CORS policy: No 'Access-Control-Allow-Origin' header is present on the requested resource. @ https://ecom.dextrade.com/6425cbaa-77a6-4202-b473-d7ea8efe8c2f-3e13b4340320914504e2bfe9a25f2435:0
[ 2586707ms] [ERROR] Failed to load resource: net::ERR_FAILED @ https://eth.llamarpc.com/:0
[ 2627399ms] [ERROR] Failed to load resource: the server responded with a status of 429 () @ https://eth.llamarpc.com/:0
[ 2627800ms] [ERROR] Failed to load resource: the server responded with a status of 429 () @ https://eth.llamarpc.com/:0
[ 2628357ms] [ERROR] Failed to load resource: the server responded with a status of 429 () @ https://eth.llamarpc.com/:0
[ 2634724ms] [ERROR] Failed to load resource: the server responded with a status of 429 () @ https://eth.llamarpc.com/:0
[ 2635126ms] [ERROR] Failed to load resource: the server responded with a status of 429 () @ https://eth.llamarpc.com/:0
[ 2641750ms] [ERROR] Failed to load resource: the server responded with a status of 429 () @ https://eth.llamarpc.com/:0
[ 2659163ms] [ERROR] Failed to load resource: the server responded with a status of 429 () @ https://eth.llamarpc.com/:0
[ 2659564ms] [ERROR] Failed to load resource: the server responded with a status of 429 () @ https://eth.llamarpc.com/:0
[ 2687664ms] [ERROR] Failed to load resource: the server responded with a status of 429 () @ https://eth.llamarpc.com/:0
[ 2699092ms] [ERROR] Failed to load resource: the server responded with a status of 429 () @ https://eth.llamarpc.com/:0
[ 2710952ms] [ERROR] Failed to load resource: the server responded with a status of 429 () @ https://eth.llamarpc.com/:0
[ 2711351ms] [ERROR] Failed to load resource: the server responded with a status of 429 () @ https://eth.llamarpc.com/:0
[ 2713165ms] [ERROR] Failed to load resource: the server responded with a status of 429 () @ https://eth.llamarpc.com/:0
[ 2714081ms] [ERROR] Failed to load resource: the server responded with a status of 429 () @ https://eth.llamarpc.com/:0
[ 2714973ms] [ERROR] Failed to load resource: the server responded with a status of 429 () @ https://eth.llamarpc.com/:0
[ 2753998ms] [ERROR] Failed to load resource: the server responded with a status of 429 () @ https://eth.llamarpc.com/:0
[ 2765462ms] [ERROR] Failed to load resource: the server responded with a status of 429 () @ https://eth.llamarpc.com/:0
[ 2782399ms] [ERROR] Failed to load resource: the server responded with a status of 429 () @ https://eth.llamarpc.com/:0
[ 2782802ms] [ERROR] Failed to load resource: the server responded with a status of 429 () @ https://eth.llamarpc.com/:0
[ 2783351ms] [ERROR] Failed to load resource: the server responded with a status of 429 () @ https://eth.llamarpc.com/:0
[ 2795865ms] [ERROR] Failed to load resource: the server responded with a status of 429 () @ https://eth.llamarpc.com/:0
[ 2801817ms] [ERROR] Failed to load resource: the server responded with a status of 429 () @ https://eth.llamarpc.com/:0
[ 2802212ms] [ERROR] Failed to load resource: the server responded with a status of 429 () @ https://eth.llamarpc.com/:0
[ 2819228ms] [ERROR] Failed to load resource: the server responded with a status of 429 () @ https://eth.llamarpc.com/:0
[ 2830779ms] [ERROR] Failed to load resource: the server responded with a status of 429 () @ https://eth.llamarpc.com/:0
[ 2831182ms] [ERROR] Failed to load resource: the server responded with a status of 429 () @ https://eth.llamarpc.com/:0
[ 2837505ms] [ERROR] Failed to load resource: the server responded with a status of 429 () @ https://eth.llamarpc.com/:0
[ 2848899ms] [ERROR] Failed to load resource: the server responded with a status of 429 () @ https://eth.llamarpc.com/:0
[ 2849286ms] [ERROR] Failed to load resource: the server responded with a status of 429 () @ https://eth.llamarpc.com/:0
[ 2861328ms] [ERROR] Failed to load resource: the server responded with a status of 429 () @ https://eth.llamarpc.com/:0
[ 2872769ms] [ERROR] Access to fetch at 'https://eth.llamarpc.com/' from origin 'https://ecom.dextrade.com' has been blocked by CORS policy: No 'Access-Control-Allow-Origin' header is present on the requested resource. @ https://ecom.dextrade.com/6425cbaa-77a6-4202-b473-d7ea8efe8c2f-3e13b4340320914504e2bfe9a25f2435:0
[ 2872770ms] [ERROR] Failed to load resource: net::ERR_FAILED @ https://eth.llamarpc.com/:0
[ 2878653ms] [ERROR] Failed to load resource: the server responded with a status of 429 () @ https://eth.llamarpc.com/:0
[ 2884602ms] [ERROR] Failed to load resource: the server responded with a status of 429 () @ https://eth.llamarpc.com/:0
[ 2890521ms] [ERROR] Failed to load resource: the server responded with a status of 429 () @ https://eth.llamarpc.com/:0
[ 2890916ms] [ERROR] Failed to load resource: the server responded with a status of 429 () @ https://eth.llamarpc.com/:0
[ 2891461ms] [ERROR] Failed to load resource: the server responded with a status of 429 () @ https://eth.llamarpc.com/:0
[ 2904650ms] [ERROR] Failed to load resource: the server responded with a status of 429 () @ https://eth.llamarpc.com/:0
[ 2905032ms] [ERROR] Failed to load resource: the server responded with a status of 429 () @ https://eth.llamarpc.com/:0
[ 2922139ms] [ERROR] Failed to load resource: the server responded with a status of 429 () @ https://eth.llamarpc.com/:0
[ 2940584ms] [ERROR] Failed to load resource: the server responded with a status of 429 () @ https://eth.llamarpc.com/:0
[ 2940980ms] [ERROR] Failed to load resource: the server responded with a status of 429 () @ https://eth.llamarpc.com/:0
[ 2974705ms] [ERROR] Failed to load resource: the server responded with a status of 429 () @ https://eth.llamarpc.com/:0
[ 2975098ms] [ERROR] Failed to load resource: the server responded with a status of 429 () @ https://eth.llamarpc.com/:0
[ 2976943ms] [ERROR] Failed to load resource: the server responded with a status of 429 () @ https://eth.llamarpc.com/:0
[ 2977344ms] [ERROR] Failed to load resource: the server responded with a status of 429 () @ https://eth.llamarpc.com/:0
[ 2977897ms] [ERROR] Failed to load resource: the server responded with a status of 429 () @ https://eth.llamarpc.com/:0
[ 3000785ms] [ERROR] Failed to load resource: the server responded with a status of 429 () @ https://eth.llamarpc.com/:0
[ 3001185ms] [ERROR] Failed to load resource: the server responded with a status of 429 () @ https://eth.llamarpc.com/:0
[ 3034716ms] [ERROR] Failed to load resource: the server responded with a status of 429 () @ https://eth.llamarpc.com/:0
[ 3035183ms] [ERROR] Failed to load resource: the server responded with a status of 429 () @ https://eth.llamarpc.com/:0
[ 3046953ms] [ERROR] Failed to load resource: the server responded with a status of 429 () @ https://eth.llamarpc.com/:0
[ 3078662ms] [ERROR] Failed to load resource: the server responded with a status of 429 () @ https://eth.llamarpc.com/:0
[ 3084547ms] [ERROR] Failed to load resource: the server responded with a status of 429 () @ https://eth.llamarpc.com/:0
[ 3084930ms] [ERROR] Failed to load resource: the server responded with a status of 429 () @ https://eth.llamarpc.com/:0
[ 3085462ms] [ERROR] Failed to load resource: the server responded with a status of 429 () @ https://eth.llamarpc.com/:0
[ 3086299ms] [ERROR] Failed to load resource: the server responded with a status of 429 () @ https://eth.llamarpc.com/:0
[ 3093011ms] [ERROR] Failed to load resource: the server responded with a status of 429 () @ https://eth.llamarpc.com/:0
[ 3093407ms] [ERROR] Failed to load resource: the server responded with a status of 429 () @ https://eth.llamarpc.com/:0
[ 3093950ms] [ERROR] Failed to load resource: the server responded with a status of 429 () @ https://eth.llamarpc.com/:0
[ 3094789ms] [ERROR] Failed to load resource: the server responded with a status of 429 () @ https://eth.llamarpc.com/:0
[ 3096026ms] [ERROR] Failed to load resource: the server responded with a status of 429 () @ https://eth.llamarpc.com/:0
[ 3096412ms] [ERROR] Failed to load resource: the server responded with a status of 429 () @ https://eth.llamarpc.com/:0
[ 3096951ms] [ERROR] Failed to load resource: the server responded with a status of 429 () @ https://eth.llamarpc.com/:0
[ 3103257ms] [ERROR] Failed to load resource: the server responded with a status of 429 () @ https://eth.llamarpc.com/:0
[ 3103641ms] [ERROR] Failed to load resource: the server responded with a status of 429 () @ https://eth.llamarpc.com/:0
[ 3109670ms] [ERROR] Failed to load resource: the server responded with a status of 429 () @ https://eth.llamarpc.com/:0
[ 3110064ms] [ERROR] Failed to load resource: the server responded with a status of 429 () @ https://eth.llamarpc.com/:0
[ 3132597ms] [ERROR] Failed to load resource: the server responded with a status of 429 () @ https://eth.llamarpc.com/:0
[ 3132994ms] [ERROR] Failed to load resource: the server responded with a status of 429 () @ https://eth.llamarpc.com/:0
[ 3139034ms] [ERROR] Failed to load resource: the server responded with a status of 429 () @ https://eth.llamarpc.com/:0
[ 3146070ms] [ERROR] Failed to load resource: the server responded with a status of 429 () @ https://eth.llamarpc.com/:0
