[    4548ms] [ERROR] Connecting to 'https://collector-pxm6kav5mu.perimeterx.net/api/v1/collector' violates the following Content Security Policy directive: "connect-src 'self' https://px-cdn.net https://*.px-cdn.net https://px-cloud.net https://*.px-cloud.net https://pxchk.net https://*.pxchk.net https://px-client.net https://*.px-client.net https://errors.stripe.com". The action has been blocked. @ https://b.stripecdn.com/stripethirdparty-srv/assets/v32.0/vendors~AddressAutocomplete~AffirmInContext~AfterpayInContext~AmazonPayButton~ApplePay~Arkose~Arkose~daedefc0.dbeca930e1d74334cc68.bundle.js:15
[    5424ms] [WARNING] [.WebGL-0x20c000a7e00]GL Driver Message (OpenGL, Performance, GL_CLOSE_PATH_NV, High): GPU stall due to ReadPixels @ https://newassets.hcaptcha.com/captcha/v1/5ea3feff9cf1292d7051510930d98c4719f64575/static/hcaptcha.html#frame=challenge&id=0230xjonur1t&host=dashboard.stripe.com&sentry=true&reportapi=https%3A%2F%2Faccounts.hcaptcha.com&recaptchacompat=off&custom=false&hl=en&tplinks=on&andint=off&pstissuer=https%3A%2F%2Fpst-issuer.hcaptcha.com&sitekey=ba52081d-da1f-466c-afa2-75aabdc729a7&size=invisible&theme=light&origin=https%3A%2F%2Fdashboard.stripe.com:0
[   13897ms] [WARNING] The resource https://b.stripecdn.com/dashboard-fe-statics-srv/assets/img/login/wave-palette.002b1d65.png was preloaded using link preload but not used within a few seconds from the window's load event. Please make sure it has an appropriate `as` value and it is preloaded intentionally. @ https://dashboard.stripe.com/login:0
[   17132ms] [WARNING] The resource https://b.stripecdn.com/dashboard-fe-statics-srv/assets/img/login/wave-palette.002b1d65.png was preloaded using link preload but not used within a few seconds from the window's load event. Please make sure it has an appropriate `as` value and it is preloaded intentionally. @ https://dashboard.stripe.com/login:0
[   23609ms] [WARNING] The resource https://b.stripecdn.com/dashboard-fe-statics-srv/assets/img/login/wave-palette.002b1d65.png was preloaded using link preload but not used within a few seconds from the window's load event. Please make sure it has an appropriate `as` value and it is preloaded intentionally. @ https://dashboard.stripe.com/login:0
[   26613ms] [WARNING] The resource https://b.stripecdn.com/dashboard-fe-statics-srv/assets/img/login/wave-palette.002b1d65.png was preloaded using link preload but not used within a few seconds from the window's load event. Please make sure it has an appropriate `as` value and it is preloaded intentionally. @ https://dashboard.stripe.com/login:0
[   36420ms] [ERROR] Framing 'https://marketplace.stripe.com/' violates the following Content Security Policy directive: "frame-ancestors 'self'". The request has been blocked.
 @ :0
[   36492ms] [ERROR] Framing 'https://docs.stripe.com/' violates the following Content Security Policy directive: "frame-ancestors 'self' https://docs-edit.corp.stripe.com https://markdraft.corp.stripe.com". The request has been blocked.
 @ :0
[   36492ms] [ERROR] Framing 'https://docs.stripe.com/' violates the following report-only Content Security Policy directive: "frame-ancestors 'self' https://docs-edit.corp.stripe.com https://markdraft.corp.stripe.com". The violation has been logged, but no further action has been taken.
 @ :0
[   36942ms] [ERROR] Framing 'https://stripe.com/' violates the following Content Security Policy directive: "frame-ancestors 'self' https://app.contentful.com". The request has been blocked.
 @ :0
[   41565ms] [ERROR] Framing 'https://stripe.com/' violates the following Content Security Policy directive: "frame-ancestors 'self' https://app.contentful.com". The request has been blocked.
 @ :0
[   41599ms] [ERROR] Framing 'https://docs.stripe.com/' violates the following Content Security Policy directive: "frame-ancestors 'self' https://docs-edit.corp.stripe.com https://markdraft.corp.stripe.com". The request has been blocked.
 @ :0
[   41600ms] [ERROR] Framing 'https://docs.stripe.com/' violates the following report-only Content Security Policy directive: "frame-ancestors 'self' https://docs-edit.corp.stripe.com https://markdraft.corp.stripe.com". The violation has been logged, but no further action has been taken.
 @ :0
[   41607ms] [ERROR] Framing 'https://marketplace.stripe.com/' violates the following Content Security Policy directive: "frame-ancestors 'self'". The request has been blocked.
 @ :0
[   41980ms] [ERROR] Failed to load resource: the server responded with a status of 404 () @ https://dashboard.stripe.com/v1/profiles?include_only%5B%5D=id%2Cusername%2Cdisplay_name%2Cdescription%2Curl%2Cemail%2Cphone%2Clivemode%2Cvisibility%2Cobject%2Caddress.line1%2Caddress.line2%2Caddress.city%2Caddress.state%2Caddress.postal_code%2Caddress.country%2Cbranding.icon.original%2Cbranding.logo.original%2Cbranding.primary_color%2Cbranding.secondary_color:0
[   43321ms] [WARNING] [.WebGL-0x20c000aba00]GL Driver Message (OpenGL, Performance, GL_CLOSE_PATH_NV, High): GPU stall due to ReadPixels @ https://newassets.hcaptcha.com/captcha/v1/5ea3feff9cf1292d7051510930d98c4719f64575/static/hcaptcha.html#frame=challenge&id=0tgnen99q8zr&host=dashboard.stripe.com&sentry=true&reportapi=https%3A%2F%2Faccounts.hcaptcha.com&recaptchacompat=true&custom=false&hl=en&tplinks=on&andint=off&pstissuer=https%3A%2F%2Fpst-issuer.hcaptcha.com&sitekey=85627abe-bb70-4686-87d4-8d3136ffa04c&size=invisible&theme=light&origin=https%3A%2F%2Fdashboard.stripe.com:0
[   44336ms] [ERROR] Access to fetch at 'https://r.stripe.com/0' from origin 'https://dashboard.stripe.com' has been blocked by CORS policy: No 'Access-Control-Allow-Origin' header is present on the requested resource. @ https://dashboard.stripe.com/conversations/acct_1SevMu2OmoP8IYki/widget?audience=stripe&entrypoint=dashboard&requires_session=1&expected_merchant=acct_1SevMu2OmoP8IYki&expected_user=usr_Tc9gpIzLhjx5pJ&referrerLocale=en-US&livemode=false&view_mode=minimal:0
[   44336ms] [ERROR] Failed to load resource: net::ERR_FAILED @ https://r.stripe.com/0:0
[   52612ms] [ERROR] Failed to load resource: the server responded with a status of 404 () @ https://dashboard.stripe.com/v1/profiles?include_only%5B%5D=id%2Cusername%2Cdisplay_name%2Cdescription%2Curl%2Cemail%2Cphone%2Clivemode%2Cvisibility%2Cobject%2Caddress.line1%2Caddress.line2%2Caddress.city%2Caddress.state%2Caddress.postal_code%2Caddress.country%2Cbranding.icon.original%2Cbranding.logo.original%2Cbranding.primary_color%2Cbranding.secondary_color:0
[   53666ms] [WARNING] [.WebGL-0x20c000aba00]GL Driver Message (OpenGL, Performance, GL_CLOSE_PATH_NV, High): GPU stall due to ReadPixels @ https://newassets.hcaptcha.com/captcha/v1/5ea3feff9cf1292d7051510930d98c4719f64575/static/hcaptcha.html#frame=challenge&id=0vh74rf6oy2c&host=dashboard.stripe.com&sentry=true&reportapi=https%3A%2F%2Faccounts.hcaptcha.com&recaptchacompat=true&custom=false&hl=en&tplinks=on&andint=off&pstissuer=https%3A%2F%2Fpst-issuer.hcaptcha.com&sitekey=85627abe-bb70-4686-87d4-8d3136ffa04c&size=invisible&theme=light&origin=https%3A%2F%2Fdashboard.stripe.com:0
[   54580ms] [ERROR] Access to fetch at 'https://r.stripe.com/0' from origin 'https://dashboard.stripe.com' has been blocked by CORS policy: No 'Access-Control-Allow-Origin' header is present on the requested resource. @ https://dashboard.stripe.com/conversations/acct_1SevN6RyqLxL7OzU/widget?audience=stripe&entrypoint=dashboard&requires_session=1&expected_merchant=acct_1SevN6RyqLxL7OzU&expected_user=usr_Tc9gpIzLhjx5pJ&referrerLocale=en-US&livemode=false&view_mode=minimal:0
[   54581ms] [ERROR] Failed to load resource: net::ERR_FAILED @ https://r.stripe.com/0:0
