[   72906ms] [ERROR] Failed to load resource: the server responded with a status of 403 () @ https://eautunskvehlwwlxdsjd.supabase.co/auth/v1/verify:0
[  133898ms] [ERROR] Failed to load resource: the server responded with a status of 400 () @ https://genexpep.com/_next/image?url=%2Fproducts%2F5-amino.png&w=640&q=75:0
[  133905ms] [ERROR] Failed to load resource: the server responded with a status of 400 () @ https://genexpep.com/_next/image?url=%2Fproducts%2Faod.png&w=640&q=75:0
[  133916ms] [ERROR] Failed to load resource: the server responded with a status of 400 () @ https://genexpep.com/_next/image?url=%2Fproducts%2Fbac-water.png&w=640&q=75:0
[  133935ms] [ERROR] Failed to load resource: the server responded with a status of 400 () @ https://genexpep.com/_next/image?url=%2Fproducts%2Fcjc.png&w=640&q=75:0
[  133950ms] [ERROR] Failed to load resource: the server responded with a status of 400 () @ https://genexpep.com/_next/image?url=%2Fproducts%2Fbpc157.png&w=640&q=75:0
[  133951ms] [ERROR] Failed to load resource: the server responded with a status of 400 () @ https://genexpep.com/_next/image?url=%2Fproducts%2Fbb.png&w=640&q=75:0
[  133966ms] [ERROR] Failed to load resource: the server responded with a status of 400 () @ https://genexpep.com/_next/image?url=%2Fproducts%2Fcjc-dac.png&w=640&q=75:0
[  133972ms] [ERROR] Failed to load resource: the server responded with a status of 400 () @ https://genexpep.com/_next/image?url=%2Fproducts%2Fcjcipa.png&w=640&q=75:0
[  134012ms] [ERROR] Failed to load resource: the server responded with a status of 400 () @ https://genexpep.com/_next/image?url=%2Fproducts%2Fcagrilintide.png&w=640&q=75:0
[  134015ms] [ERROR] Failed to load resource: the server responded with a status of 400 () @ https://genexpep.com/_next/image?url=%2Fproducts%2Fcerebro.png&w=640&q=75:0
[  134017ms] [ERROR] Failed to load resource: the server responded with a status of 400 () @ https://genexpep.com/_next/image?url=%2Fproducts%2Fepithalon.png&w=640&q=75:0
[  134020ms] [ERROR] Failed to load resource: the server responded with a status of 400 () @ https://genexpep.com/_next/image?url=%2Fproducts%2Fdsip.png&w=640&q=75:0
[  134034ms] [ERROR] Failed to load resource: the server responded with a status of 400 () @ https://genexpep.com/_next/image?url=%2Fproducts%2Fghkcu.png&w=640&q=75:0
[  134044ms] [ERROR] Failed to load resource: the server responded with a status of 400 () @ https://genexpep.com/_next/image?url=%2Fproducts%2Fghrp2.png&w=640&q=75:0
[  134126ms] [ERROR] Failed to load resource: the server responded with a status of 400 () @ https://genexpep.com/_next/image?url=%2Fproducts%2Fglow.png&w=640&q=75:0
[  134134ms] [ERROR] Failed to load resource: the server responded with a status of 400 () @ https://genexpep.com/_next/image?url=%2Fproducts%2Fghrp6.png&w=640&q=75:0
[  239955ms] [ERROR] Failed to load resource: the server responded with a status of 400 () @ https://genexpep.com/_next/image?url=%2Fproducts%2F5-amino.png&w=640&q=75:0
[  239956ms] [ERROR] Failed to load resource: the server responded with a status of 400 () @ https://genexpep.com/_next/image?url=%2Fproducts%2Faod.png&w=640&q=75:0
[  239965ms] [ERROR] Failed to load resource: the server responded with a status of 400 () @ https://genexpep.com/_next/image?url=%2Fproducts%2Fbb.png&w=640&q=75:0
[  239975ms] [ERROR] Failed to load resource: the server responded with a status of 400 () @ https://genexpep.com/_next/image?url=%2Fproducts%2Fcjc.png&w=640&q=75:0
[  239990ms] [ERROR] Failed to load resource: the server responded with a status of 400 () @ https://genexpep.com/_next/image?url=%2Fproducts%2Fbpc157.png&w=640&q=75:0
[  239997ms] [ERROR] Failed to load resource: the server responded with a status of 400 () @ https://genexpep.com/_next/image?url=%2Fproducts%2Fbac-water.png&w=640&q=75:0
[  240094ms] [ERROR] Failed to load resource: the server responded with a status of 400 () @ https://genexpep.com/_next/image?url=%2Fproducts%2Fcjc-dac.png&w=640&q=75:0
[  240095ms] [ERROR] Failed to load resource: the server responded with a status of 400 () @ https://genexpep.com/_next/image?url=%2Fproducts%2Fdsip.png&w=640&q=75:0
[  240096ms] [ERROR] Failed to load resource: the server responded with a status of 400 () @ https://genexpep.com/_next/image?url=%2Fproducts%2Fepithalon.png&w=640&q=75:0
[  240097ms] [ERROR] Failed to load resource: the server responded with a status of 400 () @ https://genexpep.com/_next/image?url=%2Fproducts%2Fghkcu.png&w=640&q=75:0
[  240097ms] [ERROR] Failed to load resource: the server responded with a status of 400 () @ https://genexpep.com/_next/image?url=%2Fproducts%2Fcerebro.png&w=640&q=75:0
[  240098ms] [ERROR] Failed to load resource: the server responded with a status of 400 () @ https://genexpep.com/_next/image?url=%2Fproducts%2Fcagrilintide.png&w=640&q=75:0
[  240099ms] [ERROR] Failed to load resource: the server responded with a status of 400 () @ https://genexpep.com/_next/image?url=%2Fproducts%2Fghrp2.png&w=640&q=75:0
[  240099ms] [ERROR] Failed to load resource: the server responded with a status of 400 () @ https://genexpep.com/_next/image?url=%2Fproducts%2Fghrp6.png&w=640&q=75:0
[  240101ms] [ERROR] Failed to load resource: the server responded with a status of 400 () @ https://genexpep.com/_next/image?url=%2Fproducts%2Fglow.png&w=640&q=75:0
[  240403ms] [ERROR] Failed to load resource: the server responded with a status of 400 () @ https://genexpep.com/_next/image?url=%2Fproducts%2Fcjcipa.png&w=640&q=75:0
[  242642ms] [ERROR] Failed to load resource: the server responded with a status of 404 () @ https://genexpep.com/favicon.ico:0
[  395209ms] [ERROR] Failed to load resource: the server responded with a status of 400 () @ https://genexpep.com/_next/image?url=%2Fproducts%2Fbac-water.png&w=640&q=75:0
[  617285ms] [ERROR] Failed to load resource: the server responded with a status of 400 () @ https://genexpep.com/_next/image?url=%2Fproducts%2Fbac-water.png&w=640&q=75:0
