[    1160ms] [ERROR] Failed to load resource: the server responded with a status of 403 () @ https://dash.cloudflare.com/api/v4/ztx-bff/users/session:0
[    1160ms] [ERROR] Failed to load resource: the server responded with a status of 403 () @ https://dash.cloudflare.com/api/v4/user/communication_preferences:0
[    1214ms] [ERROR] Failed to load resource: the server responded with a status of 403 () @ https://dash.cloudflare.com/api/v4/accounts/:0
[    1214ms] [ERROR] Failed to load resource: the server responded with a status of 403 () @ https://dash.cloudflare.com/api/v4/user:0
[    1281ms] [ERROR] Failed to load resource: the server responded with a status of 403 () @ https://dash.cloudflare.com/api/v4/persistence/user:0
[    1318ms] [ERROR] Failed to load resource: the server responded with a status of 403 () @ https://dash.cloudflare.com/api/v4/user/iam/policies:0
[    1623ms] [ERROR] Failed to load resource: the server responded with a status of 403 () @ https://dash.cloudflare.com/api/v4/user:0
[    1641ms] Transition was skipped
[    1653ms] [ERROR] Failed to load resource: the server responded with a status of 403 () @ https://dash.cloudflare.com/api/v4/accounts?per_page=10&page=1:0
[    1822ms] [ERROR] Failed to load resource: the server responded with a status of 403 () @ https://dash.cloudflare.com/api/v4/ztx-bff/users/engagement:0
[    1897ms] [ERROR] Failed to load resource: the server responded with a status of 403 () @ https://dash.cloudflare.com/api/v4/user:0
[    1903ms] Transition was skipped
[    2193ms] [ERROR] Failed to load resource: the server responded with a status of 403 () @ https://dash.cloudflare.com/api/v4/user:0
[    2201ms] Transition was skipped
[    6390ms] [ERROR] Failed to load resource: the server responded with a status of 401 () @ https://challenges.cloudflare.com/cdn-cgi/challenge-platform/h/g/pat/9e14c5422cdace3d/1774345815644/9820726dbc183e95bd78e3973bfd9de56c94040403393997e0293793a42aebf5/ZjXYndVwfu2cO7h:0
[    6425ms] [ERROR]  Note that 'script-src' was not explicitly set, so 'default-src' is used as a fallback. @ https://challenges.cloudflare.com/cdn-cgi/challenge-platform/h/g/turnstile/f/ov2/av0/rch/gywym/0x4AAAAAAAJel0iaAR3mgkjp/light/fbE/new/flexible?lang=auto:0
[    6543ms] [ERROR] %c%d font-size:0;color:transparent NaN @ https://challenges.cloudflare.com/cdn-cgi/challenge-platform/h/g/turnstile/f/ov2/av0/rch/gywym/0x4AAAAAAAJel0iaAR3mgkjp/light/fbE/new/flexible?lang=auto:0
[    6543ms] [ERROR] %c%d font-size:0;color:transparent NaN @ https://challenges.cloudflare.com/cdn-cgi/challenge-platform/h/g/turnstile/f/ov2/av0/rch/gywym/0x4AAAAAAAJel0iaAR3mgkjp/light/fbE/new/flexible?lang=auto:0
[    6544ms] [WARNING] %c%d font-size:0;color:transparent NaN @ https://challenges.cloudflare.com/cdn-cgi/challenge-platform/h/g/turnstile/f/ov2/av0/rch/gywym/0x4AAAAAAAJel0iaAR3mgkjp/light/fbE/new/flexible?lang=auto:0
[    6544ms] [WARNING] %c%d font-size:0;color:transparent NaN @ https://challenges.cloudflare.com/cdn-cgi/challenge-platform/h/g/turnstile/f/ov2/av0/rch/gywym/0x4AAAAAAAJel0iaAR3mgkjp/light/fbE/new/flexible?lang=auto:0
[    6777ms] [WARNING] No available adapters. @ https://challenges.cloudflare.com/cdn-cgi/challenge-platform/h/g/turnstile/f/ov2/av0/rch/gywym/0x4AAAAAAAJel0iaAR3mgkjp/light/fbE/new/flexible?lang=auto:0
[    9995ms] [WARNING] The resource https://challenges.cloudflare.com/cdn-cgi/challenge-platform/h/g/cmg/1 was preloaded using link preload but not used within a few seconds from the window's load event. Please make sure it has an appropriate `as` value and it is preloaded intentionally. @ https://challenges.cloudflare.com/cdn-cgi/challenge-platform/h/g/turnstile/f/ov2/av0/rch/gywym/0x4AAAAAAAJel0iaAR3mgkjp/light/fbE/new/flexible?lang=auto:0
[  127634ms] [ERROR]  Note that 'script-src' was not explicitly set, so 'default-src' is used as a fallback. @ https://challenges.cloudflare.com/cdn-cgi/challenge-platform/h/g/turnstile/f/ov2/av0/rch/gywym/0x4AAAAAAAJel0iaAR3mgkjp/light/fbE/api/flexible?lang=auto:0
[  127791ms] [ERROR] %c%d font-size:0;color:transparent NaN @ https://challenges.cloudflare.com/cdn-cgi/challenge-platform/h/g/turnstile/f/ov2/av0/rch/gywym/0x4AAAAAAAJel0iaAR3mgkjp/light/fbE/api/flexible?lang=auto:0
[  127791ms] [ERROR] %c%d font-size:0;color:transparent NaN @ https://challenges.cloudflare.com/cdn-cgi/challenge-platform/h/g/turnstile/f/ov2/av0/rch/gywym/0x4AAAAAAAJel0iaAR3mgkjp/light/fbE/api/flexible?lang=auto:0
[  127792ms] [WARNING] %c%d font-size:0;color:transparent NaN @ https://challenges.cloudflare.com/cdn-cgi/challenge-platform/h/g/turnstile/f/ov2/av0/rch/gywym/0x4AAAAAAAJel0iaAR3mgkjp/light/fbE/api/flexible?lang=auto:0
[  127792ms] [WARNING] %c%d font-size:0;color:transparent NaN @ https://challenges.cloudflare.com/cdn-cgi/challenge-platform/h/g/turnstile/f/ov2/av0/rch/gywym/0x4AAAAAAAJel0iaAR3mgkjp/light/fbE/api/flexible?lang=auto:0
[  127956ms] [ERROR] Failed to load resource: the server responded with a status of 401 () @ https://challenges.cloudflare.com/cdn-cgi/challenge-platform/h/g/pat/9e14c838dbb7e60e/1774345937133/bee85929af0fe02fb50a155072c49c6589b9cc182b60c46518d03b016ea170e0/18jlF6OELb_GV3R:0
[  128060ms] [WARNING] No available adapters. @ https://challenges.cloudflare.com/cdn-cgi/challenge-platform/h/g/turnstile/f/ov2/av0/rch/gywym/0x4AAAAAAAJel0iaAR3mgkjp/light/fbE/api/flexible?lang=auto:0
[  131270ms] [WARNING] The resource https://challenges.cloudflare.com/cdn-cgi/challenge-platform/h/g/cmg/1 was preloaded using link preload but not used within a few seconds from the window's load event. Please make sure it has an appropriate `as` value and it is preloaded intentionally. @ https://challenges.cloudflare.com/cdn-cgi/challenge-platform/h/g/turnstile/f/ov2/av0/rch/gywym/0x4AAAAAAAJel0iaAR3mgkjp/light/fbE/api/flexible?lang=auto:0
[  248981ms] [WARNING] No available adapters. @ https://challenges.cloudflare.com/cdn-cgi/challenge-platform/h/g/turnstile/f/ov2/av0/rch/gywym/0x4AAAAAAAJel0iaAR3mgkjp/light/fbE/api/flexible?lang=auto:0
[  249058ms] [ERROR]  Note that 'script-src' was not explicitly set, so 'default-src' is used as a fallback. @ https://challenges.cloudflare.com/cdn-cgi/challenge-platform/h/g/turnstile/f/ov2/av0/rch/gywym/0x4AAAAAAAJel0iaAR3mgkjp/light/fbE/api/flexible?lang=auto:0
[  249332ms] [ERROR] %c%d font-size:0;color:transparent NaN @ https://challenges.cloudflare.com/cdn-cgi/challenge-platform/h/g/turnstile/f/ov2/av0/rch/gywym/0x4AAAAAAAJel0iaAR3mgkjp/light/fbE/api/flexible?lang=auto:0
[  249333ms] [ERROR] %c%d font-size:0;color:transparent NaN @ https://challenges.cloudflare.com/cdn-cgi/challenge-platform/h/g/turnstile/f/ov2/av0/rch/gywym/0x4AAAAAAAJel0iaAR3mgkjp/light/fbE/api/flexible?lang=auto:0
[  249335ms] [WARNING] %c%d font-size:0;color:transparent NaN @ https://challenges.cloudflare.com/cdn-cgi/challenge-platform/h/g/turnstile/f/ov2/av0/rch/gywym/0x4AAAAAAAJel0iaAR3mgkjp/light/fbE/api/flexible?lang=auto:0
[  249335ms] [WARNING] %c%d font-size:0;color:transparent NaN @ https://challenges.cloudflare.com/cdn-cgi/challenge-platform/h/g/turnstile/f/ov2/av0/rch/gywym/0x4AAAAAAAJel0iaAR3mgkjp/light/fbE/api/flexible?lang=auto:0
[  249422ms] [ERROR] Failed to load resource: the server responded with a status of 401 () @ https://challenges.cloudflare.com/cdn-cgi/challenge-platform/h/g/pat/9e14cb2ebf7cce66/1774346058383/ca1c5f176fd637c6e738c242273e85727e455f1669152eb0aba5ed6c3a1ff3ca/5Cp092WwDaZKDCx:0
[  252655ms] [WARNING] The resource https://challenges.cloudflare.com/cdn-cgi/challenge-platform/h/g/cmg/1 was preloaded using link preload but not used within a few seconds from the window's load event. Please make sure it has an appropriate `as` value and it is preloaded intentionally. @ https://challenges.cloudflare.com/cdn-cgi/challenge-platform/h/g/turnstile/f/ov2/av0/rch/gywym/0x4AAAAAAAJel0iaAR3mgkjp/light/fbE/api/flexible?lang=auto:0
[  370356ms] [ERROR]  Note that 'script-src' was not explicitly set, so 'default-src' is used as a fallback. @ https://challenges.cloudflare.com/cdn-cgi/challenge-platform/h/g/turnstile/f/ov2/av0/rch/gywym/0x4AAAAAAAJel0iaAR3mgkjp/light/fbE/api/flexible?lang=auto:0
[  370521ms] [WARNING] No available adapters. @ https://challenges.cloudflare.com/cdn-cgi/challenge-platform/h/g/turnstile/f/ov2/av0/rch/gywym/0x4AAAAAAAJel0iaAR3mgkjp/light/fbE/api/flexible?lang=auto:0
[  370677ms] [ERROR] Failed to load resource: the server responded with a status of 401 () @ https://challenges.cloudflare.com/cdn-cgi/challenge-platform/h/g/pat/9e14ce257b05fda6/1774346179803/a4307cbc86c2404871a5e785d29aa8e30d0a3e4f04caa035b2cf7158455fc7a7/7opnrTedDmThY4Z:0
[  370806ms] [ERROR] %c%d font-size:0;color:transparent NaN @ https://challenges.cloudflare.com/cdn-cgi/challenge-platform/h/g/turnstile/f/ov2/av0/rch/gywym/0x4AAAAAAAJel0iaAR3mgkjp/light/fbE/api/flexible?lang=auto:0
[  370807ms] [ERROR] %c%d font-size:0;color:transparent NaN @ https://challenges.cloudflare.com/cdn-cgi/challenge-platform/h/g/turnstile/f/ov2/av0/rch/gywym/0x4AAAAAAAJel0iaAR3mgkjp/light/fbE/api/flexible?lang=auto:0
[  370808ms] [WARNING] %c%d font-size:0;color:transparent NaN @ https://challenges.cloudflare.com/cdn-cgi/challenge-platform/h/g/turnstile/f/ov2/av0/rch/gywym/0x4AAAAAAAJel0iaAR3mgkjp/light/fbE/api/flexible?lang=auto:0
[  370808ms] [WARNING] %c%d font-size:0;color:transparent NaN @ https://challenges.cloudflare.com/cdn-cgi/challenge-platform/h/g/turnstile/f/ov2/av0/rch/gywym/0x4AAAAAAAJel0iaAR3mgkjp/light/fbE/api/flexible?lang=auto:0
[  374056ms] [WARNING] The resource https://challenges.cloudflare.com/cdn-cgi/challenge-platform/h/g/cmg/1 was preloaded using link preload but not used within a few seconds from the window's load event. Please make sure it has an appropriate `as` value and it is preloaded intentionally. @ https://challenges.cloudflare.com/cdn-cgi/challenge-platform/h/g/turnstile/f/ov2/av0/rch/gywym/0x4AAAAAAAJel0iaAR3mgkjp/light/fbE/api/flexible?lang=auto:0
[  491771ms] [ERROR] %c%d font-size:0;color:transparent NaN @ https://challenges.cloudflare.com/cdn-cgi/challenge-platform/h/g/turnstile/f/ov2/av0/rch/gywym/0x4AAAAAAAJel0iaAR3mgkjp/light/fbE/api/flexible?lang=auto:0
[  491771ms] [ERROR] %c%d font-size:0;color:transparent NaN @ https://challenges.cloudflare.com/cdn-cgi/challenge-platform/h/g/turnstile/f/ov2/av0/rch/gywym/0x4AAAAAAAJel0iaAR3mgkjp/light/fbE/api/flexible?lang=auto:0
[  491773ms] [WARNING] %c%d font-size:0;color:transparent NaN @ https://challenges.cloudflare.com/cdn-cgi/challenge-platform/h/g/turnstile/f/ov2/av0/rch/gywym/0x4AAAAAAAJel0iaAR3mgkjp/light/fbE/api/flexible?lang=auto:0
[  491774ms] [WARNING] %c%d font-size:0;color:transparent NaN @ https://challenges.cloudflare.com/cdn-cgi/challenge-platform/h/g/turnstile/f/ov2/av0/rch/gywym/0x4AAAAAAAJel0iaAR3mgkjp/light/fbE/api/flexible?lang=auto:0
[  491882ms] [WARNING] No available adapters. @ https://challenges.cloudflare.com/cdn-cgi/challenge-platform/h/g/turnstile/f/ov2/av0/rch/gywym/0x4AAAAAAAJel0iaAR3mgkjp/light/fbE/api/flexible?lang=auto:0
[  492031ms] [ERROR] Failed to load resource: the server responded with a status of 401 () @ https://challenges.cloudflare.com/cdn-cgi/challenge-platform/h/g/pat/9e14d11c1d25fd9e/1774346301185/87513820c73a321908d92aeffea6d52a8ad7e82d2037e00aa41cc3b199fd4c33/06ooIabSdjhkSrG:0
[  492081ms] [ERROR]  Note that 'script-src' was not explicitly set, so 'default-src' is used as a fallback. @ https://challenges.cloudflare.com/cdn-cgi/challenge-platform/h/g/turnstile/f/ov2/av0/rch/gywym/0x4AAAAAAAJel0iaAR3mgkjp/light/fbE/api/flexible?lang=auto:0
[  495419ms] [WARNING] The resource https://challenges.cloudflare.com/cdn-cgi/challenge-platform/h/g/cmg/1 was preloaded using link preload but not used within a few seconds from the window's load event. Please make sure it has an appropriate `as` value and it is preloaded intentionally. @ https://challenges.cloudflare.com/cdn-cgi/challenge-platform/h/g/turnstile/f/ov2/av0/rch/gywym/0x4AAAAAAAJel0iaAR3mgkjp/light/fbE/api/flexible?lang=auto:0
[  613224ms] [ERROR]  Note that 'script-src' was not explicitly set, so 'default-src' is used as a fallback. @ https://challenges.cloudflare.com/cdn-cgi/challenge-platform/h/g/turnstile/f/ov2/av0/rch/gywym/0x4AAAAAAAJel0iaAR3mgkjp/light/fbE/api/flexible?lang=auto:0
[  613437ms] [WARNING] No available adapters. @ https://challenges.cloudflare.com/cdn-cgi/challenge-platform/h/g/turnstile/f/ov2/av0/rch/gywym/0x4AAAAAAAJel0iaAR3mgkjp/light/fbE/api/flexible?lang=auto:0
[  613466ms] [ERROR] %c%d font-size:0;color:transparent NaN @ https://challenges.cloudflare.com/cdn-cgi/challenge-platform/h/g/turnstile/f/ov2/av0/rch/gywym/0x4AAAAAAAJel0iaAR3mgkjp/light/fbE/api/flexible?lang=auto:0
[  613466ms] [ERROR] %c%d font-size:0;color:transparent NaN @ https://challenges.cloudflare.com/cdn-cgi/challenge-platform/h/g/turnstile/f/ov2/av0/rch/gywym/0x4AAAAAAAJel0iaAR3mgkjp/light/fbE/api/flexible?lang=auto:0
[  613467ms] [WARNING] %c%d font-size:0;color:transparent NaN @ https://challenges.cloudflare.com/cdn-cgi/challenge-platform/h/g/turnstile/f/ov2/av0/rch/gywym/0x4AAAAAAAJel0iaAR3mgkjp/light/fbE/api/flexible?lang=auto:0
[  613467ms] [WARNING] %c%d font-size:0;color:transparent NaN @ https://challenges.cloudflare.com/cdn-cgi/challenge-platform/h/g/turnstile/f/ov2/av0/rch/gywym/0x4AAAAAAAJel0iaAR3mgkjp/light/fbE/api/flexible?lang=auto:0
[  613556ms] [ERROR] Failed to load resource: the server responded with a status of 401 () @ https://challenges.cloudflare.com/cdn-cgi/challenge-platform/h/g/pat/9e14d412abebce13/1774346422527/fd04f0de73745e05cd2ca9614abc6d2b93f0562803d9ecc7b325321083c1b7e7/0RvC3IhBSOQAQkZ:0
[  616816ms] [WARNING] The resource https://challenges.cloudflare.com/cdn-cgi/challenge-platform/h/g/cmg/1 was preloaded using link preload but not used within a few seconds from the window's load event. Please make sure it has an appropriate `as` value and it is preloaded intentionally. @ https://challenges.cloudflare.com/cdn-cgi/challenge-platform/h/g/turnstile/f/ov2/av0/rch/gywym/0x4AAAAAAAJel0iaAR3mgkjp/light/fbE/api/flexible?lang=auto:0
[  734509ms] [WARNING] No available adapters. @ https://challenges.cloudflare.com/cdn-cgi/challenge-platform/h/g/turnstile/f/ov2/av0/rch/gywym/0x4AAAAAAAJel0iaAR3mgkjp/light/fbE/api/flexible?lang=auto:0
[  734608ms] [ERROR] %c%d font-size:0;color:transparent NaN @ https://challenges.cloudflare.com/cdn-cgi/challenge-platform/h/g/turnstile/f/ov2/av0/rch/gywym/0x4AAAAAAAJel0iaAR3mgkjp/light/fbE/api/flexible?lang=auto:0
[  734608ms] [ERROR] %c%d font-size:0;color:transparent NaN @ https://challenges.cloudflare.com/cdn-cgi/challenge-platform/h/g/turnstile/f/ov2/av0/rch/gywym/0x4AAAAAAAJel0iaAR3mgkjp/light/fbE/api/flexible?lang=auto:0
[  734609ms] [WARNING] %c%d font-size:0;color:transparent NaN @ https://challenges.cloudflare.com/cdn-cgi/challenge-platform/h/g/turnstile/f/ov2/av0/rch/gywym/0x4AAAAAAAJel0iaAR3mgkjp/light/fbE/api/flexible?lang=auto:0
[  734610ms] [WARNING] %c%d font-size:0;color:transparent NaN @ https://challenges.cloudflare.com/cdn-cgi/challenge-platform/h/g/turnstile/f/ov2/av0/rch/gywym/0x4AAAAAAAJel0iaAR3mgkjp/light/fbE/api/flexible?lang=auto:0
[  734685ms] [ERROR] Failed to load resource: the server responded with a status of 401 () @ https://challenges.cloudflare.com/cdn-cgi/challenge-platform/h/g/pat/9e14d7096999f8d2/1774346543937/507982c8b97332939b33648e55d21cf48004308ddb63dda9ac814f9de5af248f/y5tueS7CNQs3kuq:0
[  735012ms] [ERROR]  Note that 'script-src' was not explicitly set, so 'default-src' is used as a fallback. @ https://challenges.cloudflare.com/cdn-cgi/challenge-platform/h/g/turnstile/f/ov2/av0/rch/gywym/0x4AAAAAAAJel0iaAR3mgkjp/light/fbE/api/flexible?lang=auto:0
[  738327ms] [WARNING] The resource https://challenges.cloudflare.com/cdn-cgi/challenge-platform/h/g/cmg/1 was preloaded using link preload but not used within a few seconds from the window's load event. Please make sure it has an appropriate `as` value and it is preloaded intentionally. @ https://challenges.cloudflare.com/cdn-cgi/challenge-platform/h/g/turnstile/f/ov2/av0/rch/gywym/0x4AAAAAAAJel0iaAR3mgkjp/light/fbE/api/flexible?lang=auto:0
[  856043ms] [WARNING] No available adapters. @ https://challenges.cloudflare.com/cdn-cgi/challenge-platform/h/g/turnstile/f/ov2/av0/rch/gywym/0x4AAAAAAAJel0iaAR3mgkjp/light/fbE/api/flexible?lang=auto:0
[  856086ms] [ERROR]  Note that 'script-src' was not explicitly set, so 'default-src' is used as a fallback. @ https://challenges.cloudflare.com/cdn-cgi/challenge-platform/h/g/turnstile/f/ov2/av0/rch/gywym/0x4AAAAAAAJel0iaAR3mgkjp/light/fbE/api/flexible?lang=auto:0
[  856267ms] [ERROR] Failed to load resource: the server responded with a status of 401 () @ https://challenges.cloudflare.com/cdn-cgi/challenge-platform/h/g/pat/9e14da00c89d81ae/1774346665472/af671dc1666533505c355e60295d90dc8f0f64cdae64732062891b2a8a5479e0/HVvmpLKsSBiQK0y:0
[  856433ms] [ERROR] %c%d font-size:0;color:transparent NaN @ https://challenges.cloudflare.com/cdn-cgi/challenge-platform/h/g/turnstile/f/ov2/av0/rch/gywym/0x4AAAAAAAJel0iaAR3mgkjp/light/fbE/api/flexible?lang=auto:0
[  856433ms] [ERROR] %c%d font-size:0;color:transparent NaN @ https://challenges.cloudflare.com/cdn-cgi/challenge-platform/h/g/turnstile/f/ov2/av0/rch/gywym/0x4AAAAAAAJel0iaAR3mgkjp/light/fbE/api/flexible?lang=auto:0
[  856434ms] [WARNING] %c%d font-size:0;color:transparent NaN @ https://challenges.cloudflare.com/cdn-cgi/challenge-platform/h/g/turnstile/f/ov2/av0/rch/gywym/0x4AAAAAAAJel0iaAR3mgkjp/light/fbE/api/flexible?lang=auto:0
[  856434ms] [WARNING] %c%d font-size:0;color:transparent NaN @ https://challenges.cloudflare.com/cdn-cgi/challenge-platform/h/g/turnstile/f/ov2/av0/rch/gywym/0x4AAAAAAAJel0iaAR3mgkjp/light/fbE/api/flexible?lang=auto:0
[  859720ms] [WARNING] The resource https://challenges.cloudflare.com/cdn-cgi/challenge-platform/h/g/cmg/1 was preloaded using link preload but not used within a few seconds from the window's load event. Please make sure it has an appropriate `as` value and it is preloaded intentionally. @ https://challenges.cloudflare.com/cdn-cgi/challenge-platform/h/g/turnstile/f/ov2/av0/rch/gywym/0x4AAAAAAAJel0iaAR3mgkjp/light/fbE/api/flexible?lang=auto:0
[  977425ms] [ERROR] Failed to load resource: the server responded with a status of 401 () @ https://challenges.cloudflare.com/cdn-cgi/challenge-platform/h/g/pat/9e14dcf79e1eec6e/1774346786836/987f6c95cb148b4a9aeefdcbc2e7275fcc6aec96bc88191b1a10072fa933093c/iC9xHxCyQa_Xxu5:0
[  977545ms] [ERROR] %c%d font-size:0;color:transparent NaN @ https://challenges.cloudflare.com/cdn-cgi/challenge-platform/h/g/turnstile/f/ov2/av0/rch/gywym/0x4AAAAAAAJel0iaAR3mgkjp/light/fbE/api/flexible?lang=auto:0
[  977545ms] [ERROR] %c%d font-size:0;color:transparent NaN @ https://challenges.cloudflare.com/cdn-cgi/challenge-platform/h/g/turnstile/f/ov2/av0/rch/gywym/0x4AAAAAAAJel0iaAR3mgkjp/light/fbE/api/flexible?lang=auto:0
[  977553ms] [WARNING] %c%d font-size:0;color:transparent NaN @ https://challenges.cloudflare.com/cdn-cgi/challenge-platform/h/g/turnstile/f/ov2/av0/rch/gywym/0x4AAAAAAAJel0iaAR3mgkjp/light/fbE/api/flexible?lang=auto:0
[  977553ms] [WARNING] %c%d font-size:0;color:transparent NaN @ https://challenges.cloudflare.com/cdn-cgi/challenge-platform/h/g/turnstile/f/ov2/av0/rch/gywym/0x4AAAAAAAJel0iaAR3mgkjp/light/fbE/api/flexible?lang=auto:0
[  977616ms] [ERROR]  Note that 'script-src' was not explicitly set, so 'default-src' is used as a fallback. @ https://challenges.cloudflare.com/cdn-cgi/challenge-platform/h/g/turnstile/f/ov2/av0/rch/gywym/0x4AAAAAAAJel0iaAR3mgkjp/light/fbE/api/flexible?lang=auto:0
[  977776ms] [WARNING] No available adapters. @ https://challenges.cloudflare.com/cdn-cgi/challenge-platform/h/g/turnstile/f/ov2/av0/rch/gywym/0x4AAAAAAAJel0iaAR3mgkjp/light/fbE/api/flexible?lang=auto:0
[  981076ms] [WARNING] The resource https://challenges.cloudflare.com/cdn-cgi/challenge-platform/h/g/cmg/1 was preloaded using link preload but not used within a few seconds from the window's load event. Please make sure it has an appropriate `as` value and it is preloaded intentionally. @ https://challenges.cloudflare.com/cdn-cgi/challenge-platform/h/g/turnstile/f/ov2/av0/rch/gywym/0x4AAAAAAAJel0iaAR3mgkjp/light/fbE/api/flexible?lang=auto:0
[ 1098763ms] [ERROR]  Note that 'script-src' was not explicitly set, so 'default-src' is used as a fallback. @ https://challenges.cloudflare.com/cdn-cgi/challenge-platform/h/g/turnstile/f/ov2/av0/rch/gywym/0x4AAAAAAAJel0iaAR3mgkjp/light/fbE/api/flexible?lang=auto:0
[ 1098884ms] [WARNING] No available adapters. @ https://challenges.cloudflare.com/cdn-cgi/challenge-platform/h/g/turnstile/f/ov2/av0/rch/gywym/0x4AAAAAAAJel0iaAR3mgkjp/light/fbE/api/flexible?lang=auto:0
[ 1098944ms] [ERROR] %c%d font-size:0;color:transparent NaN @ https://challenges.cloudflare.com/cdn-cgi/challenge-platform/h/g/turnstile/f/ov2/av0/rch/gywym/0x4AAAAAAAJel0iaAR3mgkjp/light/fbE/api/flexible?lang=auto:0
[ 1098944ms] [ERROR] %c%d font-size:0;color:transparent NaN @ https://challenges.cloudflare.com/cdn-cgi/challenge-platform/h/g/turnstile/f/ov2/av0/rch/gywym/0x4AAAAAAAJel0iaAR3mgkjp/light/fbE/api/flexible?lang=auto:0
[ 1098945ms] [WARNING] %c%d font-size:0;color:transparent NaN @ https://challenges.cloudflare.com/cdn-cgi/challenge-platform/h/g/turnstile/f/ov2/av0/rch/gywym/0x4AAAAAAAJel0iaAR3mgkjp/light/fbE/api/flexible?lang=auto:0
[ 1098945ms] [WARNING] %c%d font-size:0;color:transparent NaN @ https://challenges.cloudflare.com/cdn-cgi/challenge-platform/h/g/turnstile/f/ov2/av0/rch/gywym/0x4AAAAAAAJel0iaAR3mgkjp/light/fbE/api/flexible?lang=auto:0
[ 1099071ms] [ERROR] Failed to load resource: the server responded with a status of 401 () @ https://challenges.cloudflare.com/cdn-cgi/challenge-platform/h/g/pat/9e14dfedfb0ffd9e/1774346908198/5efb29a2f1986d039fb764b92982be7efa431cd428b5f89e7672673924ce5f99/-luKEFiH2fNHs1B:0
[ 1102383ms] [WARNING] The resource https://challenges.cloudflare.com/cdn-cgi/challenge-platform/h/g/cmg/1 was preloaded using link preload but not used within a few seconds from the window's load event. Please make sure it has an appropriate `as` value and it is preloaded intentionally. @ https://challenges.cloudflare.com/cdn-cgi/challenge-platform/h/g/turnstile/f/ov2/av0/rch/gywym/0x4AAAAAAAJel0iaAR3mgkjp/light/fbE/api/flexible?lang=auto:0
[ 1220095ms] [WARNING] No available adapters. @ https://challenges.cloudflare.com/cdn-cgi/challenge-platform/h/g/turnstile/f/ov2/av0/rch/gywym/0x4AAAAAAAJel0iaAR3mgkjp/light/fbE/api/flexible?lang=auto:0
[ 1220241ms] [ERROR]  Note that 'script-src' was not explicitly set, so 'default-src' is used as a fallback. @ https://challenges.cloudflare.com/cdn-cgi/challenge-platform/h/g/turnstile/f/ov2/av0/rch/gywym/0x4AAAAAAAJel0iaAR3mgkjp/light/fbE/api/flexible?lang=auto:0
[ 1220357ms] [ERROR] %c%d font-size:0;color:transparent NaN @ https://challenges.cloudflare.com/cdn-cgi/challenge-platform/h/g/turnstile/f/ov2/av0/rch/gywym/0x4AAAAAAAJel0iaAR3mgkjp/light/fbE/api/flexible?lang=auto:0
[ 1220357ms] [ERROR] %c%d font-size:0;color:transparent NaN @ https://challenges.cloudflare.com/cdn-cgi/challenge-platform/h/g/turnstile/f/ov2/av0/rch/gywym/0x4AAAAAAAJel0iaAR3mgkjp/light/fbE/api/flexible?lang=auto:0
[ 1220358ms] [WARNING] %c%d font-size:0;color:transparent NaN @ https://challenges.cloudflare.com/cdn-cgi/challenge-platform/h/g/turnstile/f/ov2/av0/rch/gywym/0x4AAAAAAAJel0iaAR3mgkjp/light/fbE/api/flexible?lang=auto:0
[ 1220358ms] [WARNING] %c%d font-size:0;color:transparent NaN @ https://challenges.cloudflare.com/cdn-cgi/challenge-platform/h/g/turnstile/f/ov2/av0/rch/gywym/0x4AAAAAAAJel0iaAR3mgkjp/light/fbE/api/flexible?lang=auto:0
[ 1220446ms] [ERROR] Failed to load resource: the server responded with a status of 401 () @ https://challenges.cloudflare.com/cdn-cgi/challenge-platform/h/g/pat/9e14e2e42f06a089/1774347029480/484558a0ddbcfa3d7a658d9957a2788249e65c3da5f0802a24daeaf090d852de/yy2H1zoHneLKz2E:0
[ 1223807ms] [WARNING] The resource https://challenges.cloudflare.com/cdn-cgi/challenge-platform/h/g/cmg/1 was preloaded using link preload but not used within a few seconds from the window's load event. Please make sure it has an appropriate `as` value and it is preloaded intentionally. @ https://challenges.cloudflare.com/cdn-cgi/challenge-platform/h/g/turnstile/f/ov2/av0/rch/gywym/0x4AAAAAAAJel0iaAR3mgkjp/light/fbE/api/flexible?lang=auto:0
[ 1341632ms] [WARNING] No available adapters. @ https://challenges.cloudflare.com/cdn-cgi/challenge-platform/h/g/turnstile/f/ov2/av0/rch/gywym/0x4AAAAAAAJel0iaAR3mgkjp/light/fbE/api/flexible?lang=auto:0
[ 1341671ms] [ERROR]  Note that 'script-src' was not explicitly set, so 'default-src' is used as a fallback. @ https://challenges.cloudflare.com/cdn-cgi/challenge-platform/h/g/turnstile/f/ov2/av0/rch/gywym/0x4AAAAAAAJel0iaAR3mgkjp/light/fbE/api/flexible?lang=auto:0
[ 1341826ms] [ERROR] Failed to load resource: the server responded with a status of 401 () @ https://challenges.cloudflare.com/cdn-cgi/challenge-platform/h/g/pat/9e14e5db2ddfff83/1774347150949/64aace7669c9ea37531f9f2e6ef08fb76306b7265b652c51621cf940db59e073/0jjtKxjk5oX1Tyz:0
[ 1341835ms] [ERROR] %c%d font-size:0;color:transparent NaN @ https://challenges.cloudflare.com/cdn-cgi/challenge-platform/h/g/turnstile/f/ov2/av0/rch/gywym/0x4AAAAAAAJel0iaAR3mgkjp/light/fbE/api/flexible?lang=auto:0
[ 1341835ms] [ERROR] %c%d font-size:0;color:transparent NaN @ https://challenges.cloudflare.com/cdn-cgi/challenge-platform/h/g/turnstile/f/ov2/av0/rch/gywym/0x4AAAAAAAJel0iaAR3mgkjp/light/fbE/api/flexible?lang=auto:0
[ 1341836ms] [WARNING] %c%d font-size:0;color:transparent NaN @ https://challenges.cloudflare.com/cdn-cgi/challenge-platform/h/g/turnstile/f/ov2/av0/rch/gywym/0x4AAAAAAAJel0iaAR3mgkjp/light/fbE/api/flexible?lang=auto:0
[ 1341836ms] [WARNING] %c%d font-size:0;color:transparent NaN @ https://challenges.cloudflare.com/cdn-cgi/challenge-platform/h/g/turnstile/f/ov2/av0/rch/gywym/0x4AAAAAAAJel0iaAR3mgkjp/light/fbE/api/flexible?lang=auto:0
[ 1345299ms] [WARNING] The resource https://challenges.cloudflare.com/cdn-cgi/challenge-platform/h/g/cmg/1 was preloaded using link preload but not used within a few seconds from the window's load event. Please make sure it has an appropriate `as` value and it is preloaded intentionally. @ https://challenges.cloudflare.com/cdn-cgi/challenge-platform/h/g/turnstile/f/ov2/av0/rch/gywym/0x4AAAAAAAJel0iaAR3mgkjp/light/fbE/api/flexible?lang=auto:0
[ 1463552ms] [WARNING] No available adapters. @ https://challenges.cloudflare.com/cdn-cgi/challenge-platform/h/g/turnstile/f/ov2/av0/rch/gywym/0x4AAAAAAAJel0iaAR3mgkjp/light/fbE/api/flexible?lang=auto:0
[ 1463592ms] [ERROR]  Note that 'script-src' was not explicitly set, so 'default-src' is used as a fallback. @ https://challenges.cloudflare.com/cdn-cgi/challenge-platform/h/g/turnstile/f/ov2/av0/rch/gywym/0x4AAAAAAAJel0iaAR3mgkjp/light/fbE/api/flexible?lang=auto:0
[ 1463924ms] [ERROR] Failed to load resource: the server responded with a status of 401 () @ https://challenges.cloudflare.com/cdn-cgi/challenge-platform/h/g/pat/9e14e8d2deb0d47e/1774347272600/60b3d453cb5f677f361a1592ac1ec0c83db67357d9f4a985108c501111bbcca4/MCMw-Dqjv9htEnr:0
[ 1463935ms] [ERROR] %c%d font-size:0;color:transparent NaN @ https://challenges.cloudflare.com/cdn-cgi/challenge-platform/h/g/turnstile/f/ov2/av0/rch/gywym/0x4AAAAAAAJel0iaAR3mgkjp/light/fbE/api/flexible?lang=auto:0
[ 1463935ms] [ERROR] %c%d font-size:0;color:transparent NaN @ https://challenges.cloudflare.com/cdn-cgi/challenge-platform/h/g/turnstile/f/ov2/av0/rch/gywym/0x4AAAAAAAJel0iaAR3mgkjp/light/fbE/api/flexible?lang=auto:0
[ 1463936ms] [WARNING] %c%d font-size:0;color:transparent NaN @ https://challenges.cloudflare.com/cdn-cgi/challenge-platform/h/g/turnstile/f/ov2/av0/rch/gywym/0x4AAAAAAAJel0iaAR3mgkjp/light/fbE/api/flexible?lang=auto:0
[ 1463936ms] [WARNING] %c%d font-size:0;color:transparent NaN @ https://challenges.cloudflare.com/cdn-cgi/challenge-platform/h/g/turnstile/f/ov2/av0/rch/gywym/0x4AAAAAAAJel0iaAR3mgkjp/light/fbE/api/flexible?lang=auto:0
[ 1467484ms] [WARNING] The resource https://challenges.cloudflare.com/cdn-cgi/challenge-platform/h/g/cmg/1 was preloaded using link preload but not used within a few seconds from the window's load event. Please make sure it has an appropriate `as` value and it is preloaded intentionally. @ https://challenges.cloudflare.com/cdn-cgi/challenge-platform/h/g/turnstile/f/ov2/av0/rch/gywym/0x4AAAAAAAJel0iaAR3mgkjp/light/fbE/api/flexible?lang=auto:0
[ 1585375ms] [ERROR] Failed to load resource: the server responded with a status of 401 () @ https://challenges.cloudflare.com/cdn-cgi/challenge-platform/h/g/pat/9e14ebce683440de/1774347394702/0b0da0142a61ec5365217904891e4e4a6d5322fc2065b8a8fc2ec5ab367c42a8/oqPKI8_jEztJuGW:0
[ 1585410ms] [WARNING] No available adapters. @ https://challenges.cloudflare.com/cdn-cgi/challenge-platform/h/g/turnstile/f/ov2/av0/rch/gywym/0x4AAAAAAAJel0iaAR3mgkjp/light/fbE/api/flexible?lang=auto:0
[ 1585523ms] [ERROR] %c%d font-size:0;color:transparent NaN @ https://challenges.cloudflare.com/cdn-cgi/challenge-platform/h/g/turnstile/f/ov2/av0/rch/gywym/0x4AAAAAAAJel0iaAR3mgkjp/light/fbE/api/flexible?lang=auto:0
[ 1585523ms] [ERROR] %c%d font-size:0;color:transparent NaN @ https://challenges.cloudflare.com/cdn-cgi/challenge-platform/h/g/turnstile/f/ov2/av0/rch/gywym/0x4AAAAAAAJel0iaAR3mgkjp/light/fbE/api/flexible?lang=auto:0
[ 1585523ms] [WARNING] %c%d font-size:0;color:transparent NaN @ https://challenges.cloudflare.com/cdn-cgi/challenge-platform/h/g/turnstile/f/ov2/av0/rch/gywym/0x4AAAAAAAJel0iaAR3mgkjp/light/fbE/api/flexible?lang=auto:0
[ 1585524ms] [WARNING] %c%d font-size:0;color:transparent NaN @ https://challenges.cloudflare.com/cdn-cgi/challenge-platform/h/g/turnstile/f/ov2/av0/rch/gywym/0x4AAAAAAAJel0iaAR3mgkjp/light/fbE/api/flexible?lang=auto:0
[ 1585560ms] [ERROR]  Note that 'script-src' was not explicitly set, so 'default-src' is used as a fallback. @ https://challenges.cloudflare.com/cdn-cgi/challenge-platform/h/g/turnstile/f/ov2/av0/rch/gywym/0x4AAAAAAAJel0iaAR3mgkjp/light/fbE/api/flexible?lang=auto:0
[ 1589018ms] [WARNING] The resource https://challenges.cloudflare.com/cdn-cgi/challenge-platform/h/g/cmg/1 was preloaded using link preload but not used within a few seconds from the window's load event. Please make sure it has an appropriate `as` value and it is preloaded intentionally. @ https://challenges.cloudflare.com/cdn-cgi/challenge-platform/h/g/turnstile/f/ov2/av0/rch/gywym/0x4AAAAAAAJel0iaAR3mgkjp/light/fbE/api/flexible?lang=auto:0
[ 1706783ms] [ERROR] Failed to load resource: the server responded with a status of 401 () @ https://challenges.cloudflare.com/cdn-cgi/challenge-platform/h/g/pat/9e14eec59f3ffdab/1774347516166/704cbbc6596127dc9a70aca83f56564602aff58f5aa5dd282784cd9520594039/UEAlzw4vBNYLqgl:0
[ 1706942ms] [ERROR] %c%d font-size:0;color:transparent NaN @ https://challenges.cloudflare.com/cdn-cgi/challenge-platform/h/g/turnstile/f/ov2/av0/rch/gywym/0x4AAAAAAAJel0iaAR3mgkjp/light/fbE/api/flexible?lang=auto:0
[ 1706942ms] [ERROR] %c%d font-size:0;color:transparent NaN @ https://challenges.cloudflare.com/cdn-cgi/challenge-platform/h/g/turnstile/f/ov2/av0/rch/gywym/0x4AAAAAAAJel0iaAR3mgkjp/light/fbE/api/flexible?lang=auto:0
[ 1706943ms] [WARNING] %c%d font-size:0;color:transparent NaN @ https://challenges.cloudflare.com/cdn-cgi/challenge-platform/h/g/turnstile/f/ov2/av0/rch/gywym/0x4AAAAAAAJel0iaAR3mgkjp/light/fbE/api/flexible?lang=auto:0
[ 1706943ms] [WARNING] %c%d font-size:0;color:transparent NaN @ https://challenges.cloudflare.com/cdn-cgi/challenge-platform/h/g/turnstile/f/ov2/av0/rch/gywym/0x4AAAAAAAJel0iaAR3mgkjp/light/fbE/api/flexible?lang=auto:0
[ 1706982ms] [ERROR]  Note that 'script-src' was not explicitly set, so 'default-src' is used as a fallback. @ https://challenges.cloudflare.com/cdn-cgi/challenge-platform/h/g/turnstile/f/ov2/av0/rch/gywym/0x4AAAAAAAJel0iaAR3mgkjp/light/fbE/api/flexible?lang=auto:0
[ 1707112ms] [WARNING] No available adapters. @ https://challenges.cloudflare.com/cdn-cgi/challenge-platform/h/g/turnstile/f/ov2/av0/rch/gywym/0x4AAAAAAAJel0iaAR3mgkjp/light/fbE/api/flexible?lang=auto:0
[ 1710315ms] [WARNING] The resource https://challenges.cloudflare.com/cdn-cgi/challenge-platform/h/g/cmg/1 was preloaded using link preload but not used within a few seconds from the window's load event. Please make sure it has an appropriate `as` value and it is preloaded intentionally. @ https://challenges.cloudflare.com/cdn-cgi/challenge-platform/h/g/turnstile/f/ov2/av0/rch/gywym/0x4AAAAAAAJel0iaAR3mgkjp/light/fbE/api/flexible?lang=auto:0
[ 1828070ms] [ERROR]  Note that 'script-src' was not explicitly set, so 'default-src' is used as a fallback. @ https://challenges.cloudflare.com/cdn-cgi/challenge-platform/h/g/turnstile/f/ov2/av0/rch/gywym/0x4AAAAAAAJel0iaAR3mgkjp/light/fbE/api/flexible?lang=auto:0
[ 1828300ms] [WARNING] No available adapters. @ https://challenges.cloudflare.com/cdn-cgi/challenge-platform/h/g/turnstile/f/ov2/av0/rch/gywym/0x4AAAAAAAJel0iaAR3mgkjp/light/fbE/api/flexible?lang=auto:0
[ 1828426ms] [ERROR] %c%d font-size:0;color:transparent NaN @ https://challenges.cloudflare.com/cdn-cgi/challenge-platform/h/g/turnstile/f/ov2/av0/rch/gywym/0x4AAAAAAAJel0iaAR3mgkjp/light/fbE/api/flexible?lang=auto:0
[ 1828426ms] [ERROR] %c%d font-size:0;color:transparent NaN @ https://challenges.cloudflare.com/cdn-cgi/challenge-platform/h/g/turnstile/f/ov2/av0/rch/gywym/0x4AAAAAAAJel0iaAR3mgkjp/light/fbE/api/flexible?lang=auto:0
[ 1828427ms] [WARNING] %c%d font-size:0;color:transparent NaN @ https://challenges.cloudflare.com/cdn-cgi/challenge-platform/h/g/turnstile/f/ov2/av0/rch/gywym/0x4AAAAAAAJel0iaAR3mgkjp/light/fbE/api/flexible?lang=auto:0
[ 1828427ms] [WARNING] %c%d font-size:0;color:transparent NaN @ https://challenges.cloudflare.com/cdn-cgi/challenge-platform/h/g/turnstile/f/ov2/av0/rch/gywym/0x4AAAAAAAJel0iaAR3mgkjp/light/fbE/api/flexible?lang=auto:0
[ 1828512ms] [ERROR] Failed to load resource: the server responded with a status of 401 () @ https://challenges.cloudflare.com/cdn-cgi/challenge-platform/h/g/pat/9e14f1bbbe4081c0/1774347637463/5a5f4e650bb42a20a24d27e22d773a0d467f49dad8d200853812965bfdf0d561/0ghyKcBre2Doa9I:0
[ 1831786ms] [WARNING] The resource https://challenges.cloudflare.com/cdn-cgi/challenge-platform/h/g/cmg/1 was preloaded using link preload but not used within a few seconds from the window's load event. Please make sure it has an appropriate `as` value and it is preloaded intentionally. @ https://challenges.cloudflare.com/cdn-cgi/challenge-platform/h/g/turnstile/f/ov2/av0/rch/gywym/0x4AAAAAAAJel0iaAR3mgkjp/light/fbE/api/flexible?lang=auto:0
[ 1949547ms] [ERROR] Failed to load resource: the server responded with a status of 401 () @ https://challenges.cloudflare.com/cdn-cgi/challenge-platform/h/g/pat/9e14f4b309e2ff8d/1774347758921/f3122ee923556f031dcbaf8bd333b2dc71c073a7b0fc81c71a2abd6cf9e88ada/AWuiTETI5mtXgtH:0
[ 1949633ms] [ERROR] %c%d font-size:0;color:transparent NaN @ https://challenges.cloudflare.com/cdn-cgi/challenge-platform/h/g/turnstile/f/ov2/av0/rch/gywym/0x4AAAAAAAJel0iaAR3mgkjp/light/fbE/api/flexible?lang=auto:0
[ 1949633ms] [ERROR] %c%d font-size:0;color:transparent NaN @ https://challenges.cloudflare.com/cdn-cgi/challenge-platform/h/g/turnstile/f/ov2/av0/rch/gywym/0x4AAAAAAAJel0iaAR3mgkjp/light/fbE/api/flexible?lang=auto:0
[ 1949634ms] [WARNING] %c%d font-size:0;color:transparent NaN @ https://challenges.cloudflare.com/cdn-cgi/challenge-platform/h/g/turnstile/f/ov2/av0/rch/gywym/0x4AAAAAAAJel0iaAR3mgkjp/light/fbE/api/flexible?lang=auto:0
[ 1949634ms] [WARNING] %c%d font-size:0;color:transparent NaN @ https://challenges.cloudflare.com/cdn-cgi/challenge-platform/h/g/turnstile/f/ov2/av0/rch/gywym/0x4AAAAAAAJel0iaAR3mgkjp/light/fbE/api/flexible?lang=auto:0
[ 1949713ms] [WARNING] No available adapters. @ https://challenges.cloudflare.com/cdn-cgi/challenge-platform/h/g/turnstile/f/ov2/av0/rch/gywym/0x4AAAAAAAJel0iaAR3mgkjp/light/fbE/api/flexible?lang=auto:0
[ 1949727ms] [ERROR]  Note that 'script-src' was not explicitly set, so 'default-src' is used as a fallback. @ https://challenges.cloudflare.com/cdn-cgi/challenge-platform/h/g/turnstile/f/ov2/av0/rch/gywym/0x4AAAAAAAJel0iaAR3mgkjp/light/fbE/api/flexible?lang=auto:0
[ 1953128ms] [WARNING] The resource https://challenges.cloudflare.com/cdn-cgi/challenge-platform/h/g/cmg/1 was preloaded using link preload but not used within a few seconds from the window's load event. Please make sure it has an appropriate `as` value and it is preloaded intentionally. @ https://challenges.cloudflare.com/cdn-cgi/challenge-platform/h/g/turnstile/f/ov2/av0/rch/gywym/0x4AAAAAAAJel0iaAR3mgkjp/light/fbE/api/flexible?lang=auto:0
[ 2070871ms] [WARNING] No available adapters. @ https://challenges.cloudflare.com/cdn-cgi/challenge-platform/h/g/turnstile/f/ov2/av0/rch/gywym/0x4AAAAAAAJel0iaAR3mgkjp/light/fbE/api/flexible?lang=auto:0
[ 2070919ms] [ERROR] %c%d font-size:0;color:transparent NaN @ https://challenges.cloudflare.com/cdn-cgi/challenge-platform/h/g/turnstile/f/ov2/av0/rch/gywym/0x4AAAAAAAJel0iaAR3mgkjp/light/fbE/api/flexible?lang=auto:0
[ 2070919ms] [ERROR] %c%d font-size:0;color:transparent NaN @ https://challenges.cloudflare.com/cdn-cgi/challenge-platform/h/g/turnstile/f/ov2/av0/rch/gywym/0x4AAAAAAAJel0iaAR3mgkjp/light/fbE/api/flexible?lang=auto:0
[ 2070921ms] [WARNING] %c%d font-size:0;color:transparent NaN @ https://challenges.cloudflare.com/cdn-cgi/challenge-platform/h/g/turnstile/f/ov2/av0/rch/gywym/0x4AAAAAAAJel0iaAR3mgkjp/light/fbE/api/flexible?lang=auto:0
[ 2070921ms] [WARNING] %c%d font-size:0;color:transparent NaN @ https://challenges.cloudflare.com/cdn-cgi/challenge-platform/h/g/turnstile/f/ov2/av0/rch/gywym/0x4AAAAAAAJel0iaAR3mgkjp/light/fbE/api/flexible?lang=auto:0
[ 2071045ms] [ERROR]  Note that 'script-src' was not explicitly set, so 'default-src' is used as a fallback. @ https://challenges.cloudflare.com/cdn-cgi/challenge-platform/h/g/turnstile/f/ov2/av0/rch/gywym/0x4AAAAAAAJel0iaAR3mgkjp/light/fbE/api/flexible?lang=auto:0
[ 2071205ms] [ERROR] Failed to load resource: the server responded with a status of 401 () @ https://challenges.cloudflare.com/cdn-cgi/challenge-platform/h/g/pat/9e14f7a94bb92ae6/1774347880235/f3963481d5c384ce1675cb2ad07f574c0b83b954965a96afe0b9976531c4b356/XCGSVvLKTDFqX0D:0
[ 2074461ms] [WARNING] The resource https://challenges.cloudflare.com/cdn-cgi/challenge-platform/h/g/cmg/1 was preloaded using link preload but not used within a few seconds from the window's load event. Please make sure it has an appropriate `as` value and it is preloaded intentionally. @ https://challenges.cloudflare.com/cdn-cgi/challenge-platform/h/g/turnstile/f/ov2/av0/rch/gywym/0x4AAAAAAAJel0iaAR3mgkjp/light/fbE/api/flexible?lang=auto:0
[ 2192141ms] [WARNING] No available adapters. @ https://challenges.cloudflare.com/cdn-cgi/challenge-platform/h/g/turnstile/f/ov2/av0/rch/gywym/0x4AAAAAAAJel0iaAR3mgkjp/light/fbE/api/flexible?lang=auto:0
[ 2192181ms] [ERROR]  Note that 'script-src' was not explicitly set, so 'default-src' is used as a fallback. @ https://challenges.cloudflare.com/cdn-cgi/challenge-platform/h/g/turnstile/f/ov2/av0/rch/gywym/0x4AAAAAAAJel0iaAR3mgkjp/light/fbE/api/flexible?lang=auto:0
[ 2192345ms] [ERROR] Failed to load resource: the server responded with a status of 401 () @ https://challenges.cloudflare.com/cdn-cgi/challenge-platform/h/g/pat/9e14fa9fadb6883a/1774348001577/412a20c7c091c34436d8d0e47cb8e9afe2760766b48b4d88d1f821379a5ee925/wEfOp8MdoIkKWFa:0
[ 2192453ms] [ERROR] %c%d font-size:0;color:transparent NaN @ https://challenges.cloudflare.com/cdn-cgi/challenge-platform/h/g/turnstile/f/ov2/av0/rch/gywym/0x4AAAAAAAJel0iaAR3mgkjp/light/fbE/api/flexible?lang=auto:0
[ 2192453ms] [ERROR] %c%d font-size:0;color:transparent NaN @ https://challenges.cloudflare.com/cdn-cgi/challenge-platform/h/g/turnstile/f/ov2/av0/rch/gywym/0x4AAAAAAAJel0iaAR3mgkjp/light/fbE/api/flexible?lang=auto:0
[ 2192454ms] [WARNING] %c%d font-size:0;color:transparent NaN @ https://challenges.cloudflare.com/cdn-cgi/challenge-platform/h/g/turnstile/f/ov2/av0/rch/gywym/0x4AAAAAAAJel0iaAR3mgkjp/light/fbE/api/flexible?lang=auto:0
[ 2192454ms] [WARNING] %c%d font-size:0;color:transparent NaN @ https://challenges.cloudflare.com/cdn-cgi/challenge-platform/h/g/turnstile/f/ov2/av0/rch/gywym/0x4AAAAAAAJel0iaAR3mgkjp/light/fbE/api/flexible?lang=auto:0
[ 2195780ms] [WARNING] The resource https://challenges.cloudflare.com/cdn-cgi/challenge-platform/h/g/cmg/1 was preloaded using link preload but not used within a few seconds from the window's load event. Please make sure it has an appropriate `as` value and it is preloaded intentionally. @ https://challenges.cloudflare.com/cdn-cgi/challenge-platform/h/g/turnstile/f/ov2/av0/rch/gywym/0x4AAAAAAAJel0iaAR3mgkjp/light/fbE/api/flexible?lang=auto:0
[ 2313421ms] [ERROR] %c%d font-size:0;color:transparent NaN @ https://challenges.cloudflare.com/cdn-cgi/challenge-platform/h/g/turnstile/f/ov2/av0/rch/gywym/0x4AAAAAAAJel0iaAR3mgkjp/light/fbE/api/flexible?lang=auto:0
[ 2313421ms] [ERROR] %c%d font-size:0;color:transparent NaN @ https://challenges.cloudflare.com/cdn-cgi/challenge-platform/h/g/turnstile/f/ov2/av0/rch/gywym/0x4AAAAAAAJel0iaAR3mgkjp/light/fbE/api/flexible?lang=auto:0
[ 2313422ms] [WARNING] %c%d font-size:0;color:transparent NaN @ https://challenges.cloudflare.com/cdn-cgi/challenge-platform/h/g/turnstile/f/ov2/av0/rch/gywym/0x4AAAAAAAJel0iaAR3mgkjp/light/fbE/api/flexible?lang=auto:0
[ 2313422ms] [WARNING] %c%d font-size:0;color:transparent NaN @ https://challenges.cloudflare.com/cdn-cgi/challenge-platform/h/g/turnstile/f/ov2/av0/rch/gywym/0x4AAAAAAAJel0iaAR3mgkjp/light/fbE/api/flexible?lang=auto:0
[ 2313565ms] [ERROR] Failed to load resource: the server responded with a status of 401 () @ https://challenges.cloudflare.com/cdn-cgi/challenge-platform/h/g/pat/9e14fd95cd04ce63/1774348122851/a87d3e17b7f8d24c167a5da9f19532d7d06ccec6cd8a413f51c86bdd7b53a3e4/GIrY9bN5vQQ0DqV:0
[ 2313665ms] [WARNING] No available adapters. @ https://challenges.cloudflare.com/cdn-cgi/challenge-platform/h/g/turnstile/f/ov2/av0/rch/gywym/0x4AAAAAAAJel0iaAR3mgkjp/light/fbE/api/flexible?lang=auto:0
[ 2313687ms] [ERROR]  Note that 'script-src' was not explicitly set, so 'default-src' is used as a fallback. @ https://challenges.cloudflare.com/cdn-cgi/challenge-platform/h/g/turnstile/f/ov2/av0/rch/gywym/0x4AAAAAAAJel0iaAR3mgkjp/light/fbE/api/flexible?lang=auto:0
[ 2317007ms] [WARNING] The resource https://challenges.cloudflare.com/cdn-cgi/challenge-platform/h/g/cmg/1 was preloaded using link preload but not used within a few seconds from the window's load event. Please make sure it has an appropriate `as` value and it is preloaded intentionally. @ https://challenges.cloudflare.com/cdn-cgi/challenge-platform/h/g/turnstile/f/ov2/av0/rch/gywym/0x4AAAAAAAJel0iaAR3mgkjp/light/fbE/api/flexible?lang=auto:0
[ 2434709ms] [ERROR]  Note that 'script-src' was not explicitly set, so 'default-src' is used as a fallback. @ https://challenges.cloudflare.com/cdn-cgi/challenge-platform/h/g/turnstile/f/ov2/av0/rch/gywym/0x4AAAAAAAJel0iaAR3mgkjp/light/fbE/api/flexible?lang=auto:0
[ 2434836ms] [WARNING] No available adapters. @ https://challenges.cloudflare.com/cdn-cgi/challenge-platform/h/g/turnstile/f/ov2/av0/rch/gywym/0x4AAAAAAAJel0iaAR3mgkjp/light/fbE/api/flexible?lang=auto:0
[ 2434944ms] [ERROR] Failed to load resource: the server responded with a status of 401 () @ https://challenges.cloudflare.com/cdn-cgi/challenge-platform/h/g/pat/9e15008b6f6a35aa/1774348244094/b412b79ba52d6bf53946b7c596b6b1a86d5bac74dd1ac73a743b4c83272f5756/VRcrtG-SguSF9wp:0
[ 2434979ms] [ERROR] %c%d font-size:0;color:transparent NaN @ https://challenges.cloudflare.com/cdn-cgi/challenge-platform/h/g/turnstile/f/ov2/av0/rch/gywym/0x4AAAAAAAJel0iaAR3mgkjp/light/fbE/api/flexible?lang=auto:0
[ 2434979ms] [ERROR] %c%d font-size:0;color:transparent NaN @ https://challenges.cloudflare.com/cdn-cgi/challenge-platform/h/g/turnstile/f/ov2/av0/rch/gywym/0x4AAAAAAAJel0iaAR3mgkjp/light/fbE/api/flexible?lang=auto:0
[ 2434981ms] [WARNING] %c%d font-size:0;color:transparent NaN @ https://challenges.cloudflare.com/cdn-cgi/challenge-platform/h/g/turnstile/f/ov2/av0/rch/gywym/0x4AAAAAAAJel0iaAR3mgkjp/light/fbE/api/flexible?lang=auto:0
[ 2434981ms] [WARNING] %c%d font-size:0;color:transparent NaN @ https://challenges.cloudflare.com/cdn-cgi/challenge-platform/h/g/turnstile/f/ov2/av0/rch/gywym/0x4AAAAAAAJel0iaAR3mgkjp/light/fbE/api/flexible?lang=auto:0
[ 2438421ms] [WARNING] The resource https://challenges.cloudflare.com/cdn-cgi/challenge-platform/h/g/cmg/1 was preloaded using link preload but not used within a few seconds from the window's load event. Please make sure it has an appropriate `as` value and it is preloaded intentionally. @ https://challenges.cloudflare.com/cdn-cgi/challenge-platform/h/g/turnstile/f/ov2/av0/rch/gywym/0x4AAAAAAAJel0iaAR3mgkjp/light/fbE/api/flexible?lang=auto:0
[ 2556200ms] [ERROR] Failed to load resource: the server responded with a status of 401 () @ https://challenges.cloudflare.com/cdn-cgi/challenge-platform/h/g/pat/9e1503825c6ea8ea/1774348365549/a07a2e3f118c376e8c21419ea733ce44382f6d53ee8b99647802229a50a8028c/fwMlbdBaF2xvIrZ:0
[ 2556385ms] [ERROR] %c%d font-size:0;color:transparent NaN @ https://challenges.cloudflare.com/cdn-cgi/challenge-platform/h/g/turnstile/f/ov2/av0/rch/gywym/0x4AAAAAAAJel0iaAR3mgkjp/light/fbE/api/flexible?lang=auto:0
[ 2556385ms] [ERROR] %c%d font-size:0;color:transparent NaN @ https://challenges.cloudflare.com/cdn-cgi/challenge-platform/h/g/turnstile/f/ov2/av0/rch/gywym/0x4AAAAAAAJel0iaAR3mgkjp/light/fbE/api/flexible?lang=auto:0
[ 2556386ms] [WARNING] %c%d font-size:0;color:transparent NaN @ https://challenges.cloudflare.com/cdn-cgi/challenge-platform/h/g/turnstile/f/ov2/av0/rch/gywym/0x4AAAAAAAJel0iaAR3mgkjp/light/fbE/api/flexible?lang=auto:0
[ 2556386ms] [WARNING] %c%d font-size:0;color:transparent NaN @ https://challenges.cloudflare.com/cdn-cgi/challenge-platform/h/g/turnstile/f/ov2/av0/rch/gywym/0x4AAAAAAAJel0iaAR3mgkjp/light/fbE/api/flexible?lang=auto:0
[ 2556461ms] [ERROR]  Note that 'script-src' was not explicitly set, so 'default-src' is used as a fallback. @ https://challenges.cloudflare.com/cdn-cgi/challenge-platform/h/g/turnstile/f/ov2/av0/rch/gywym/0x4AAAAAAAJel0iaAR3mgkjp/light/fbE/api/flexible?lang=auto:0
[ 2556607ms] [WARNING] No available adapters. @ https://challenges.cloudflare.com/cdn-cgi/challenge-platform/h/g/turnstile/f/ov2/av0/rch/gywym/0x4AAAAAAAJel0iaAR3mgkjp/light/fbE/api/flexible?lang=auto:0
[ 2559873ms] [WARNING] The resource https://challenges.cloudflare.com/cdn-cgi/challenge-platform/h/g/cmg/1 was preloaded using link preload but not used within a few seconds from the window's load event. Please make sure it has an appropriate `as` value and it is preloaded intentionally. @ https://challenges.cloudflare.com/cdn-cgi/challenge-platform/h/g/turnstile/f/ov2/av0/rch/gywym/0x4AAAAAAAJel0iaAR3mgkjp/light/fbE/api/flexible?lang=auto:0
[ 2677562ms] [WARNING] No available adapters. @ https://challenges.cloudflare.com/cdn-cgi/challenge-platform/h/g/turnstile/f/ov2/av0/rch/gywym/0x4AAAAAAAJel0iaAR3mgkjp/light/fbE/api/flexible?lang=auto:0
[ 2677757ms] [ERROR]  Note that 'script-src' was not explicitly set, so 'default-src' is used as a fallback. @ https://challenges.cloudflare.com/cdn-cgi/challenge-platform/h/g/turnstile/f/ov2/av0/rch/gywym/0x4AAAAAAAJel0iaAR3mgkjp/light/fbE/api/flexible?lang=auto:0
[ 2677963ms] [ERROR] Failed to load resource: the server responded with a status of 401 () @ https://challenges.cloudflare.com/cdn-cgi/challenge-platform/h/g/pat/9e15067949cbc9da/1774348486962/9f680e21497595a35bfa91036992b56b72a5d97385763e209ddac92960fedfba/awKMwGxCkF3PdAM:0
[ 2677980ms] [ERROR] %c%d font-size:0;color:transparent NaN @ https://challenges.cloudflare.com/cdn-cgi/challenge-platform/h/g/turnstile/f/ov2/av0/rch/gywym/0x4AAAAAAAJel0iaAR3mgkjp/light/fbE/api/flexible?lang=auto:0
[ 2677980ms] [ERROR] %c%d font-size:0;color:transparent NaN @ https://challenges.cloudflare.com/cdn-cgi/challenge-platform/h/g/turnstile/f/ov2/av0/rch/gywym/0x4AAAAAAAJel0iaAR3mgkjp/light/fbE/api/flexible?lang=auto:0
[ 2677981ms] [WARNING] %c%d font-size:0;color:transparent NaN @ https://challenges.cloudflare.com/cdn-cgi/challenge-platform/h/g/turnstile/f/ov2/av0/rch/gywym/0x4AAAAAAAJel0iaAR3mgkjp/light/fbE/api/flexible?lang=auto:0
[ 2677981ms] [WARNING] %c%d font-size:0;color:transparent NaN @ https://challenges.cloudflare.com/cdn-cgi/challenge-platform/h/g/turnstile/f/ov2/av0/rch/gywym/0x4AAAAAAAJel0iaAR3mgkjp/light/fbE/api/flexible?lang=auto:0
[ 2681290ms] [WARNING] The resource https://challenges.cloudflare.com/cdn-cgi/challenge-platform/h/g/cmg/1 was preloaded using link preload but not used within a few seconds from the window's load event. Please make sure it has an appropriate `as` value and it is preloaded intentionally. @ https://challenges.cloudflare.com/cdn-cgi/challenge-platform/h/g/turnstile/f/ov2/av0/rch/gywym/0x4AAAAAAAJel0iaAR3mgkjp/light/fbE/api/flexible?lang=auto:0
[ 2798941ms] [ERROR]  Note that 'script-src' was not explicitly set, so 'default-src' is used as a fallback. @ https://challenges.cloudflare.com/cdn-cgi/challenge-platform/h/g/turnstile/f/ov2/av0/rch/gywym/0x4AAAAAAAJel0iaAR3mgkjp/light/fbE/api/flexible?lang=auto:0
[ 2799107ms] [WARNING] No available adapters. @ https://challenges.cloudflare.com/cdn-cgi/challenge-platform/h/g/turnstile/f/ov2/av0/rch/gywym/0x4AAAAAAAJel0iaAR3mgkjp/light/fbE/api/flexible?lang=auto:0
[ 2799234ms] [ERROR] Failed to load resource: the server responded with a status of 401 () @ https://challenges.cloudflare.com/cdn-cgi/challenge-platform/h/g/pat/9e1509702ac9933e/1774348608379/a192196992a90d789f1ff8f03c02fe59f1c3c6b65af06d8bba7e61c9be89a032/mhmD84MWwPw85XB:0
[ 2799298ms] [ERROR] %c%d font-size:0;color:transparent NaN @ https://challenges.cloudflare.com/cdn-cgi/challenge-platform/h/g/turnstile/f/ov2/av0/rch/gywym/0x4AAAAAAAJel0iaAR3mgkjp/light/fbE/api/flexible?lang=auto:0
[ 2799298ms] [ERROR] %c%d font-size:0;color:transparent NaN @ https://challenges.cloudflare.com/cdn-cgi/challenge-platform/h/g/turnstile/f/ov2/av0/rch/gywym/0x4AAAAAAAJel0iaAR3mgkjp/light/fbE/api/flexible?lang=auto:0
[ 2799299ms] [WARNING] %c%d font-size:0;color:transparent NaN @ https://challenges.cloudflare.com/cdn-cgi/challenge-platform/h/g/turnstile/f/ov2/av0/rch/gywym/0x4AAAAAAAJel0iaAR3mgkjp/light/fbE/api/flexible?lang=auto:0
[ 2799299ms] [WARNING] %c%d font-size:0;color:transparent NaN @ https://challenges.cloudflare.com/cdn-cgi/challenge-platform/h/g/turnstile/f/ov2/av0/rch/gywym/0x4AAAAAAAJel0iaAR3mgkjp/light/fbE/api/flexible?lang=auto:0
[ 2802615ms] [WARNING] The resource https://challenges.cloudflare.com/cdn-cgi/challenge-platform/h/g/cmg/1 was preloaded using link preload but not used within a few seconds from the window's load event. Please make sure it has an appropriate `as` value and it is preloaded intentionally. @ https://challenges.cloudflare.com/cdn-cgi/challenge-platform/h/g/turnstile/f/ov2/av0/rch/gywym/0x4AAAAAAAJel0iaAR3mgkjp/light/fbE/api/flexible?lang=auto:0
[ 2920378ms] [WARNING] No available adapters. @ https://challenges.cloudflare.com/cdn-cgi/challenge-platform/h/g/turnstile/f/ov2/av0/rch/gywym/0x4AAAAAAAJel0iaAR3mgkjp/light/fbE/api/flexible?lang=auto:0
[ 2920392ms] [ERROR]  Note that 'script-src' was not explicitly set, so 'default-src' is used as a fallback. @ https://challenges.cloudflare.com/cdn-cgi/challenge-platform/h/g/turnstile/f/ov2/av0/rch/gywym/0x4AAAAAAAJel0iaAR3mgkjp/light/fbE/api/flexible?lang=auto:0
[ 2920556ms] [ERROR] %c%d font-size:0;color:transparent NaN @ https://challenges.cloudflare.com/cdn-cgi/challenge-platform/h/g/turnstile/f/ov2/av0/rch/gywym/0x4AAAAAAAJel0iaAR3mgkjp/light/fbE/api/flexible?lang=auto:0
[ 2920556ms] [ERROR] %c%d font-size:0;color:transparent NaN @ https://challenges.cloudflare.com/cdn-cgi/challenge-platform/h/g/turnstile/f/ov2/av0/rch/gywym/0x4AAAAAAAJel0iaAR3mgkjp/light/fbE/api/flexible?lang=auto:0
[ 2920558ms] [WARNING] %c%d font-size:0;color:transparent NaN @ https://challenges.cloudflare.com/cdn-cgi/challenge-platform/h/g/turnstile/f/ov2/av0/rch/gywym/0x4AAAAAAAJel0iaAR3mgkjp/light/fbE/api/flexible?lang=auto:0
[ 2920558ms] [WARNING] %c%d font-size:0;color:transparent NaN @ https://challenges.cloudflare.com/cdn-cgi/challenge-platform/h/g/turnstile/f/ov2/av0/rch/gywym/0x4AAAAAAAJel0iaAR3mgkjp/light/fbE/api/flexible?lang=auto:0
[ 2920662ms] [ERROR] Failed to load resource: the server responded with a status of 401 () @ https://challenges.cloudflare.com/cdn-cgi/challenge-platform/h/g/pat/9e150c668f2644a8/1774348729746/a5f9af52b4e7d850b418dd2d69c8990a4070dbd0cf40a381d26034144f741a53/JxCoqOJ0vSiGr0J:0
[ 2924096ms] [WARNING] The resource https://challenges.cloudflare.com/cdn-cgi/challenge-platform/h/g/cmg/1 was preloaded using link preload but not used within a few seconds from the window's load event. Please make sure it has an appropriate `as` value and it is preloaded intentionally. @ https://challenges.cloudflare.com/cdn-cgi/challenge-platform/h/g/turnstile/f/ov2/av0/rch/gywym/0x4AAAAAAAJel0iaAR3mgkjp/light/fbE/api/flexible?lang=auto:0
[ 3042123ms] [ERROR] %c%d font-size:0;color:transparent NaN @ https://challenges.cloudflare.com/cdn-cgi/challenge-platform/h/g/turnstile/f/ov2/av0/rch/gywym/0x4AAAAAAAJel0iaAR3mgkjp/light/fbE/api/flexible?lang=auto:0
[ 3042123ms] [ERROR] %c%d font-size:0;color:transparent NaN @ https://challenges.cloudflare.com/cdn-cgi/challenge-platform/h/g/turnstile/f/ov2/av0/rch/gywym/0x4AAAAAAAJel0iaAR3mgkjp/light/fbE/api/flexible?lang=auto:0
[ 3042124ms] [WARNING] %c%d font-size:0;color:transparent NaN @ https://challenges.cloudflare.com/cdn-cgi/challenge-platform/h/g/turnstile/f/ov2/av0/rch/gywym/0x4AAAAAAAJel0iaAR3mgkjp/light/fbE/api/flexible?lang=auto:0
[ 3042124ms] [WARNING] %c%d font-size:0;color:transparent NaN @ https://challenges.cloudflare.com/cdn-cgi/challenge-platform/h/g/turnstile/f/ov2/av0/rch/gywym/0x4AAAAAAAJel0iaAR3mgkjp/light/fbE/api/flexible?lang=auto:0
[ 3042166ms] [WARNING] No available adapters. @ https://challenges.cloudflare.com/cdn-cgi/challenge-platform/h/g/turnstile/f/ov2/av0/rch/gywym/0x4AAAAAAAJel0iaAR3mgkjp/light/fbE/api/flexible?lang=auto:0
[ 3042320ms] [ERROR]  Note that 'script-src' was not explicitly set, so 'default-src' is used as a fallback. @ https://challenges.cloudflare.com/cdn-cgi/challenge-platform/h/g/turnstile/f/ov2/av0/rch/gywym/0x4AAAAAAAJel0iaAR3mgkjp/light/fbE/api/flexible?lang=auto:0
[ 3042695ms] [ERROR] Failed to load resource: the server responded with a status of 401 () @ https://challenges.cloudflare.com/cdn-cgi/challenge-platform/h/g/pat/9e150f5d9a089d1e/1774348851353/bad9d6cb978e29c13e7fc492c6f8b0a3bd4fac93867083076ea2d83f4ca4f821/eKo_ntDnYygzlYn:0
[ 3045952ms] [WARNING] The resource https://challenges.cloudflare.com/cdn-cgi/challenge-platform/h/g/cmg/1 was preloaded using link preload but not used within a few seconds from the window's load event. Please make sure it has an appropriate `as` value and it is preloaded intentionally. @ https://challenges.cloudflare.com/cdn-cgi/challenge-platform/h/g/turnstile/f/ov2/av0/rch/gywym/0x4AAAAAAAJel0iaAR3mgkjp/light/fbE/api/flexible?lang=auto:0
[ 3163597ms] [ERROR]  Note that 'script-src' was not explicitly set, so 'default-src' is used as a fallback. @ https://challenges.cloudflare.com/cdn-cgi/challenge-platform/h/g/turnstile/f/ov2/av0/rch/gywym/0x4AAAAAAAJel0iaAR3mgkjp/light/fbE/api/flexible?lang=auto:0
[ 3163789ms] [WARNING] No available adapters. @ https://challenges.cloudflare.com/cdn-cgi/challenge-platform/h/g/turnstile/f/ov2/av0/rch/gywym/0x4AAAAAAAJel0iaAR3mgkjp/light/fbE/api/flexible?lang=auto:0
[ 3163872ms] [ERROR] Failed to load resource: the server responded with a status of 401 () @ https://challenges.cloudflare.com/cdn-cgi/challenge-platform/h/g/pat/9e1512574ebdfd87/1774348973024/c09bcd16f0c23dce99c41a697e7acbf872589ab4a0f53c719577012be34940b3/lc75Z69wBt8suWS:0
[ 3163897ms] [ERROR] %c%d font-size:0;color:transparent NaN @ https://challenges.cloudflare.com/cdn-cgi/challenge-platform/h/g/turnstile/f/ov2/av0/rch/gywym/0x4AAAAAAAJel0iaAR3mgkjp/light/fbE/api/flexible?lang=auto:0
[ 3163898ms] [ERROR] %c%d font-size:0;color:transparent NaN @ https://challenges.cloudflare.com/cdn-cgi/challenge-platform/h/g/turnstile/f/ov2/av0/rch/gywym/0x4AAAAAAAJel0iaAR3mgkjp/light/fbE/api/flexible?lang=auto:0
[ 3163898ms] [WARNING] %c%d font-size:0;color:transparent NaN @ https://challenges.cloudflare.com/cdn-cgi/challenge-platform/h/g/turnstile/f/ov2/av0/rch/gywym/0x4AAAAAAAJel0iaAR3mgkjp/light/fbE/api/flexible?lang=auto:0
[ 3163898ms] [WARNING] %c%d font-size:0;color:transparent NaN @ https://challenges.cloudflare.com/cdn-cgi/challenge-platform/h/g/turnstile/f/ov2/av0/rch/gywym/0x4AAAAAAAJel0iaAR3mgkjp/light/fbE/api/flexible?lang=auto:0
[ 3167256ms] [WARNING] The resource https://challenges.cloudflare.com/cdn-cgi/challenge-platform/h/g/cmg/1 was preloaded using link preload but not used within a few seconds from the window's load event. Please make sure it has an appropriate `as` value and it is preloaded intentionally. @ https://challenges.cloudflare.com/cdn-cgi/challenge-platform/h/g/turnstile/f/ov2/av0/rch/gywym/0x4AAAAAAAJel0iaAR3mgkjp/light/fbE/api/flexible?lang=auto:0
[ 3285013ms] [ERROR] Failed to load resource: the server responded with a status of 401 () @ https://challenges.cloudflare.com/cdn-cgi/challenge-platform/h/g/pat/9e15154d58fd9c98/1774349094321/1da5b3eb726dfd1481a1589f24ad3215901c08ea52b74324a8fe1f2b1c1eb094/mnkQ-wYTlpWsi_p:0
[ 3285108ms] [WARNING] No available adapters. @ https://challenges.cloudflare.com/cdn-cgi/challenge-platform/h/g/turnstile/f/ov2/av0/rch/gywym/0x4AAAAAAAJel0iaAR3mgkjp/light/fbE/api/flexible?lang=auto:0
[ 3285160ms] [ERROR] %c%d font-size:0;color:transparent NaN @ https://challenges.cloudflare.com/cdn-cgi/challenge-platform/h/g/turnstile/f/ov2/av0/rch/gywym/0x4AAAAAAAJel0iaAR3mgkjp/light/fbE/api/flexible?lang=auto:0
[ 3285160ms] [ERROR] %c%d font-size:0;color:transparent NaN @ https://challenges.cloudflare.com/cdn-cgi/challenge-platform/h/g/turnstile/f/ov2/av0/rch/gywym/0x4AAAAAAAJel0iaAR3mgkjp/light/fbE/api/flexible?lang=auto:0
[ 3285161ms] [WARNING] %c%d font-size:0;color:transparent NaN @ https://challenges.cloudflare.com/cdn-cgi/challenge-platform/h/g/turnstile/f/ov2/av0/rch/gywym/0x4AAAAAAAJel0iaAR3mgkjp/light/fbE/api/flexible?lang=auto:0
[ 3285161ms] [WARNING] %c%d font-size:0;color:transparent NaN @ https://challenges.cloudflare.com/cdn-cgi/challenge-platform/h/g/turnstile/f/ov2/av0/rch/gywym/0x4AAAAAAAJel0iaAR3mgkjp/light/fbE/api/flexible?lang=auto:0
[ 3285253ms] [ERROR]  Note that 'script-src' was not explicitly set, so 'default-src' is used as a fallback. @ https://challenges.cloudflare.com/cdn-cgi/challenge-platform/h/g/turnstile/f/ov2/av0/rch/gywym/0x4AAAAAAAJel0iaAR3mgkjp/light/fbE/api/flexible?lang=auto:0
[ 3288667ms] [WARNING] The resource https://challenges.cloudflare.com/cdn-cgi/challenge-platform/h/g/cmg/1 was preloaded using link preload but not used within a few seconds from the window's load event. Please make sure it has an appropriate `as` value and it is preloaded intentionally. @ https://challenges.cloudflare.com/cdn-cgi/challenge-platform/h/g/turnstile/f/ov2/av0/rch/gywym/0x4AAAAAAAJel0iaAR3mgkjp/light/fbE/api/flexible?lang=auto:0
[ 3406404ms] [ERROR]  Note that 'script-src' was not explicitly set, so 'default-src' is used as a fallback. @ https://challenges.cloudflare.com/cdn-cgi/challenge-platform/h/g/turnstile/f/ov2/av0/rch/gywym/0x4AAAAAAAJel0iaAR3mgkjp/light/fbE/api/flexible?lang=auto:0
[ 3406593ms] [ERROR] %c%d font-size:0;color:transparent NaN @ https://challenges.cloudflare.com/cdn-cgi/challenge-platform/h/g/turnstile/f/ov2/av0/rch/gywym/0x4AAAAAAAJel0iaAR3mgkjp/light/fbE/api/flexible?lang=auto:0
[ 3406593ms] [ERROR] %c%d font-size:0;color:transparent NaN @ https://challenges.cloudflare.com/cdn-cgi/challenge-platform/h/g/turnstile/f/ov2/av0/rch/gywym/0x4AAAAAAAJel0iaAR3mgkjp/light/fbE/api/flexible?lang=auto:0
[ 3406594ms] [WARNING] %c%d font-size:0;color:transparent NaN @ https://challenges.cloudflare.com/cdn-cgi/challenge-platform/h/g/turnstile/f/ov2/av0/rch/gywym/0x4AAAAAAAJel0iaAR3mgkjp/light/fbE/api/flexible?lang=auto:0
[ 3406594ms] [WARNING] %c%d font-size:0;color:transparent NaN @ https://challenges.cloudflare.com/cdn-cgi/challenge-platform/h/g/turnstile/f/ov2/av0/rch/gywym/0x4AAAAAAAJel0iaAR3mgkjp/light/fbE/api/flexible?lang=auto:0
[ 3406714ms] [WARNING] No available adapters. @ https://challenges.cloudflare.com/cdn-cgi/challenge-platform/h/g/turnstile/f/ov2/av0/rch/gywym/0x4AAAAAAAJel0iaAR3mgkjp/light/fbE/api/flexible?lang=auto:0
[ 3406820ms] [ERROR] Failed to load resource: the server responded with a status of 401 () @ https://challenges.cloudflare.com/cdn-cgi/challenge-platform/h/g/pat/9e1518443bc8f902/1774349215762/1c2ac3e92713880e338b552a7ea9a6d89387fa0887983868534fed7210b9363d/aeP6Bl8DiGCB4GD:0
[ 3410060ms] [WARNING] The resource https://challenges.cloudflare.com/cdn-cgi/challenge-platform/h/g/cmg/1 was preloaded using link preload but not used within a few seconds from the window's load event. Please make sure it has an appropriate `as` value and it is preloaded intentionally. @ https://challenges.cloudflare.com/cdn-cgi/challenge-platform/h/g/turnstile/f/ov2/av0/rch/gywym/0x4AAAAAAAJel0iaAR3mgkjp/light/fbE/api/flexible?lang=auto:0
[ 3527721ms] [WARNING] No available adapters. @ https://challenges.cloudflare.com/cdn-cgi/challenge-platform/h/g/turnstile/f/ov2/av0/rch/gywym/0x4AAAAAAAJel0iaAR3mgkjp/light/fbE/api/flexible?lang=auto:0
[ 3527831ms] [ERROR] Failed to load resource: the server responded with a status of 401 () @ https://challenges.cloudflare.com/cdn-cgi/challenge-platform/h/g/pat/9e151b3adfd5410f/1774349337124/4685d6ccb73f3cc8328438652d7ceccf3f155a96198457377706965cdbc6909a/DSu8DCER1h95nL3:0
[ 3527964ms] [ERROR]  Note that 'script-src' was not explicitly set, so 'default-src' is used as a fallback. @ https://challenges.cloudflare.com/cdn-cgi/challenge-platform/h/g/turnstile/f/ov2/av0/rch/gywym/0x4AAAAAAAJel0iaAR3mgkjp/light/fbE/api/flexible?lang=auto:0
[ 3528078ms] [ERROR] %c%d font-size:0;color:transparent NaN @ https://challenges.cloudflare.com/cdn-cgi/challenge-platform/h/g/turnstile/f/ov2/av0/rch/gywym/0x4AAAAAAAJel0iaAR3mgkjp/light/fbE/api/flexible?lang=auto:0
[ 3528078ms] [ERROR] %c%d font-size:0;color:transparent NaN @ https://challenges.cloudflare.com/cdn-cgi/challenge-platform/h/g/turnstile/f/ov2/av0/rch/gywym/0x4AAAAAAAJel0iaAR3mgkjp/light/fbE/api/flexible?lang=auto:0
[ 3528079ms] [WARNING] %c%d font-size:0;color:transparent NaN @ https://challenges.cloudflare.com/cdn-cgi/challenge-platform/h/g/turnstile/f/ov2/av0/rch/gywym/0x4AAAAAAAJel0iaAR3mgkjp/light/fbE/api/flexible?lang=auto:0
[ 3528079ms] [WARNING] %c%d font-size:0;color:transparent NaN @ https://challenges.cloudflare.com/cdn-cgi/challenge-platform/h/g/turnstile/f/ov2/av0/rch/gywym/0x4AAAAAAAJel0iaAR3mgkjp/light/fbE/api/flexible?lang=auto:0
[ 3531347ms] [WARNING] The resource https://challenges.cloudflare.com/cdn-cgi/challenge-platform/h/g/cmg/1 was preloaded using link preload but not used within a few seconds from the window's load event. Please make sure it has an appropriate `as` value and it is preloaded intentionally. @ https://challenges.cloudflare.com/cdn-cgi/challenge-platform/h/g/turnstile/f/ov2/av0/rch/gywym/0x4AAAAAAAJel0iaAR3mgkjp/light/fbE/api/flexible?lang=auto:0
[ 3649104ms] [WARNING] No available adapters. @ https://challenges.cloudflare.com/cdn-cgi/challenge-platform/h/g/turnstile/f/ov2/av0/rch/gywym/0x4AAAAAAAJel0iaAR3mgkjp/light/fbE/api/flexible?lang=auto:0
[ 3649190ms] [ERROR]  Note that 'script-src' was not explicitly set, so 'default-src' is used as a fallback. @ https://challenges.cloudflare.com/cdn-cgi/challenge-platform/h/g/turnstile/f/ov2/av0/rch/gywym/0x4AAAAAAAJel0iaAR3mgkjp/light/fbE/api/flexible?lang=auto:0
[ 3649359ms] [ERROR] Failed to load resource: the server responded with a status of 401 () @ https://challenges.cloudflare.com/cdn-cgi/challenge-platform/h/g/pat/9e151e30ee1c9c27/1774349458426/ebcfc2bdc83f63b4051362491bda17fc7afda9dbf3cd63333a0cac6dff9067bc/NMEv1P3uEBk0OGC:0
[ 3649391ms] [ERROR] %c%d font-size:0;color:transparent NaN @ https://challenges.cloudflare.com/cdn-cgi/challenge-platform/h/g/turnstile/f/ov2/av0/rch/gywym/0x4AAAAAAAJel0iaAR3mgkjp/light/fbE/api/flexible?lang=auto:0
[ 3649391ms] [ERROR] %c%d font-size:0;color:transparent NaN @ https://challenges.cloudflare.com/cdn-cgi/challenge-platform/h/g/turnstile/f/ov2/av0/rch/gywym/0x4AAAAAAAJel0iaAR3mgkjp/light/fbE/api/flexible?lang=auto:0
[ 3649392ms] [WARNING] %c%d font-size:0;color:transparent NaN @ https://challenges.cloudflare.com/cdn-cgi/challenge-platform/h/g/turnstile/f/ov2/av0/rch/gywym/0x4AAAAAAAJel0iaAR3mgkjp/light/fbE/api/flexible?lang=auto:0
[ 3649392ms] [WARNING] %c%d font-size:0;color:transparent NaN @ https://challenges.cloudflare.com/cdn-cgi/challenge-platform/h/g/turnstile/f/ov2/av0/rch/gywym/0x4AAAAAAAJel0iaAR3mgkjp/light/fbE/api/flexible?lang=auto:0
[ 3652744ms] [WARNING] The resource https://challenges.cloudflare.com/cdn-cgi/challenge-platform/h/g/cmg/1 was preloaded using link preload but not used within a few seconds from the window's load event. Please make sure it has an appropriate `as` value and it is preloaded intentionally. @ https://challenges.cloudflare.com/cdn-cgi/challenge-platform/h/g/turnstile/f/ov2/av0/rch/gywym/0x4AAAAAAAJel0iaAR3mgkjp/light/fbE/api/flexible?lang=auto:0
[ 3770409ms] [WARNING] No available adapters. @ https://challenges.cloudflare.com/cdn-cgi/challenge-platform/h/g/turnstile/f/ov2/av0/rch/gywym/0x4AAAAAAAJel0iaAR3mgkjp/light/fbE/api/flexible?lang=auto:0
[ 3770424ms] [ERROR]  Note that 'script-src' was not explicitly set, so 'default-src' is used as a fallback. @ https://challenges.cloudflare.com/cdn-cgi/challenge-platform/h/g/turnstile/f/ov2/av0/rch/gywym/0x4AAAAAAAJel0iaAR3mgkjp/light/fbE/api/flexible?lang=auto:0
[ 3770583ms] [ERROR] Failed to load resource: the server responded with a status of 401 () @ https://challenges.cloudflare.com/cdn-cgi/challenge-platform/h/g/pat/9e152127be3ceba0/1774349579830/1d73633a950b64bd246f4d3124552eda0c1dfa293f6a7b1581561b63cb3bb358/ogBnjTpW6JaQES6:0
[ 3770595ms] [ERROR] %c%d font-size:0;color:transparent NaN @ https://challenges.cloudflare.com/cdn-cgi/challenge-platform/h/g/turnstile/f/ov2/av0/rch/gywym/0x4AAAAAAAJel0iaAR3mgkjp/light/fbE/api/flexible?lang=auto:0
[ 3770595ms] [ERROR] %c%d font-size:0;color:transparent NaN @ https://challenges.cloudflare.com/cdn-cgi/challenge-platform/h/g/turnstile/f/ov2/av0/rch/gywym/0x4AAAAAAAJel0iaAR3mgkjp/light/fbE/api/flexible?lang=auto:0
[ 3770596ms] [WARNING] %c%d font-size:0;color:transparent NaN @ https://challenges.cloudflare.com/cdn-cgi/challenge-platform/h/g/turnstile/f/ov2/av0/rch/gywym/0x4AAAAAAAJel0iaAR3mgkjp/light/fbE/api/flexible?lang=auto:0
[ 3770596ms] [WARNING] %c%d font-size:0;color:transparent NaN @ https://challenges.cloudflare.com/cdn-cgi/challenge-platform/h/g/turnstile/f/ov2/av0/rch/gywym/0x4AAAAAAAJel0iaAR3mgkjp/light/fbE/api/flexible?lang=auto:0
[ 3774049ms] [WARNING] The resource https://challenges.cloudflare.com/cdn-cgi/challenge-platform/h/g/cmg/1 was preloaded using link preload but not used within a few seconds from the window's load event. Please make sure it has an appropriate `as` value and it is preloaded intentionally. @ https://challenges.cloudflare.com/cdn-cgi/challenge-platform/h/g/turnstile/f/ov2/av0/rch/gywym/0x4AAAAAAAJel0iaAR3mgkjp/light/fbE/api/flexible?lang=auto:0
[ 3891659ms] [ERROR] %c%d font-size:0;color:transparent NaN @ https://challenges.cloudflare.com/cdn-cgi/challenge-platform/h/g/turnstile/f/ov2/av0/rch/gywym/0x4AAAAAAAJel0iaAR3mgkjp/light/fbE/api/flexible?lang=auto:0
[ 3891659ms] [ERROR] %c%d font-size:0;color:transparent NaN @ https://challenges.cloudflare.com/cdn-cgi/challenge-platform/h/g/turnstile/f/ov2/av0/rch/gywym/0x4AAAAAAAJel0iaAR3mgkjp/light/fbE/api/flexible?lang=auto:0
[ 3891660ms] [WARNING] %c%d font-size:0;color:transparent NaN @ https://challenges.cloudflare.com/cdn-cgi/challenge-platform/h/g/turnstile/f/ov2/av0/rch/gywym/0x4AAAAAAAJel0iaAR3mgkjp/light/fbE/api/flexible?lang=auto:0
[ 3891660ms] [WARNING] %c%d font-size:0;color:transparent NaN @ https://challenges.cloudflare.com/cdn-cgi/challenge-platform/h/g/turnstile/f/ov2/av0/rch/gywym/0x4AAAAAAAJel0iaAR3mgkjp/light/fbE/api/flexible?lang=auto:0
[ 3891749ms] [ERROR]  Note that 'script-src' was not explicitly set, so 'default-src' is used as a fallback. @ https://challenges.cloudflare.com/cdn-cgi/challenge-platform/h/g/turnstile/f/ov2/av0/rch/gywym/0x4AAAAAAAJel0iaAR3mgkjp/light/fbE/api/flexible?lang=auto:0
[ 3891899ms] [ERROR] Failed to load resource: the server responded with a status of 401 () @ https://challenges.cloudflare.com/cdn-cgi/challenge-platform/h/g/pat/9e15241dc87ec061/1774349701106/82c8fd01b1de673de00fbc7f0ea4017f48dea55dd443770212d629bf2812c031/tx6Q9qrW5u5JPCX:0
[ 3891925ms] [WARNING] No available adapters. @ https://challenges.cloudflare.com/cdn-cgi/challenge-platform/h/g/turnstile/f/ov2/av0/rch/gywym/0x4AAAAAAAJel0iaAR3mgkjp/light/fbE/api/flexible?lang=auto:0
[ 3895333ms] [WARNING] The resource https://challenges.cloudflare.com/cdn-cgi/challenge-platform/h/g/cmg/1 was preloaded using link preload but not used within a few seconds from the window's load event. Please make sure it has an appropriate `as` value and it is preloaded intentionally. @ https://challenges.cloudflare.com/cdn-cgi/challenge-platform/h/g/turnstile/f/ov2/av0/rch/gywym/0x4AAAAAAAJel0iaAR3mgkjp/light/fbE/api/flexible?lang=auto:0
[ 4013051ms] [ERROR] %c%d font-size:0;color:transparent NaN @ https://challenges.cloudflare.com/cdn-cgi/challenge-platform/h/g/turnstile/f/ov2/av0/rch/gywym/0x4AAAAAAAJel0iaAR3mgkjp/light/fbE/api/flexible?lang=auto:0
[ 4013051ms] [ERROR] %c%d font-size:0;color:transparent NaN @ https://challenges.cloudflare.com/cdn-cgi/challenge-platform/h/g/turnstile/f/ov2/av0/rch/gywym/0x4AAAAAAAJel0iaAR3mgkjp/light/fbE/api/flexible?lang=auto:0
[ 4013053ms] [WARNING] %c%d font-size:0;color:transparent NaN @ https://challenges.cloudflare.com/cdn-cgi/challenge-platform/h/g/turnstile/f/ov2/av0/rch/gywym/0x4AAAAAAAJel0iaAR3mgkjp/light/fbE/api/flexible?lang=auto:0
[ 4013053ms] [WARNING] %c%d font-size:0;color:transparent NaN @ https://challenges.cloudflare.com/cdn-cgi/challenge-platform/h/g/turnstile/f/ov2/av0/rch/gywym/0x4AAAAAAAJel0iaAR3mgkjp/light/fbE/api/flexible?lang=auto:0
[ 4013191ms] [ERROR] Failed to load resource: the server responded with a status of 401 () @ https://challenges.cloudflare.com/cdn-cgi/challenge-platform/h/g/pat/9e152713dca08bc6/1774349822413/b741b301da2f3e328245aca6dc5b59555492ca762bc23844f009586bdbbfaa28/9UinBciDp7UrJeC:0
[ 4013213ms] [WARNING] No available adapters. @ https://challenges.cloudflare.com/cdn-cgi/challenge-platform/h/g/turnstile/f/ov2/av0/rch/gywym/0x4AAAAAAAJel0iaAR3mgkjp/light/fbE/api/flexible?lang=auto:0
[ 4013345ms] [ERROR]  Note that 'script-src' was not explicitly set, so 'default-src' is used as a fallback. @ https://challenges.cloudflare.com/cdn-cgi/challenge-platform/h/g/turnstile/f/ov2/av0/rch/gywym/0x4AAAAAAAJel0iaAR3mgkjp/light/fbE/api/flexible?lang=auto:0
[ 4016709ms] [WARNING] The resource https://challenges.cloudflare.com/cdn-cgi/challenge-platform/h/g/cmg/1 was preloaded using link preload but not used within a few seconds from the window's load event. Please make sure it has an appropriate `as` value and it is preloaded intentionally. @ https://challenges.cloudflare.com/cdn-cgi/challenge-platform/h/g/turnstile/f/ov2/av0/rch/gywym/0x4AAAAAAAJel0iaAR3mgkjp/light/fbE/api/flexible?lang=auto:0
[ 4134422ms] [ERROR] Failed to load resource: the server responded with a status of 401 () @ https://challenges.cloudflare.com/cdn-cgi/challenge-platform/h/g/pat/9e152a0a6a96fd6f/1774349943771/af930836d28fd3cbceb1ad84127317a1b546a6a68c85fc2faf406e2e433430fa/VMq0wlUNHMG_njz:0
[ 4134440ms] [ERROR] %c%d font-size:0;color:transparent NaN @ https://challenges.cloudflare.com/cdn-cgi/challenge-platform/h/g/turnstile/f/ov2/av0/rch/gywym/0x4AAAAAAAJel0iaAR3mgkjp/light/fbE/api/flexible?lang=auto:0
[ 4134440ms] [ERROR] %c%d font-size:0;color:transparent NaN @ https://challenges.cloudflare.com/cdn-cgi/challenge-platform/h/g/turnstile/f/ov2/av0/rch/gywym/0x4AAAAAAAJel0iaAR3mgkjp/light/fbE/api/flexible?lang=auto:0
[ 4134441ms] [WARNING] %c%d font-size:0;color:transparent NaN @ https://challenges.cloudflare.com/cdn-cgi/challenge-platform/h/g/turnstile/f/ov2/av0/rch/gywym/0x4AAAAAAAJel0iaAR3mgkjp/light/fbE/api/flexible?lang=auto:0
[ 4134441ms] [WARNING] %c%d font-size:0;color:transparent NaN @ https://challenges.cloudflare.com/cdn-cgi/challenge-platform/h/g/turnstile/f/ov2/av0/rch/gywym/0x4AAAAAAAJel0iaAR3mgkjp/light/fbE/api/flexible?lang=auto:0
[ 4134590ms] [WARNING] No available adapters. @ https://challenges.cloudflare.com/cdn-cgi/challenge-platform/h/g/turnstile/f/ov2/av0/rch/gywym/0x4AAAAAAAJel0iaAR3mgkjp/light/fbE/api/flexible?lang=auto:0
[ 4134642ms] [ERROR]  Note that 'script-src' was not explicitly set, so 'default-src' is used as a fallback. @ https://challenges.cloudflare.com/cdn-cgi/challenge-platform/h/g/turnstile/f/ov2/av0/rch/gywym/0x4AAAAAAAJel0iaAR3mgkjp/light/fbE/api/flexible?lang=auto:0
[ 4137948ms] [WARNING] The resource https://challenges.cloudflare.com/cdn-cgi/challenge-platform/h/g/cmg/1 was preloaded using link preload but not used within a few seconds from the window's load event. Please make sure it has an appropriate `as` value and it is preloaded intentionally. @ https://challenges.cloudflare.com/cdn-cgi/challenge-platform/h/g/turnstile/f/ov2/av0/rch/gywym/0x4AAAAAAAJel0iaAR3mgkjp/light/fbE/api/flexible?lang=auto:0
[ 4255652ms] [ERROR]  Note that 'script-src' was not explicitly set, so 'default-src' is used as a fallback. @ https://challenges.cloudflare.com/cdn-cgi/challenge-platform/h/g/turnstile/f/ov2/av0/rch/gywym/0x4AAAAAAAJel0iaAR3mgkjp/light/fbE/api/flexible?lang=auto:0
[ 4255859ms] [WARNING] No available adapters. @ https://challenges.cloudflare.com/cdn-cgi/challenge-platform/h/g/turnstile/f/ov2/av0/rch/gywym/0x4AAAAAAAJel0iaAR3mgkjp/light/fbE/api/flexible?lang=auto:0
[ 4255908ms] [ERROR] %c%d font-size:0;color:transparent NaN @ https://challenges.cloudflare.com/cdn-cgi/challenge-platform/h/g/turnstile/f/ov2/av0/rch/gywym/0x4AAAAAAAJel0iaAR3mgkjp/light/fbE/api/flexible?lang=auto:0
[ 4255908ms] [ERROR] %c%d font-size:0;color:transparent NaN @ https://challenges.cloudflare.com/cdn-cgi/challenge-platform/h/g/turnstile/f/ov2/av0/rch/gywym/0x4AAAAAAAJel0iaAR3mgkjp/light/fbE/api/flexible?lang=auto:0
[ 4255909ms] [WARNING] %c%d font-size:0;color:transparent NaN @ https://challenges.cloudflare.com/cdn-cgi/challenge-platform/h/g/turnstile/f/ov2/av0/rch/gywym/0x4AAAAAAAJel0iaAR3mgkjp/light/fbE/api/flexible?lang=auto:0
[ 4255909ms] [WARNING] %c%d font-size:0;color:transparent NaN @ https://challenges.cloudflare.com/cdn-cgi/challenge-platform/h/g/turnstile/f/ov2/av0/rch/gywym/0x4AAAAAAAJel0iaAR3mgkjp/light/fbE/api/flexible?lang=auto:0
[ 4256063ms] [ERROR] Failed to load resource: the server responded with a status of 401 () @ https://challenges.cloudflare.com/cdn-cgi/challenge-platform/h/g/pat/9e152d003a4f6bab/1774350065030/35855ea83c34aedb48751ca999c689ad3d8aca001b7911ec399a259bc85c22ab/RjwZVEVaIqISKit:0
[ 4259301ms] [WARNING] The resource https://challenges.cloudflare.com/cdn-cgi/challenge-platform/h/g/cmg/1 was preloaded using link preload but not used within a few seconds from the window's load event. Please make sure it has an appropriate `as` value and it is preloaded intentionally. @ https://challenges.cloudflare.com/cdn-cgi/challenge-platform/h/g/turnstile/f/ov2/av0/rch/gywym/0x4AAAAAAAJel0iaAR3mgkjp/light/fbE/api/flexible?lang=auto:0
[ 4377026ms] [WARNING] No available adapters. @ https://challenges.cloudflare.com/cdn-cgi/challenge-platform/h/g/turnstile/f/ov2/av0/rch/gywym/0x4AAAAAAAJel0iaAR3mgkjp/light/fbE/api/flexible?lang=auto:0
[ 4377045ms] [ERROR] %c%d font-size:0;color:transparent NaN @ https://challenges.cloudflare.com/cdn-cgi/challenge-platform/h/g/turnstile/f/ov2/av0/rch/gywym/0x4AAAAAAAJel0iaAR3mgkjp/light/fbE/api/flexible?lang=auto:0
[ 4377045ms] [ERROR] %c%d font-size:0;color:transparent NaN @ https://challenges.cloudflare.com/cdn-cgi/challenge-platform/h/g/turnstile/f/ov2/av0/rch/gywym/0x4AAAAAAAJel0iaAR3mgkjp/light/fbE/api/flexible?lang=auto:0
[ 4377046ms] [WARNING] %c%d font-size:0;color:transparent NaN @ https://challenges.cloudflare.com/cdn-cgi/challenge-platform/h/g/turnstile/f/ov2/av0/rch/gywym/0x4AAAAAAAJel0iaAR3mgkjp/light/fbE/api/flexible?lang=auto:0
[ 4377046ms] [WARNING] %c%d font-size:0;color:transparent NaN @ https://challenges.cloudflare.com/cdn-cgi/challenge-platform/h/g/turnstile/f/ov2/av0/rch/gywym/0x4AAAAAAAJel0iaAR3mgkjp/light/fbE/api/flexible?lang=auto:0
[ 4377209ms] [ERROR] Failed to load resource: the server responded with a status of 401 () @ https://challenges.cloudflare.com/cdn-cgi/challenge-platform/h/g/pat/9e152ff6e92bff81/1774350186434/1df5d7bc558b2819f636ae5146dfd824cb60830407e63031368ed07986443dff/T3P85NJR5NukG5q:0
[ 4377298ms] [ERROR]  Note that 'script-src' was not explicitly set, so 'default-src' is used as a fallback. @ https://challenges.cloudflare.com/cdn-cgi/challenge-platform/h/g/turnstile/f/ov2/av0/rch/gywym/0x4AAAAAAAJel0iaAR3mgkjp/light/fbE/api/flexible?lang=auto:0
[ 4380694ms] [WARNING] The resource https://challenges.cloudflare.com/cdn-cgi/challenge-platform/h/g/cmg/1 was preloaded using link preload but not used within a few seconds from the window's load event. Please make sure it has an appropriate `as` value and it is preloaded intentionally. @ https://challenges.cloudflare.com/cdn-cgi/challenge-platform/h/g/turnstile/f/ov2/av0/rch/gywym/0x4AAAAAAAJel0iaAR3mgkjp/light/fbE/api/flexible?lang=auto:0
[ 4498473ms] [ERROR] %c%d font-size:0;color:transparent NaN @ https://challenges.cloudflare.com/cdn-cgi/challenge-platform/h/g/turnstile/f/ov2/av0/rch/gywym/0x4AAAAAAAJel0iaAR3mgkjp/light/fbE/api/flexible?lang=auto:0
[ 4498473ms] [ERROR] %c%d font-size:0;color:transparent NaN @ https://challenges.cloudflare.com/cdn-cgi/challenge-platform/h/g/turnstile/f/ov2/av0/rch/gywym/0x4AAAAAAAJel0iaAR3mgkjp/light/fbE/api/flexible?lang=auto:0
[ 4498474ms] [WARNING] %c%d font-size:0;color:transparent NaN @ https://challenges.cloudflare.com/cdn-cgi/challenge-platform/h/g/turnstile/f/ov2/av0/rch/gywym/0x4AAAAAAAJel0iaAR3mgkjp/light/fbE/api/flexible?lang=auto:0
[ 4498474ms] [WARNING] %c%d font-size:0;color:transparent NaN @ https://challenges.cloudflare.com/cdn-cgi/challenge-platform/h/g/turnstile/f/ov2/av0/rch/gywym/0x4AAAAAAAJel0iaAR3mgkjp/light/fbE/api/flexible?lang=auto:0
[ 4498694ms] [ERROR] Failed to load resource: the server responded with a status of 401 () @ https://challenges.cloudflare.com/cdn-cgi/challenge-platform/h/g/pat/9e1532ed88d8ce02/1774350307816/9c401a638b1e2de8ebf7b242ed6972d47d941d0ea95323974da1e8e216282255/0y_geAtiIiGB6Y7:0
[ 4498806ms] [WARNING] No available adapters. @ https://challenges.cloudflare.com/cdn-cgi/challenge-platform/h/g/turnstile/f/ov2/av0/rch/gywym/0x4AAAAAAAJel0iaAR3mgkjp/light/fbE/api/flexible?lang=auto:0
[ 4498820ms] [ERROR]  Note that 'script-src' was not explicitly set, so 'default-src' is used as a fallback. @ https://challenges.cloudflare.com/cdn-cgi/challenge-platform/h/g/turnstile/f/ov2/av0/rch/gywym/0x4AAAAAAAJel0iaAR3mgkjp/light/fbE/api/flexible?lang=auto:0
[ 4502134ms] [WARNING] The resource https://challenges.cloudflare.com/cdn-cgi/challenge-platform/h/g/cmg/1 was preloaded using link preload but not used within a few seconds from the window's load event. Please make sure it has an appropriate `as` value and it is preloaded intentionally. @ https://challenges.cloudflare.com/cdn-cgi/challenge-platform/h/g/turnstile/f/ov2/av0/rch/gywym/0x4AAAAAAAJel0iaAR3mgkjp/light/fbE/api/flexible?lang=auto:0
[ 4620044ms] [WARNING] No available adapters. @ https://challenges.cloudflare.com/cdn-cgi/challenge-platform/h/g/turnstile/f/ov2/av0/rch/gywym/0x4AAAAAAAJel0iaAR3mgkjp/light/fbE/api/flexible?lang=auto:0
[ 4620074ms] [ERROR]  Note that 'script-src' was not explicitly set, so 'default-src' is used as a fallback. @ https://challenges.cloudflare.com/cdn-cgi/challenge-platform/h/g/turnstile/f/ov2/av0/rch/gywym/0x4AAAAAAAJel0iaAR3mgkjp/light/fbE/api/flexible?lang=auto:0
[ 4620257ms] [ERROR] %c%d font-size:0;color:transparent NaN @ https://challenges.cloudflare.com/cdn-cgi/challenge-platform/h/g/turnstile/f/ov2/av0/rch/gywym/0x4AAAAAAAJel0iaAR3mgkjp/light/fbE/api/flexible?lang=auto:0
[ 4620257ms] [ERROR] %c%d font-size:0;color:transparent NaN @ https://challenges.cloudflare.com/cdn-cgi/challenge-platform/h/g/turnstile/f/ov2/av0/rch/gywym/0x4AAAAAAAJel0iaAR3mgkjp/light/fbE/api/flexible?lang=auto:0
[ 4620257ms] [WARNING] %c%d font-size:0;color:transparent NaN @ https://challenges.cloudflare.com/cdn-cgi/challenge-platform/h/g/turnstile/f/ov2/av0/rch/gywym/0x4AAAAAAAJel0iaAR3mgkjp/light/fbE/api/flexible?lang=auto:0
[ 4620257ms] [WARNING] %c%d font-size:0;color:transparent NaN @ https://challenges.cloudflare.com/cdn-cgi/challenge-platform/h/g/turnstile/f/ov2/av0/rch/gywym/0x4AAAAAAAJel0iaAR3mgkjp/light/fbE/api/flexible?lang=auto:0
[ 4620564ms] [ERROR] Failed to load resource: the server responded with a status of 401 () @ https://challenges.cloudflare.com/cdn-cgi/challenge-platform/h/g/pat/9e1535e4ae4b6d97/1774350429282/53bbb3beb3a68164e10cdc2dde195d2afda71767255092edf58edc88e84fcd9f/BcC236jE-mGlmdg:0
[ 4623881ms] [WARNING] The resource https://challenges.cloudflare.com/cdn-cgi/challenge-platform/h/g/cmg/1 was preloaded using link preload but not used within a few seconds from the window's load event. Please make sure it has an appropriate `as` value and it is preloaded intentionally. @ https://challenges.cloudflare.com/cdn-cgi/challenge-platform/h/g/turnstile/f/ov2/av0/rch/gywym/0x4AAAAAAAJel0iaAR3mgkjp/light/fbE/api/flexible?lang=auto:0
[ 4741561ms] [ERROR] Failed to load resource: the server responded with a status of 401 () @ https://challenges.cloudflare.com/cdn-cgi/challenge-platform/h/g/pat/9e1538dd88c9fce7/1774350550990/71bbab2f4ad1eed02508f96ff448e87eb8995c981e3e31b7dd7fa6be9e9676bd/1Q5kThJrtiaCvAQ:0
[ 4741673ms] [WARNING] No available adapters. @ https://challenges.cloudflare.com/cdn-cgi/challenge-platform/h/g/turnstile/f/ov2/av0/rch/gywym/0x4AAAAAAAJel0iaAR3mgkjp/light/fbE/api/flexible?lang=auto:0
[ 4741686ms] [ERROR]  Note that 'script-src' was not explicitly set, so 'default-src' is used as a fallback. @ https://challenges.cloudflare.com/cdn-cgi/challenge-platform/h/g/turnstile/f/ov2/av0/rch/gywym/0x4AAAAAAAJel0iaAR3mgkjp/light/fbE/api/flexible?lang=auto:0
[ 4741812ms] [ERROR] %c%d font-size:0;color:transparent NaN @ https://challenges.cloudflare.com/cdn-cgi/challenge-platform/h/g/turnstile/f/ov2/av0/rch/gywym/0x4AAAAAAAJel0iaAR3mgkjp/light/fbE/api/flexible?lang=auto:0
[ 4741812ms] [ERROR] %c%d font-size:0;color:transparent NaN @ https://challenges.cloudflare.com/cdn-cgi/challenge-platform/h/g/turnstile/f/ov2/av0/rch/gywym/0x4AAAAAAAJel0iaAR3mgkjp/light/fbE/api/flexible?lang=auto:0
[ 4741813ms] [WARNING] %c%d font-size:0;color:transparent NaN @ https://challenges.cloudflare.com/cdn-cgi/challenge-platform/h/g/turnstile/f/ov2/av0/rch/gywym/0x4AAAAAAAJel0iaAR3mgkjp/light/fbE/api/flexible?lang=auto:0
[ 4741813ms] [WARNING] %c%d font-size:0;color:transparent NaN @ https://challenges.cloudflare.com/cdn-cgi/challenge-platform/h/g/turnstile/f/ov2/av0/rch/gywym/0x4AAAAAAAJel0iaAR3mgkjp/light/fbE/api/flexible?lang=auto:0
[ 4745142ms] [WARNING] The resource https://challenges.cloudflare.com/cdn-cgi/challenge-platform/h/g/cmg/1 was preloaded using link preload but not used within a few seconds from the window's load event. Please make sure it has an appropriate `as` value and it is preloaded intentionally. @ https://challenges.cloudflare.com/cdn-cgi/challenge-platform/h/g/turnstile/f/ov2/av0/rch/gywym/0x4AAAAAAAJel0iaAR3mgkjp/light/fbE/api/flexible?lang=auto:0
