[  869990ms] [ERROR] Failed to load resource: the server responded with a status of 404 () @ https://resend.com/docs?_rsc=meep3:0
[  870297ms] [WARNING] No available adapters. @ https://resend.com/onboarding:0
[  870437ms] [WARNING] No available adapters. @ https://resend.com/onboarding:0
[  870607ms] [WARNING] [.WebGL-0x127c01e1ca00]GL Driver Message (OpenGL, Performance, GL_CLOSE_PATH_NV, High): GPU stall due to ReadPixels @ https://resend.com/onboarding:0
[  873564ms] [ERROR] Failed to load resource: the server responded with a status of 404 () @ https://resend.com/docs/dashboard/emails/introduction?_rsc=pod2k:0
[  881613ms] [WARNING] The width(-1) and height(-1) of chart should be greater than 0,
       please check the style of container, or the props width(100%) and height(100%),
       or add a minWidth(0) or minHeight(undefined) or use aspect(undefined) to control the
       height and width. @ https://resend.com/relay-qWzP/static/posthog-recorder.js?v=1.335.0:0
[  884277ms] [ERROR] Failed to load resource: the server responded with a status of 404 () @ https://resend.com/docs/dashboard/audiences/introduction?_rsc=sgmd7:0
[  886997ms] [ERROR] Failed to load resource: the server responded with a status of 404 () @ https://resend.com/docs/dashboard/emails/introduction?_rsc=pod2k:0
[  896178ms] [WARNING] The resource https://resend.com/_next/static/chunks/5e561db8185bdea6.css?dpl=dpl_AADE69TwwQ1kkWDvSwsBAMkUNEpQ was preloaded using link preload but not used within a few seconds from the window's load event. Please make sure it has an appropriate `as` value and it is preloaded intentionally. @ https://resend.com/emails:0
[  900273ms] [WARNING] The resource https://resend.com/_next/static/chunks/5e561db8185bdea6.css?dpl=dpl_AADE69TwwQ1kkWDvSwsBAMkUNEpQ was preloaded using link preload but not used within a few seconds from the window's load event. Please make sure it has an appropriate `as` value and it is preloaded intentionally. @ https://resend.com/emails:0
[  903251ms] [ERROR] Failed to load resource: the server responded with a status of 404 () @ https://resend.com/docs/dashboard/broadcasts/introduction?_rsc=1gn5n:0
[  910117ms] [WARNING] The resource https://resend.com/_next/static/chunks/5e561db8185bdea6.css?dpl=dpl_AADE69TwwQ1kkWDvSwsBAMkUNEpQ was preloaded using link preload but not used within a few seconds from the window's load event. Please make sure it has an appropriate `as` value and it is preloaded intentionally. @ https://resend.com/broadcasts:0
[  915399ms] [WARNING] The resource https://resend.com/_next/static/chunks/5e561db8185bdea6.css?dpl=dpl_AADE69TwwQ1kkWDvSwsBAMkUNEpQ was preloaded using link preload but not used within a few seconds from the window's load event. Please make sure it has an appropriate `as` value and it is preloaded intentionally. @ https://resend.com/broadcasts:0
[  920263ms] [WARNING] The resource https://resend.com/_next/static/chunks/5e561db8185bdea6.css?dpl=dpl_AADE69TwwQ1kkWDvSwsBAMkUNEpQ was preloaded using link preload but not used within a few seconds from the window's load event. Please make sure it has an appropriate `as` value and it is preloaded intentionally. @ https://resend.com/broadcasts:0
[  930283ms] [WARNING] The resource https://resend.com/_next/static/chunks/5e561db8185bdea6.css?dpl=dpl_AADE69TwwQ1kkWDvSwsBAMkUNEpQ was preloaded using link preload but not used within a few seconds from the window's load event. Please make sure it has an appropriate `as` value and it is preloaded intentionally. @ https://resend.com/broadcasts:0
[  935250ms] [WARNING] The resource https://resend.com/_next/static/chunks/5e561db8185bdea6.css?dpl=dpl_AADE69TwwQ1kkWDvSwsBAMkUNEpQ was preloaded using link preload but not used within a few seconds from the window's load event. Please make sure it has an appropriate `as` value and it is preloaded intentionally. @ https://resend.com/broadcasts:0
[  940307ms] [WARNING] The resource https://resend.com/_next/static/chunks/5e561db8185bdea6.css?dpl=dpl_AADE69TwwQ1kkWDvSwsBAMkUNEpQ was preloaded using link preload but not used within a few seconds from the window's load event. Please make sure it has an appropriate `as` value and it is preloaded intentionally. @ https://resend.com/broadcasts:0
[  950262ms] [WARNING] The resource https://resend.com/_next/static/chunks/5e561db8185bdea6.css?dpl=dpl_AADE69TwwQ1kkWDvSwsBAMkUNEpQ was preloaded using link preload but not used within a few seconds from the window's load event. Please make sure it has an appropriate `as` value and it is preloaded intentionally. @ https://resend.com/broadcasts:0
[  950702ms] [ERROR] Failed to load resource: the server responded with a status of 404 () @ https://resend.com/docs/dashboard/broadcasts/introduction?_rsc=1gn5n:0
[  960292ms] [WARNING] The resource https://resend.com/_next/static/chunks/5e561db8185bdea6.css?dpl=dpl_AADE69TwwQ1kkWDvSwsBAMkUNEpQ was preloaded using link preload but not used within a few seconds from the window's load event. Please make sure it has an appropriate `as` value and it is preloaded intentionally. @ https://resend.com/broadcasts:0
[  965269ms] [WARNING] The resource https://resend.com/_next/static/chunks/5e561db8185bdea6.css?dpl=dpl_AADE69TwwQ1kkWDvSwsBAMkUNEpQ was preloaded using link preload but not used within a few seconds from the window's load event. Please make sure it has an appropriate `as` value and it is preloaded intentionally. @ https://resend.com/broadcasts:0
[  980284ms] [WARNING] The resource https://resend.com/_next/static/chunks/5e561db8185bdea6.css?dpl=dpl_AADE69TwwQ1kkWDvSwsBAMkUNEpQ was preloaded using link preload but not used within a few seconds from the window's load event. Please make sure it has an appropriate `as` value and it is preloaded intentionally. @ https://resend.com/broadcasts:0
[  985249ms] [WARNING] The resource https://resend.com/_next/static/chunks/5e561db8185bdea6.css?dpl=dpl_AADE69TwwQ1kkWDvSwsBAMkUNEpQ was preloaded using link preload but not used within a few seconds from the window's load event. Please make sure it has an appropriate `as` value and it is preloaded intentionally. @ https://resend.com/broadcasts:0
[  995309ms] [WARNING] The resource https://resend.com/_next/static/chunks/5e561db8185bdea6.css?dpl=dpl_AADE69TwwQ1kkWDvSwsBAMkUNEpQ was preloaded using link preload but not used within a few seconds from the window's load event. Please make sure it has an appropriate `as` value and it is preloaded intentionally. @ https://resend.com/broadcasts:0
[ 1000239ms] [WARNING] The resource https://resend.com/_next/static/chunks/5e561db8185bdea6.css?dpl=dpl_AADE69TwwQ1kkWDvSwsBAMkUNEpQ was preloaded using link preload but not used within a few seconds from the window's load event. Please make sure it has an appropriate `as` value and it is preloaded intentionally. @ https://resend.com/broadcasts:0
