[  346567ms] [ERROR] Failed to load resource: the server responded with a status of 400 () @ https://genexpep.com/_next/image?url=%2Fproducts%2F5-amino.png&w=640&q=75:0
[  346567ms] [ERROR] Failed to load resource: the server responded with a status of 400 () @ https://genexpep.com/_next/image?url=%2Fproducts%2Faod.png&w=640&q=75:0
[  346568ms] [ERROR] Failed to load resource: the server responded with a status of 400 () @ https://genexpep.com/_next/image?url=%2Fproducts%2Fbac-water.png&w=640&q=75:0
[  346569ms] [ERROR] Failed to load resource: the server responded with a status of 400 () @ https://genexpep.com/_next/image?url=%2Fproducts%2Fbpc157.png&w=640&q=75:0
[  346569ms] [ERROR] Failed to load resource: the server responded with a status of 400 () @ https://genexpep.com/_next/image?url=%2Fproducts%2Fbb.png&w=640&q=75:0
[  346574ms] [ERROR] Failed to load resource: the server responded with a status of 400 () @ https://genexpep.com/_next/image?url=%2Fproducts%2Fcjc-dac.png&w=640&q=75:0
[  346590ms] [ERROR] Failed to load resource: the server responded with a status of 400 () @ https://genexpep.com/_next/image?url=%2Fproducts%2Fcjc.png&w=640&q=75:0
[  346602ms] [ERROR] Failed to load resource: the server responded with a status of 400 () @ https://genexpep.com/_next/image?url=%2Fproducts%2Fcagrilintide.png&w=640&q=75:0
[  346603ms] [ERROR] Failed to load resource: the server responded with a status of 400 () @ https://genexpep.com/_next/image?url=%2Fproducts%2Fcjcipa.png&w=640&q=75:0
[  346692ms] [ERROR] Failed to load resource: the server responded with a status of 400 () @ https://genexpep.com/_next/image?url=%2Fproducts%2Fdsip.png&w=640&q=75:0
[  346693ms] [ERROR] Failed to load resource: the server responded with a status of 400 () @ https://genexpep.com/_next/image?url=%2Fproducts%2Fghkcu.png&w=640&q=75:0
[  346693ms] [ERROR] Failed to load resource: the server responded with a status of 400 () @ https://genexpep.com/_next/image?url=%2Fproducts%2Fglow.png&w=640&q=75:0
[  346694ms] [ERROR] Failed to load resource: the server responded with a status of 400 () @ https://genexpep.com/_next/image?url=%2Fproducts%2Fghrp2.png&w=640&q=75:0
[  346694ms] [ERROR] Failed to load resource: the server responded with a status of 400 () @ https://genexpep.com/_next/image?url=%2Fproducts%2Fepithalon.png&w=640&q=75:0
[  346694ms] [ERROR] Failed to load resource: the server responded with a status of 400 () @ https://genexpep.com/_next/image?url=%2Fproducts%2Fghrp6.png&w=640&q=75:0
[  346886ms] [ERROR] Failed to load resource: the server responded with a status of 400 () @ https://genexpep.com/_next/image?url=%2Fproducts%2Fcerebro.png&w=640&q=75:0
[  351278ms] [ERROR] Failed to load resource: the server responded with a status of 400 () @ https://genexpep.com/_next/image?url=%2Fproducts%2F5-amino.png&w=640&q=75:0
[  351299ms] [ERROR] Failed to load resource: the server responded with a status of 400 () @ https://genexpep.com/_next/image?url=%2Fproducts%2Faod.png&w=640&q=75:0
[  351307ms] [ERROR] Failed to load resource: the server responded with a status of 400 () @ https://genexpep.com/_next/image?url=%2Fproducts%2Fbpc157.png&w=640&q=75:0
[  351313ms] [ERROR] Failed to load resource: the server responded with a status of 400 () @ https://genexpep.com/_next/image?url=%2Fproducts%2Fbb.png&w=640&q=75:0
[  351320ms] [ERROR] Failed to load resource: the server responded with a status of 400 () @ https://genexpep.com/_next/image?url=%2Fproducts%2Fbac-water.png&w=640&q=75:0
[  351324ms] [ERROR] Failed to load resource: the server responded with a status of 400 () @ https://genexpep.com/_next/image?url=%2Fproducts%2Fghrp6.png&w=640&q=75:0
[  351325ms] [ERROR] Failed to load resource: the server responded with a status of 400 () @ https://genexpep.com/_next/image?url=%2Fproducts%2Fcjc.png&w=640&q=75:0
[  351337ms] [ERROR] Failed to load resource: the server responded with a status of 400 () @ https://genexpep.com/_next/image?url=%2Fproducts%2Fcjc-dac.png&w=640&q=75:0
[  351354ms] [ERROR] Failed to load resource: the server responded with a status of 400 () @ https://genexpep.com/_next/image?url=%2Fproducts%2Fcjcipa.png&w=640&q=75:0
[  351354ms] [ERROR] Failed to load resource: the server responded with a status of 400 () @ https://genexpep.com/_next/image?url=%2Fproducts%2Fcagrilintide.png&w=640&q=75:0
[  351358ms] [ERROR] Failed to load resource: the server responded with a status of 400 () @ https://genexpep.com/_next/image?url=%2Fproducts%2Fcerebro.png&w=640&q=75:0
[  351359ms] [ERROR] Failed to load resource: the server responded with a status of 400 () @ https://genexpep.com/_next/image?url=%2Fproducts%2Fdsip.png&w=640&q=75:0
[  351371ms] [ERROR] Failed to load resource: the server responded with a status of 400 () @ https://genexpep.com/_next/image?url=%2Fproducts%2Fghrp2.png&w=640&q=75:0
[  351381ms] [ERROR] Failed to load resource: the server responded with a status of 400 () @ https://genexpep.com/_next/image?url=%2Fproducts%2Fghkcu.png&w=640&q=75:0
[  351382ms] [ERROR] Failed to load resource: the server responded with a status of 400 () @ https://genexpep.com/_next/image?url=%2Fproducts%2Fepithalon.png&w=640&q=75:0
[  351383ms] [ERROR] Failed to load resource: the server responded with a status of 400 () @ https://genexpep.com/_next/image?url=%2Fproducts%2Fglow.png&w=640&q=75:0
