[    2032ms] [ERROR] Failed to load resource: the server responded with a status of 400 (Bad Request) @ http://localhost:3012/_next/image?url=%2Fproducts%2F5-amino-1mq.png&w=1080&q=75:0
[    2360ms] [ERROR] Failed to load resource: the server responded with a status of 400 (Bad Request) @ http://localhost:3012/_next/image?url=%2Fproducts%2Faod-9604.png&w=1080&q=75:0
[    2379ms] [ERROR] Failed to load resource: the server responded with a status of 400 (Bad Request) @ http://localhost:3012/_next/image?url=%2Fproducts%2Fcjc-1295-dac-multi.png&w=1080&q=75:0
[    2398ms] [ERROR] Failed to load resource: the server responded with a status of 400 (Bad Request) @ http://localhost:3012/_next/image?url=%2Fproducts%2Fbpc-157.png&w=1080&q=75:0
[    2477ms] [ERROR] Failed to load resource: the server responded with a status of 400 (Bad Request) @ http://localhost:3012/_next/image?url=%2Fproducts%2Fsemax-multi.png&w=1080&q=75:0
[    2509ms] [ERROR] Failed to load resource: the server responded with a status of 400 (Bad Request) @ http://localhost:3012/_next/image?url=%2Fproducts%2Fcjc-1295-no-dac.png&w=1080&q=75:0
[    2510ms] [ERROR] Failed to load resource: the server responded with a status of 400 (Bad Request) @ http://localhost:3012/_next/image?url=%2Fproducts%2Fcjc-1295-dac.png&w=1080&q=75:0
[    2548ms] [ERROR] Failed to load resource: the server responded with a status of 400 (Bad Request) @ http://localhost:3012/_next/image?url=%2Fproducts%2Fretatrutide-cagrilintide.png&w=1080&q=75:0
[    2566ms] [ERROR] Failed to load resource: the server responded with a status of 400 (Bad Request) @ http://localhost:3012/_next/image?url=%2Fproducts%2Fmots-c-multi.png&w=1080&q=75:0
[    2567ms] [ERROR] Failed to load resource: the server responded with a status of 400 (Bad Request) @ http://localhost:3012/_next/image?url=%2Fproducts%2Fthymosin-alpha-1-blue.png&w=1080&q=75:0
[    2595ms] [ERROR] Failed to load resource: the server responded with a status of 400 (Bad Request) @ http://localhost:3012/_next/image?url=%2Fproducts%2Faod-9604-single.png&w=1080&q=75:0
[    2599ms] [ERROR] Failed to load resource: the server responded with a status of 400 (Bad Request) @ http://localhost:3012/_next/image?url=%2Fproducts%2Fghk-cu.png&w=1080&q=75:0
[    2601ms] [ERROR] Failed to load resource: the server responded with a status of 400 (Bad Request) @ http://localhost:3012/_next/image?url=%2Fproducts%2Fghrp-6-glow.png&w=1080&q=75:0
[    2647ms] [ERROR] Failed to load resource: the server responded with a status of 400 (Bad Request) @ http://localhost:3012/_next/image?url=%2Fproducts%2Fghrp-6.png&w=1080&q=75:0
[    2648ms] [ERROR] Failed to load resource: the server responded with a status of 400 (Bad Request) @ http://localhost:3012/_next/image?url=%2Fproducts%2Fhexarelin.png&w=1080&q=75:0
[    2648ms] [ERROR] Failed to load resource: the server responded with a status of 400 (Bad Request) @ http://localhost:3012/_next/image?url=%2Fproducts%2Figf-1-lr3.png&w=1080&q=75:0
[    7701ms] [ERROR] Failed to load resource: the server responded with a status of 400 (Bad Request) @ http://localhost:3012/_next/image?url=%2Fproducts%2Fmots-c.png&w=1080&q=75:0
[    7702ms] [ERROR] Failed to load resource: the server responded with a status of 400 (Bad Request) @ http://localhost:3012/_next/image?url=%2Fproducts%2Ftirzepatide-wholesale.png&w=1080&q=75:0
[    7712ms] [ERROR] Failed to load resource: the server responded with a status of 400 (Bad Request) @ http://localhost:3012/_next/image?url=%2Fproducts%2Fmots-c-box.png&w=1080&q=75:0
[    7713ms] [ERROR] Failed to load resource: the server responded with a status of 400 (Bad Request) @ http://localhost:3012/_next/image?url=%2Fproducts%2Fghk-cu-multi.png&w=1080&q=75:0
[    7740ms] [ERROR] Failed to load resource: the server responded with a status of 400 (Bad Request) @ http://localhost:3012/_next/image?url=%2Fproducts%2Fnad-plus.png&w=1080&q=75:0
[    7777ms] [ERROR] Failed to load resource: the server responded with a status of 400 (Bad Request) @ http://localhost:3012/_next/image?url=%2Fproducts%2Fretatrutide.png&w=1080&q=75:0
[    7794ms] [ERROR] Failed to load resource: the server responded with a status of 400 (Bad Request) @ http://localhost:3012/_next/image?url=%2Fproducts%2Fpt-141.png&w=1080&q=75:0
[    7794ms] [ERROR] Failed to load resource: the server responded with a status of 400 (Bad Request) @ http://localhost:3012/_next/image?url=%2Fproducts%2Ftirzepatide.png&w=1080&q=75:0
[    7794ms] [ERROR] Failed to load resource: the server responded with a status of 400 (Bad Request) @ http://localhost:3012/_next/image?url=%2Fproducts%2Fvitamin-b12.png&w=1080&q=75:0
[    7807ms] [ERROR] Failed to load resource: the server responded with a status of 400 (Bad Request) @ http://localhost:3012/_next/image?url=%2Fproducts%2Fwolverine-stack.png&w=1080&q=75:0
[    7837ms] [ERROR] Failed to load resource: the server responded with a status of 400 (Bad Request) @ http://localhost:3012/_next/image?url=%2Fproducts%2Ftesamorelin.png&w=1080&q=75:0
[    7837ms] [ERROR] Failed to load resource: the server responded with a status of 400 (Bad Request) @ http://localhost:3012/_next/image?url=%2Fproducts%2Fthymosin-alpha-1.png&w=1080&q=75:0
[    7838ms] [ERROR] Failed to load resource: the server responded with a status of 400 (Bad Request) @ http://localhost:3012/_next/image?url=%2Fproducts%2Fthymosin-box.png&w=1080&q=75:0
[    7841ms] [ERROR] Failed to load resource: the server responded with a status of 400 (Bad Request) @ http://localhost:3012/_next/image?url=%2Fproducts%2Ftirzepatide-caps.png&w=1080&q=75:0
[    7851ms] [ERROR] Failed to load resource: the server responded with a status of 400 (Bad Request) @ http://localhost:3012/_next/image?url=%2Fproducts%2Ftesamorelin-multi.png&w=1080&q=75:0
[    7883ms] [ERROR] Failed to load resource: the server responded with a status of 400 (Bad Request) @ http://localhost:3012/_next/image?url=%2Fproducts%2Fselank.png&w=1080&q=75:0
[    7884ms] [ERROR] Failed to load resource: the server responded with a status of 400 (Bad Request) @ http://localhost:3012/_next/image?url=%2Fproducts%2Fslu-dp-322.png&w=1080&q=75:0
[    7888ms] [ERROR] Failed to load resource: the server responded with a status of 400 (Bad Request) @ http://localhost:3012/_next/image?url=%2Fproducts%2Fsemax.png&w=1080&q=75:0
[    7889ms] [ERROR] Failed to load resource: the server responded with a status of 400 (Bad Request) @ http://localhost:3012/_next/image?url=%2Fproducts%2Fsemaglutide-caps.png&w=1080&q=75:0
[    7896ms] [ERROR] Failed to load resource: the server responded with a status of 400 (Bad Request) @ http://localhost:3012/_next/image?url=%2Fproducts%2Fipamorelin-box.png&w=1080&q=75:0
