[   17802ms] Error: Minified React error #418; visit https://reactjs.org/docs/error-decoder.html?invariant=418 for the full message or use the non-minified dev environment for full errors and additional helpful warnings.
    at ku (https://www.cloudflare.com/_willow/client.DVocGn_n.js:22:4907)
    at fa (https://www.cloudflare.com/_willow/client.DVocGn_n.js:24:45647)
    at ia (https://www.cloudflare.com/_willow/client.DVocGn_n.js:24:39783)
    at dc (https://www.cloudflare.com/_willow/client.DVocGn_n.js:24:39756)
    at na (https://www.cloudflare.com/_willow/client.DVocGn_n.js:24:34775)
    at st (https://www.cloudflare.com/_willow/client.DVocGn_n.js:9:1644)
    at MessagePort.Mt (https://www.cloudflare.com/_willow/client.DVocGn_n.js:9:2031)
[   17803ms] Error: Minified React error #418; visit https://reactjs.org/docs/error-decoder.html?invariant=418 for the full message or use the non-minified dev environment for full errors and additional helpful warnings.
    at ku (https://www.cloudflare.com/_willow/client.DVocGn_n.js:22:4907)
    at fa (https://www.cloudflare.com/_willow/client.DVocGn_n.js:24:45647)
    at ia (https://www.cloudflare.com/_willow/client.DVocGn_n.js:24:39783)
    at dc (https://www.cloudflare.com/_willow/client.DVocGn_n.js:24:39756)
    at na (https://www.cloudflare.com/_willow/client.DVocGn_n.js:24:34775)
    at st (https://www.cloudflare.com/_willow/client.DVocGn_n.js:9:1644)
    at MessagePort.Mt (https://www.cloudflare.com/_willow/client.DVocGn_n.js:9:2031)
[   17804ms] Error: Minified React error #418; visit https://reactjs.org/docs/error-decoder.html?invariant=418 for the full message or use the non-minified dev environment for full errors and additional helpful warnings.
    at ku (https://www.cloudflare.com/_willow/client.DVocGn_n.js:22:4907)
    at fa (https://www.cloudflare.com/_willow/client.DVocGn_n.js:24:45647)
    at ia (https://www.cloudflare.com/_willow/client.DVocGn_n.js:24:39783)
    at dc (https://www.cloudflare.com/_willow/client.DVocGn_n.js:24:39756)
    at na (https://www.cloudflare.com/_willow/client.DVocGn_n.js:24:34775)
    at st (https://www.cloudflare.com/_willow/client.DVocGn_n.js:9:1644)
    at MessagePort.Mt (https://www.cloudflare.com/_willow/client.DVocGn_n.js:9:2031)
[   17804ms] Error: Minified React error #423; visit https://reactjs.org/docs/error-decoder.html?invariant=423 for the full message or use the non-minified dev environment for full errors and additional helpful warnings.
    at fa (https://www.cloudflare.com/_willow/client.DVocGn_n.js:24:45307)
    at ia (https://www.cloudflare.com/_willow/client.DVocGn_n.js:24:39783)
    at cc (https://www.cloudflare.com/_willow/client.DVocGn_n.js:24:39714)
    at vl (https://www.cloudflare.com/_willow/client.DVocGn_n.js:24:39572)
    at ii (https://www.cloudflare.com/_willow/client.DVocGn_n.js:24:35956)
    at na (https://www.cloudflare.com/_willow/client.DVocGn_n.js:24:34909)
    at st (https://www.cloudflare.com/_willow/client.DVocGn_n.js:9:1644)
    at MessagePort.Mt (https://www.cloudflare.com/_willow/client.DVocGn_n.js:9:2031)
[   18424ms] [ERROR] %c%d font-size:0;color:transparent NaN @ https://challenges.cloudflare.com/cdn-cgi/challenge-platform/h/g/turnstile/f/ov2/av0/rch/dopte/0x4AAAAAAAaFLwutFA_ZjmEX/auto/fbE/new/normal?lang=auto:0
[   18424ms] [ERROR] %c%d font-size:0;color:transparent NaN @ https://challenges.cloudflare.com/cdn-cgi/challenge-platform/h/g/turnstile/f/ov2/av0/rch/dopte/0x4AAAAAAAaFLwutFA_ZjmEX/auto/fbE/new/normal?lang=auto:0
[   18427ms] [WARNING] %c%d font-size:0;color:transparent NaN @ https://challenges.cloudflare.com/cdn-cgi/challenge-platform/h/g/turnstile/f/ov2/av0/rch/dopte/0x4AAAAAAAaFLwutFA_ZjmEX/auto/fbE/new/normal?lang=auto:0
[   18427ms] [WARNING] %c%d font-size:0;color:transparent NaN @ https://challenges.cloudflare.com/cdn-cgi/challenge-platform/h/g/turnstile/f/ov2/av0/rch/dopte/0x4AAAAAAAaFLwutFA_ZjmEX/auto/fbE/new/normal?lang=auto:0
[   18510ms] [ERROR]  Note that 'script-src' was not explicitly set, so 'default-src' is used as a fallback. @ https://challenges.cloudflare.com/cdn-cgi/challenge-platform/h/g/turnstile/f/ov2/av0/rch/dopte/0x4AAAAAAAaFLwutFA_ZjmEX/auto/fbE/new/normal?lang=auto:0
[   18684ms] [WARNING] No available adapters. @ https://challenges.cloudflare.com/cdn-cgi/challenge-platform/h/g/turnstile/f/ov2/av0/rch/dopte/0x4AAAAAAAaFLwutFA_ZjmEX/auto/fbE/new/normal?lang=auto:0
[   18726ms] [ERROR] Failed to load resource: the server responded with a status of 401 () @ https://challenges.cloudflare.com/cdn-cgi/challenge-platform/h/g/pat/9db0d3f7bdb0731c/1773297842187/0c27415b5e1d616677919017f34bc91546463e74321d989fafc9c9043552dbad/lFTK-4x2Yyi0HdL:0
[   23003ms] [ERROR]  Note that 'script-src' was not explicitly set, so 'default-src' is used as a fallback. @ https://challenges.cloudflare.com/cdn-cgi/challenge-platform/h/g/turnstile/f/ov2/av0/rch/bfs08/0x4AAAAAAAJel0iaAR3mgkjp/light/fbE/new/flexible?lang=auto:0
[   23147ms] [ERROR] %c%d font-size:0;color:transparent NaN @ https://challenges.cloudflare.com/cdn-cgi/challenge-platform/h/g/turnstile/f/ov2/av0/rch/bfs08/0x4AAAAAAAJel0iaAR3mgkjp/light/fbE/new/flexible?lang=auto:0
[   23147ms] [ERROR] %c%d font-size:0;color:transparent NaN @ https://challenges.cloudflare.com/cdn-cgi/challenge-platform/h/g/turnstile/f/ov2/av0/rch/bfs08/0x4AAAAAAAJel0iaAR3mgkjp/light/fbE/new/flexible?lang=auto:0
[   23148ms] [WARNING] %c%d font-size:0;color:transparent NaN @ https://challenges.cloudflare.com/cdn-cgi/challenge-platform/h/g/turnstile/f/ov2/av0/rch/bfs08/0x4AAAAAAAJel0iaAR3mgkjp/light/fbE/new/flexible?lang=auto:0
[   23148ms] [WARNING] %c%d font-size:0;color:transparent NaN @ https://challenges.cloudflare.com/cdn-cgi/challenge-platform/h/g/turnstile/f/ov2/av0/rch/bfs08/0x4AAAAAAAJel0iaAR3mgkjp/light/fbE/new/flexible?lang=auto:0
[   23335ms] [WARNING] No available adapters. @ https://challenges.cloudflare.com/cdn-cgi/challenge-platform/h/g/turnstile/f/ov2/av0/rch/bfs08/0x4AAAAAAAJel0iaAR3mgkjp/light/fbE/new/flexible?lang=auto:0
[   23365ms] [ERROR] Failed to load resource: the server responded with a status of 401 () @ https://challenges.cloudflare.com/cdn-cgi/challenge-platform/h/g/pat/9db0d414ced1731c/1773297846772/7b7c205da091a6aaad46e8560147fd961ce6058d2db033c7abac04a3d065335e/1JSsb_LgIM_2ffa:0
[   26581ms] [WARNING] The resource https://challenges.cloudflare.com/cdn-cgi/challenge-platform/h/g/cmg/1 was preloaded using link preload but not used within a few seconds from the window's load event. Please make sure it has an appropriate `as` value and it is preloaded intentionally. @ https://challenges.cloudflare.com/cdn-cgi/challenge-platform/h/g/turnstile/f/ov2/av0/rch/bfs08/0x4AAAAAAAJel0iaAR3mgkjp/light/fbE/new/flexible?lang=auto:0
[   62476ms] [ERROR] Failed to load resource: the server responded with a status of 400 () @ https://dash.cloudflare.com/api/v4/sso/connector?domain=cryptodao.com:0
[   72828ms] [WARNING] The resource https://challenges.cloudflare.com/cdn-cgi/challenge-platform/h/g/cmg/1 was preloaded using link preload but not used within a few seconds from the window's load event. Please make sure it has an appropriate `as` value and it is preloaded intentionally. @ https://challenges.cloudflare.com/cdn-cgi/challenge-platform/h/g/turnstile/f/ov2/av0/rch/bfs08/0x4AAAAAAAJel0iaAR3mgkjp/light/fbE/new/flexible?lang=auto:0
[   92676ms] [WARNING] Deprecation warning: value provided is not in a recognized RFC2822 or ISO format. moment construction falls back to js Date(), which is not reliable across all browsers and versions. Non RFC2822/ISO date formats are discouraged. Please refer to http://momentjs.com/guides/#/warnings/js-date/ for more info.
Arguments: 
[0] _isAMomentObject: true, _isUTC: false, _useUTC: false, _l: undefined, _i: Mar 2, 2027, _f: undefined, _strict: undefined, _locale: [object Object]
Error
    at t.createFromInputFallback (https://dash.cloudflare.com/cf-9cc9ca7cc96ea723.js:3:42056)
    at https://dash.cloudflare.com/cf-9cc9ca7cc96ea723.js:3:63512
    at https://dash.cloudflare.com/cf-9cc9ca7cc96ea723.js:3:63541
    at tr (https://dash.cloudflare.com/cf-9cc9ca7cc96ea723.js:3:63853)
    at ta (https://dash.cloudflare.com/cf-9cc9ca7cc96ea723.js:3:64117)
    at ti (https://dash.cloudflare.com/cf-9cc9ca7cc96ea723.js:3:64199)
    at t (https://dash.cloudflare.com/cf-9cc9ca7cc96ea723.js:3:38977)
    at p (https://dash.cloudflare.com/cf-68f96530efc6b3be.js:3:44934)
    at ei (https://dash.cloudflare.com/cf-acb62c72900e9265.js:3:21915)
    at ak (https://dash.cloudflare.com/cf-7a558b35d4204b06.js:3:61153)
    at i (https://dash.cloudflare.com/cf-7a558b35d4204b06.js:3:119569)
    at oO (https://dash.cloudflare.com/cf-7a558b35d4204b06.js:3:99246)
    at oR (https://dash.cloudflare.com/cf-7a558b35d4204b06.js:3:99116)
    at oz (https://dash.cloudflare.com/cf-7a558b35d4204b06.js:3:96221)
    at r8 (https://dash.cloudflare.com/cf-7a558b35d4204b06.js:3:45063)
    at https://dash.cloudflare.com/cf-7a558b35d4204b06.js:3:93801 @ https://dash.cloudflare.com/cf-b9849d3b09d1015c.js:2
[   93584ms] [ERROR] Failed to load resource: the server responded with a status of 404 () @ https://dash.cloudflare.com/api/v4/zones/dba06664d090ba22abaab226b98abcaf/rulesets/phases/http_ratelimit/entrypoint:0
