[    3506ms] [ERROR] Failed to load resource: the server responded with a status of 500 () @ https://supabase.com/dashboard/api/incident-status:0
[    3523ms] [ERROR] [getIncidentStatus] Failed: 500 {"error":"Unable to fetch incidents at this time"} @ https://frontend-assets.supabase.com/studio/97f10d2087d8/_next/static/chunks/e9ea1de2607597e2.js?dpl=dpl_HsmhrocHHPfreq6b49NsLY3UFRzb:14
[    3634ms] [ERROR] Failed to load resource: the server responded with a status of 502 () @ https://supabase.com/dashboard/api/incident-banner:0
[    5102ms] [ERROR] Failed to load resource: the server responded with a status of 502 () @ https://supabase.com/dashboard/api/incident-banner:0
[    5194ms] [ERROR] Failed to load resource: the server responded with a status of 500 () @ https://supabase.com/dashboard/api/incident-status:0
[    5195ms] [ERROR] [getIncidentStatus] Failed: 500 {"error":"Unable to fetch incidents at this time"} @ https://frontend-assets.supabase.com/studio/97f10d2087d8/_next/static/chunks/e9ea1de2607597e2.js?dpl=dpl_HsmhrocHHPfreq6b49NsLY3UFRzb:14
[    6294ms] [ERROR] Loading the script 'https://web.cmp.usercentrics.eu/tcf/stub.js' violates the following Content Security Policy directive: "script-src 'self' 'unsafe-eval' 'unsafe-inline' https://cdnjs.cloudflare.com https://js.hcaptcha.com https://js.stripe.com https://frontend-assets.supabase.com https://ss.supabase.com https://ph.supabase.com https://vercel.live https://*.pusher.com https://maps.googleapis.com". Note that 'script-src-elem' was not explicitly set, so 'script-src' is used as a fallback. The action has been blocked. @ https://ss.supabase.com/4icgbaujh.js?60a389s=aWQ9R1RNLVdDVlJMTU43&page=2:145
[    6295ms] [ERROR] Loading the script 'https://web.cmp.usercentrics.eu/ui/loader.js' violates the following Content Security Policy directive: "script-src 'self' 'unsafe-eval' 'unsafe-inline' https://cdnjs.cloudflare.com https://js.hcaptcha.com https://js.stripe.com https://frontend-assets.supabase.com https://ss.supabase.com https://ph.supabase.com https://vercel.live https://*.pusher.com https://maps.googleapis.com". Note that 'script-src-elem' was not explicitly set, so 'script-src' is used as a fallback. The action has been blocked. @ https://ss.supabase.com/4icgbaujh.js?60a389s=aWQ9R1RNLVdDVlJMTU43&page=2:145
[    7708ms] [ERROR] Failed to load resource: the server responded with a status of 500 () @ https://supabase.com/dashboard/api/incident-status:0
[    7710ms] [ERROR] [getIncidentStatus] Failed: 500 {"error":"Unable to fetch incidents at this time"} @ https://frontend-assets.supabase.com/studio/97f10d2087d8/_next/static/chunks/e9ea1de2607597e2.js?dpl=dpl_HsmhrocHHPfreq6b49NsLY3UFRzb:14
[    7881ms] [ERROR] Failed to load resource: the server responded with a status of 502 () @ https://supabase.com/dashboard/api/incident-banner:0
[    8401ms] [WARNING] [Warning] Please install/enable Redux devtools extension @ https://frontend-assets.supabase.com/studio/97f10d2087d8/_next/static/chunks/e9ea1de2607597e2.js?dpl=dpl_HsmhrocHHPfreq6b49NsLY3UFRzb:14
[   10067ms] [ERROR] Failed to load resource: the server responded with a status of 429 () @ https://o398706.ingest.us.sentry.io/api/5459134/envelope/?sentry_version=7&sentry_key=caa7db5fc1da4341810a6d56251a951c&sentry_client=sentry.javascript.nextjs%2F10.27.0:0
[   12167ms] [ERROR] Failed to load resource: the server responded with a status of 500 () @ https://supabase.com/dashboard/api/incident-status:0
[   12169ms] [ERROR] [getIncidentStatus] Failed: 500 {"error":"Unable to fetch incidents at this time"} @ https://frontend-assets.supabase.com/studio/97f10d2087d8/_next/static/chunks/e9ea1de2607597e2.js?dpl=dpl_HsmhrocHHPfreq6b49NsLY3UFRzb:14
[   12349ms] [ERROR] Failed to load resource: the server responded with a status of 502 () @ https://supabase.com/dashboard/api/incident-banner:0
[ 3003547ms] [ERROR] Failed to load resource: the server responded with a status of 500 () @ https://supabase.com/dashboard/api/incident-status:0
[ 3003712ms] [ERROR] Failed to load resource: the server responded with a status of 502 () @ https://supabase.com/dashboard/api/incident-banner:0
[ 3003732ms] [ERROR] [getIncidentStatus] Failed: 500 {"error":"Unable to fetch incidents at this time"} @ https://frontend-assets.supabase.com/studio/97f10d2087d8/_next/static/chunks/e9ea1de2607597e2.js?dpl=dpl_HsmhrocHHPfreq6b49NsLY3UFRzb:14
[ 3006027ms] [ERROR] Failed to load resource: the server responded with a status of 502 () @ https://supabase.com/dashboard/api/incident-banner:0
[ 3006030ms] [ERROR] Failed to load resource: the server responded with a status of 500 () @ https://supabase.com/dashboard/api/incident-status:0
[ 3006035ms] [ERROR] [getIncidentStatus] Failed: 500 {"error":"Unable to fetch incidents at this time"} @ https://frontend-assets.supabase.com/studio/97f10d2087d8/_next/static/chunks/e9ea1de2607597e2.js?dpl=dpl_HsmhrocHHPfreq6b49NsLY3UFRzb:14
[ 3008511ms] [ERROR] Failed to load resource: the server responded with a status of 500 () @ https://supabase.com/dashboard/api/incident-status:0
[ 3008514ms] [ERROR] [getIncidentStatus] Failed: 500 {"error":"Unable to fetch incidents at this time"} @ https://frontend-assets.supabase.com/studio/97f10d2087d8/_next/static/chunks/e9ea1de2607597e2.js?dpl=dpl_HsmhrocHHPfreq6b49NsLY3UFRzb:14
[ 3008601ms] [ERROR] Failed to load resource: the server responded with a status of 502 () @ https://supabase.com/dashboard/api/incident-banner:0
[ 3013032ms] [ERROR] Failed to load resource: the server responded with a status of 502 () @ https://supabase.com/dashboard/api/incident-banner:0
[ 3013104ms] [ERROR] Failed to load resource: the server responded with a status of 500 () @ https://supabase.com/dashboard/api/incident-status:0
[ 3013112ms] [ERROR] [getIncidentStatus] Failed: 500 {"error":"Unable to fetch incidents at this time"} @ https://frontend-assets.supabase.com/studio/97f10d2087d8/_next/static/chunks/e9ea1de2607597e2.js?dpl=dpl_HsmhrocHHPfreq6b49NsLY3UFRzb:14
