[   72339ms] Error: 
Invalid `prisma.product.findMany()` invocation:


Can't reach database server at `localhost:5434`

Please make sure your database server is running at `localhost:5434`.
    at $n.handleRequestError (/home/saloprj/projects/genex/node_modules/@prisma/client/runtime/library.js:121:7615)
    at $n.handleAndLogRequestError (/home/saloprj/projects/genex/node_modules/@prisma/client/runtime/library.js:121:6623)
    at $n.request (/home/saloprj/projects/genex/node_modules/@prisma/client/runtime/library.js:121:6307)
    at async l (/home/saloprj/projects/genex/node_modules/@prisma/client/runtime/library.js:130:9633)
    at async ProductsSection (webpack-internal:///(rsc)/./src/app/shop/page.tsx:30:22)
[   72344ms] Error: 
Invalid `prisma.product.findMany()` invocation:


Can't reach database server at `localhost:5434`

Please make sure your database server is running at `localhost:5434`.
    at $n.handleRequestError (/home/saloprj/projects/genex/node_modules/@prisma/client/runtime/library.js:121:7615)
    at $n.handleAndLogRequestError (/home/saloprj/projects/genex/node_modules/@prisma/client/runtime/library.js:121:6623)
    at $n.request (/home/saloprj/projects/genex/node_modules/@prisma/client/runtime/library.js:121:6307)
    at async l (/home/saloprj/projects/genex/node_modules/@prisma/client/runtime/library.js:130:9633)
    at async ProductsSection (webpack-internal:///(rsc)/./src/app/shop/page.tsx:30:22)
[   72345ms] Error: 
Invalid `prisma.product.findMany()` invocation:


Can't reach database server at `localhost:5434`

Please make sure your database server is running at `localhost:5434`.
    at $n.handleRequestError (/home/saloprj/projects/genex/node_modules/@prisma/client/runtime/library.js:121:7615)
    at $n.handleAndLogRequestError (/home/saloprj/projects/genex/node_modules/@prisma/client/runtime/library.js:121:6623)
    at $n.request (/home/saloprj/projects/genex/node_modules/@prisma/client/runtime/library.js:121:6307)
    at async l (/home/saloprj/projects/genex/node_modules/@prisma/client/runtime/library.js:130:9633)
    at async ProductsSection (webpack-internal:///(rsc)/./src/app/shop/page.tsx:30:22)
[   72347ms] Error: 
Invalid `prisma.product.findMany()` invocation:


Can't reach database server at `localhost:5434`

Please make sure your database server is running at `localhost:5434`.
    at $n.handleRequestError (/home/saloprj/projects/genex/node_modules/@prisma/client/runtime/library.js:121:7615)
    at $n.handleAndLogRequestError (/home/saloprj/projects/genex/node_modules/@prisma/client/runtime/library.js:121:6623)
    at $n.request (/home/saloprj/projects/genex/node_modules/@prisma/client/runtime/library.js:121:6307)
    at async l (/home/saloprj/projects/genex/node_modules/@prisma/client/runtime/library.js:130:9633)
    at async ProductsSection (webpack-internal:///(rsc)/./src/app/shop/page.tsx:30:22)
[   72349ms] Error: 
Invalid `prisma.product.findMany()` invocation:


Can't reach database server at `localhost:5434`

Please make sure your database server is running at `localhost:5434`.
    at $n.handleRequestError (/home/saloprj/projects/genex/node_modules/@prisma/client/runtime/library.js:121:7615)
    at $n.handleAndLogRequestError (/home/saloprj/projects/genex/node_modules/@prisma/client/runtime/library.js:121:6623)
    at $n.request (/home/saloprj/projects/genex/node_modules/@prisma/client/runtime/library.js:121:6307)
    at async l (/home/saloprj/projects/genex/node_modules/@prisma/client/runtime/library.js:130:9633)
    at async ProductsSection (webpack-internal:///(rsc)/./src/app/shop/page.tsx:30:22)
[   72350ms] Error: 
Invalid `prisma.product.findMany()` invocation:


Can't reach database server at `localhost:5434`

Please make sure your database server is running at `localhost:5434`.
    at $n.handleRequestError (/home/saloprj/projects/genex/node_modules/@prisma/client/runtime/library.js:121:7615)
    at $n.handleAndLogRequestError (/home/saloprj/projects/genex/node_modules/@prisma/client/runtime/library.js:121:6623)
    at $n.request (/home/saloprj/projects/genex/node_modules/@prisma/client/runtime/library.js:121:6307)
    at async l (/home/saloprj/projects/genex/node_modules/@prisma/client/runtime/library.js:130:9633)
    at async ProductsSection (webpack-internal:///(rsc)/./src/app/shop/page.tsx:30:22)
[   72352ms] Error: 
Invalid `prisma.product.findMany()` invocation:


Can't reach database server at `localhost:5434`

Please make sure your database server is running at `localhost:5434`.
    at $n.handleRequestError (/home/saloprj/projects/genex/node_modules/@prisma/client/runtime/library.js:121:7615)
    at $n.handleAndLogRequestError (/home/saloprj/projects/genex/node_modules/@prisma/client/runtime/library.js:121:6623)
    at $n.request (/home/saloprj/projects/genex/node_modules/@prisma/client/runtime/library.js:121:6307)
    at async l (/home/saloprj/projects/genex/node_modules/@prisma/client/runtime/library.js:130:9633)
    at async ProductsSection (webpack-internal:///(rsc)/./src/app/shop/page.tsx:30:22)
[   72353ms] Error: 
Invalid `prisma.product.findMany()` invocation:


Can't reach database server at `localhost:5434`

Please make sure your database server is running at `localhost:5434`.
    at $n.handleRequestError (/home/saloprj/projects/genex/node_modules/@prisma/client/runtime/library.js:121:7615)
    at $n.handleAndLogRequestError (/home/saloprj/projects/genex/node_modules/@prisma/client/runtime/library.js:121:6623)
    at $n.request (/home/saloprj/projects/genex/node_modules/@prisma/client/runtime/library.js:121:6307)
    at async l (/home/saloprj/projects/genex/node_modules/@prisma/client/runtime/library.js:130:9633)
    at async ProductsSection (webpack-internal:///(rsc)/./src/app/shop/page.tsx:30:22)
[   72354ms] Error: 
Invalid `prisma.product.findMany()` invocation:


Can't reach database server at `localhost:5434`

Please make sure your database server is running at `localhost:5434`.
    at $n.handleRequestError (/home/saloprj/projects/genex/node_modules/@prisma/client/runtime/library.js:121:7615)
    at $n.handleAndLogRequestError (/home/saloprj/projects/genex/node_modules/@prisma/client/runtime/library.js:121:6623)
    at $n.request (/home/saloprj/projects/genex/node_modules/@prisma/client/runtime/library.js:121:6307)
    at async l (/home/saloprj/projects/genex/node_modules/@prisma/client/runtime/library.js:130:9633)
    at async ProductsSection (webpack-internal:///(rsc)/./src/app/shop/page.tsx:30:22)
[   72355ms] Error: 
Invalid `prisma.product.findMany()` invocation:


Can't reach database server at `localhost:5434`

Please make sure your database server is running at `localhost:5434`.
    at $n.handleRequestError (/home/saloprj/projects/genex/node_modules/@prisma/client/runtime/library.js:121:7615)
    at $n.handleAndLogRequestError (/home/saloprj/projects/genex/node_modules/@prisma/client/runtime/library.js:121:6623)
    at $n.request (/home/saloprj/projects/genex/node_modules/@prisma/client/runtime/library.js:121:6307)
    at async l (/home/saloprj/projects/genex/node_modules/@prisma/client/runtime/library.js:130:9633)
    at async ProductsSection (webpack-internal:///(rsc)/./src/app/shop/page.tsx:30:22)
[   72357ms] Error: 
Invalid `prisma.product.findMany()` invocation:


Can't reach database server at `localhost:5434`

Please make sure your database server is running at `localhost:5434`.
    at $n.handleRequestError (/home/saloprj/projects/genex/node_modules/@prisma/client/runtime/library.js:121:7615)
    at $n.handleAndLogRequestError (/home/saloprj/projects/genex/node_modules/@prisma/client/runtime/library.js:121:6623)
    at $n.request (/home/saloprj/projects/genex/node_modules/@prisma/client/runtime/library.js:121:6307)
    at async l (/home/saloprj/projects/genex/node_modules/@prisma/client/runtime/library.js:130:9633)
    at async ProductsSection (webpack-internal:///(rsc)/./src/app/shop/page.tsx:30:22)
[   72358ms] Error: 
Invalid `prisma.product.findMany()` invocation:


Can't reach database server at `localhost:5434`

Please make sure your database server is running at `localhost:5434`.
    at $n.handleRequestError (/home/saloprj/projects/genex/node_modules/@prisma/client/runtime/library.js:121:7615)
    at $n.handleAndLogRequestError (/home/saloprj/projects/genex/node_modules/@prisma/client/runtime/library.js:121:6623)
    at $n.request (/home/saloprj/projects/genex/node_modules/@prisma/client/runtime/library.js:121:6307)
    at async l (/home/saloprj/projects/genex/node_modules/@prisma/client/runtime/library.js:130:9633)
    at async ProductsSection (webpack-internal:///(rsc)/./src/app/shop/page.tsx:30:22)
[   72350ms] [ERROR] The above error occurred in the <NotFoundErrorBoundary> component:

    at Suspense
    at div
    at div
    at ShopPage (Server)
    at InnerLayoutRouter (webpack-internal:///(app-pages-browser)/./node_modules/next/dist/client/components/layout-router.js:243:11)
    at RedirectErrorBoundary (webpack-internal:///(app-pages-browser)/./node_modules/next/dist/client/components/redirect-boundary.js:74:9)
    at RedirectBoundary (webpack-internal:///(app-pages-browser)/./node_modules/next/dist/client/components/redirect-boundary.js:82:11)
    at NotFoundBoundary (webpack-internal:///(app-pages-browser)/./node_modules/next/dist/client/components/not-found-boundary.js:84:11)
    at LoadingBoundary (webpack-internal:///(app-pages-browser)/./node_modules/next/dist/client/components/layout-router.js:349:11)
    at ErrorBoundary (webpack-internal:///(app-pages-browser)/./node_modules/next/dist/client/components/error-boundary.js:160:11)
    at InnerScrollAndFocusHandler (webpack-internal:///(app-pages-browser)/./node_modules/next/dist/client/components/layout-router.js:153:9)
    at ScrollAndFocusHandler (webpack-internal:///(app-pages-browser)/./node_modules/next/dist/client/components/layout-router.js:228:11)
    at RenderFromTemplateContext (webpack-internal:///(app-pages-browser)/./node_modules/next/dist/client/components/render-from-template-context.js:16:44)
    at OuterLayoutRouter (webpack-internal:///(app-pages-browser)/./node_modules/next/dist/client/components/layout-router.js:370:11)
    at main
    at div
    at ShopLayout (Server)
    at InnerLayoutRouter (webpack-internal:///(app-pages-browser)/./node_modules/next/dist/client/components/layout-router.js:243:11)
    at RedirectErrorBoundary (webpack-internal:///(app-pages-browser)/./node_modules/next/dist/client/components/redirect-boundary.js:74:9)
    at RedirectBoundary (webpack-internal:///(app-pages-browser)/./node_modules/next/dist/client/components/redirect-boundary.js:82:11)
    at NotFoundErrorBoundary (webpack-internal:///(app-pages-browser)/./node_modules/next/dist/client/components/not-found-boundary.js:76:9)
    at NotFoundBoundary (webpack-internal:///(app-pages-browser)/./node_modules/next/dist/client/components/not-found-boundary.js:84:11)
    at LoadingBoundary (webpack-internal:///(app-pages-browser)/./node_modules/next/dist/client/components/layout-router.js:349:11)
    at ErrorBoundary (webpack-internal:///(app-pages-browser)/./node_modules/next/dist/client/components/error-boundary.js:160:11)
    at InnerScrollAndFocusHandler (webpack-internal:///(app-pages-browser)/./node_modules/next/dist/client/components/layout-router.js:153:9)
    at ScrollAndFocusHandler (webpack-internal:///(app-pages-browser)/./node_modules/next/dist/client/components/layout-router.js:228:11)
    at RenderFromTemplateContext (webpack-internal:///(app-pages-browser)/./node_modules/next/dist/client/components/render-from-template-context.js:16:44)
    at OuterLayoutRouter (webpack-internal:///(app-pages-browser)/./node_modules/next/dist/client/components/layout-router.js:370:11)
    at ToastProvider (webpack-internal:///(app-pages-browser)/./src/components/ui/Toast.tsx:25:11)
    at body
    at html
    at RootLayout (Server)
    at RedirectErrorBoundary (webpack-internal:///(app-pages-browser)/./node_modules/next/dist/client/components/redirect-boundary.js:74:9)
    at RedirectBoundary (webpack-internal:///(app-pages-browser)/./node_modules/next/dist/client/components/redirect-boundary.js:82:11)
    at NotFoundErrorBoundary (webpack-internal:///(app-pages-browser)/./node_modules/next/dist/client/components/not-found-boundary.js:76:9)
    at NotFoundBoundary (webpack-internal:///(app-pages-browser)/./node_modules/next/dist/client/components/not-found-boundary.js:84:11)
    at DevRootNotFoundBoundary (webpack-internal:///(app-pages-browser)/./node_modules/next/dist/client/components/dev-root-not-found-boundary.js:33:11)
    at ReactDevOverlay (webpack-internal:///(app-pages-browser)/./node_modules/next/dist/client/components/react-dev-overlay/app/ReactDevOverlay.js:87:9)
    at HotReload (webpack-internal:///(app-pages-browser)/./node_modules/next/dist/client/components/react-dev-overlay/app/hot-reloader-client.js:321:11)
    at Router (webpack-internal:///(app-pages-browser)/./node_modules/next/dist/client/components/app-router.js:207:11)
    at ErrorBoundaryHandler (webpack-internal:///(app-pages-browser)/./node_modules/next/dist/client/components/error-boundary.js:113:9)
    at ErrorBoundary (webpack-internal:///(app-pages-browser)/./node_modules/next/dist/client/components/error-boundary.js:160:11)
    at AppRouter (webpack-internal:///(app-pages-browser)/./node_modules/next/dist/client/components/app-router.js:585:13)
    at ServerRoot (webpack-internal:///(app-pages-browser)/./node_modules/next/dist/client/app-index.js:112:27)
    at Root (webpack-internal:///(app-pages-browser)/./node_modules/next/dist/client/app-index.js:117:11)

React will try to recreate this component tree from scratch using the error boundary you provided, ReactDevOverlay. @ webpack-internal:///(app-pages-browser)/./node_modules/next/dist/client/app-index.js:32
[   72387ms] [ERROR] Failed to load resource: the server responded with a status of 400 (Bad Request) @ http://localhost:3004/__nextjs_original-stack-frame?isServer=false&isEdgeServer=false&isAppDirectory=true&errorMessage=Error%3A+%0AInvalid+%60prisma.product.findMany%28%29%60+invocation%3A%0A%0A%0ACan%27t+reach+database+server+at+%60localhost%3A5434%60%0A%0APlease+make+sure+your+database+server+is+running+at+%60localhost%3A5434%60.&file=%2Fhome%2Fsaloprj%2Fprojects%2Fgenex%2Fnode_modules%2F%40prisma%2Fclient%2Fruntime%2Flibrary.js&methodName=%24n.handleRequestError&arguments=&lineNumber=121&column=7615:0
[   72388ms] [ERROR] Failed to load resource: the server responded with a status of 400 (Bad Request) @ http://localhost:3004/__nextjs_original-stack-frame?isServer=false&isEdgeServer=false&isAppDirectory=true&errorMessage=Error%3A+%0AInvalid+%60prisma.product.findMany%28%29%60+invocation%3A%0A%0A%0ACan%27t+reach+database+server+at+%60localhost%3A5434%60%0A%0APlease+make+sure+your+database+server+is+running+at+%60localhost%3A5434%60.&file=%2Fhome%2Fsaloprj%2Fprojects%2Fgenex%2Fnode_modules%2F%40prisma%2Fclient%2Fruntime%2Flibrary.js&methodName=%24n.handleRequestError&arguments=&lineNumber=121&column=7615:0
[   72388ms] [ERROR] Failed to load resource: the server responded with a status of 400 (Bad Request) @ http://localhost:3004/__nextjs_original-stack-frame?isServer=false&isEdgeServer=false&isAppDirectory=true&errorMessage=Error%3A+%0AInvalid+%60prisma.product.findMany%28%29%60+invocation%3A%0A%0A%0ACan%27t+reach+database+server+at+%60localhost%3A5434%60%0A%0APlease+make+sure+your+database+server+is+running+at+%60localhost%3A5434%60.&file=%2Fhome%2Fsaloprj%2Fprojects%2Fgenex%2Fnode_modules%2F%40prisma%2Fclient%2Fruntime%2Flibrary.js&methodName=%24n.handleAndLogRequestError&arguments=&lineNumber=121&column=6623:0
[   72389ms] [ERROR] Failed to load resource: the server responded with a status of 400 (Bad Request) @ http://localhost:3004/__nextjs_original-stack-frame?isServer=false&isEdgeServer=false&isAppDirectory=true&errorMessage=Error%3A+%0AInvalid+%60prisma.product.findMany%28%29%60+invocation%3A%0A%0A%0ACan%27t+reach+database+server+at+%60localhost%3A5434%60%0A%0APlease+make+sure+your+database+server+is+running+at+%60localhost%3A5434%60.&file=%2Fhome%2Fsaloprj%2Fprojects%2Fgenex%2Fnode_modules%2F%40prisma%2Fclient%2Fruntime%2Flibrary.js&methodName=%24n.request&arguments=&lineNumber=121&column=6307:0
[   72389ms] [ERROR] Failed to load resource: the server responded with a status of 400 (Bad Request) @ http://localhost:3004/__nextjs_original-stack-frame?isServer=false&isEdgeServer=false&isAppDirectory=true&errorMessage=Error%3A+%0AInvalid+%60prisma.product.findMany%28%29%60+invocation%3A%0A%0A%0ACan%27t+reach+database+server+at+%60localhost%3A5434%60%0A%0APlease+make+sure+your+database+server+is+running+at+%60localhost%3A5434%60.&file=%2Fhome%2Fsaloprj%2Fprojects%2Fgenex%2Fnode_modules%2F%40prisma%2Fclient%2Fruntime%2Flibrary.js&methodName=%24n.handleAndLogRequestError&arguments=&lineNumber=121&column=6623:0
[   72391ms] [ERROR] Failed to load resource: the server responded with a status of 400 (Bad Request) @ http://localhost:3004/__nextjs_original-stack-frame?isServer=false&isEdgeServer=false&isAppDirectory=true&errorMessage=Error%3A+%0AInvalid+%60prisma.product.findMany%28%29%60+invocation%3A%0A%0A%0ACan%27t+reach+database+server+at+%60localhost%3A5434%60%0A%0APlease+make+sure+your+database+server+is+running+at+%60localhost%3A5434%60.&file=%2Fhome%2Fsaloprj%2Fprojects%2Fgenex%2Fnode_modules%2F%40prisma%2Fclient%2Fruntime%2Flibrary.js&methodName=%24n.request&arguments=&lineNumber=121&column=6307:0
[   72392ms] [ERROR] Failed to load resource: the server responded with a status of 400 (Bad Request) @ http://localhost:3004/__nextjs_original-stack-frame?isServer=false&isEdgeServer=false&isAppDirectory=true&errorMessage=Error%3A+%0AInvalid+%60prisma.product.findMany%28%29%60+invocation%3A%0A%0A%0ACan%27t+reach+database+server+at+%60localhost%3A5434%60%0A%0APlease+make+sure+your+database+server+is+running+at+%60localhost%3A5434%60.&file=%2Fhome%2Fsaloprj%2Fprojects%2Fgenex%2Fnode_modules%2F%40prisma%2Fclient%2Fruntime%2Flibrary.js&methodName=async+l&arguments=&lineNumber=130&column=9633:0
[   72398ms] [ERROR] Failed to load resource: the server responded with a status of 400 (Bad Request) @ http://localhost:3004/__nextjs_original-stack-frame?isServer=false&isEdgeServer=false&isAppDirectory=true&errorMessage=Error%3A+%0AInvalid+%60prisma.product.findMany%28%29%60+invocation%3A%0A%0A%0ACan%27t+reach+database+server+at+%60localhost%3A5434%60%0A%0APlease+make+sure+your+database+server+is+running+at+%60localhost%3A5434%60.&file=%2Fhome%2Fsaloprj%2Fprojects%2Fgenex%2Fnode_modules%2F%40prisma%2Fclient%2Fruntime%2Flibrary.js&methodName=async+l&arguments=&lineNumber=130&column=9633:0
[   72654ms] [WARNING] [Fast Refresh] performing full reload because your application had an unrecoverable error @ webpack-internal:///(app-pages-browser)/./node_modules/next/dist/client/components/react-dev-overlay/app/hot-reloader-client.js:114
[   72745ms] [WARNING] [Fast Refresh] performing full reload because your application had an unrecoverable error @ webpack-internal:///(app-pages-browser)/./node_modules/next/dist/client/components/react-dev-overlay/app/hot-reloader-client.js:114
[   72967ms] [WARNING] [Fast Refresh] performing full reload because your application had an unrecoverable error @ webpack-internal:///(app-pages-browser)/./node_modules/next/dist/client/components/react-dev-overlay/app/hot-reloader-client.js:114
[   74070ms] Error: 
Invalid `prisma.product.findMany()` invocation:


Can't reach database server at `localhost:5434`

Please make sure your database server is running at `localhost:5434`.
    at $n.handleRequestError (/home/saloprj/projects/genex/node_modules/@prisma/client/runtime/library.js:121:7615)
    at $n.handleAndLogRequestError (/home/saloprj/projects/genex/node_modules/@prisma/client/runtime/library.js:121:6623)
    at $n.request (/home/saloprj/projects/genex/node_modules/@prisma/client/runtime/library.js:121:6307)
    at async l (/home/saloprj/projects/genex/node_modules/@prisma/client/runtime/library.js:130:9633)
    at async ProductsSection (webpack-internal:///(rsc)/./src/app/shop/page.tsx:30:22)
[   74075ms] Error: 
Invalid `prisma.product.findMany()` invocation:


Can't reach database server at `localhost:5434`

Please make sure your database server is running at `localhost:5434`.
    at $n.handleRequestError (/home/saloprj/projects/genex/node_modules/@prisma/client/runtime/library.js:121:7615)
    at $n.handleAndLogRequestError (/home/saloprj/projects/genex/node_modules/@prisma/client/runtime/library.js:121:6623)
    at $n.request (/home/saloprj/projects/genex/node_modules/@prisma/client/runtime/library.js:121:6307)
    at async l (/home/saloprj/projects/genex/node_modules/@prisma/client/runtime/library.js:130:9633)
    at async ProductsSection (webpack-internal:///(rsc)/./src/app/shop/page.tsx:30:22)
[   74076ms] Error: 
Invalid `prisma.product.findMany()` invocation:


Can't reach database server at `localhost:5434`

Please make sure your database server is running at `localhost:5434`.
    at $n.handleRequestError (/home/saloprj/projects/genex/node_modules/@prisma/client/runtime/library.js:121:7615)
    at $n.handleAndLogRequestError (/home/saloprj/projects/genex/node_modules/@prisma/client/runtime/library.js:121:6623)
    at $n.request (/home/saloprj/projects/genex/node_modules/@prisma/client/runtime/library.js:121:6307)
    at async l (/home/saloprj/projects/genex/node_modules/@prisma/client/runtime/library.js:130:9633)
    at async ProductsSection (webpack-internal:///(rsc)/./src/app/shop/page.tsx:30:22)
[   74077ms] Error: 
Invalid `prisma.product.findMany()` invocation:


Can't reach database server at `localhost:5434`

Please make sure your database server is running at `localhost:5434`.
    at $n.handleRequestError (/home/saloprj/projects/genex/node_modules/@prisma/client/runtime/library.js:121:7615)
    at $n.handleAndLogRequestError (/home/saloprj/projects/genex/node_modules/@prisma/client/runtime/library.js:121:6623)
    at $n.request (/home/saloprj/projects/genex/node_modules/@prisma/client/runtime/library.js:121:6307)
    at async l (/home/saloprj/projects/genex/node_modules/@prisma/client/runtime/library.js:130:9633)
    at async ProductsSection (webpack-internal:///(rsc)/./src/app/shop/page.tsx:30:22)
[   74077ms] Error: 
Invalid `prisma.product.findMany()` invocation:


Can't reach database server at `localhost:5434`

Please make sure your database server is running at `localhost:5434`.
    at $n.handleRequestError (/home/saloprj/projects/genex/node_modules/@prisma/client/runtime/library.js:121:7615)
    at $n.handleAndLogRequestError (/home/saloprj/projects/genex/node_modules/@prisma/client/runtime/library.js:121:6623)
    at $n.request (/home/saloprj/projects/genex/node_modules/@prisma/client/runtime/library.js:121:6307)
    at async l (/home/saloprj/projects/genex/node_modules/@prisma/client/runtime/library.js:130:9633)
    at async ProductsSection (webpack-internal:///(rsc)/./src/app/shop/page.tsx:30:22)
[   74078ms] Error: 
Invalid `prisma.product.findMany()` invocation:


Can't reach database server at `localhost:5434`

Please make sure your database server is running at `localhost:5434`.
    at $n.handleRequestError (/home/saloprj/projects/genex/node_modules/@prisma/client/runtime/library.js:121:7615)
    at $n.handleAndLogRequestError (/home/saloprj/projects/genex/node_modules/@prisma/client/runtime/library.js:121:6623)
    at $n.request (/home/saloprj/projects/genex/node_modules/@prisma/client/runtime/library.js:121:6307)
    at async l (/home/saloprj/projects/genex/node_modules/@prisma/client/runtime/library.js:130:9633)
    at async ProductsSection (webpack-internal:///(rsc)/./src/app/shop/page.tsx:30:22)
[   74081ms] Error: 
Invalid `prisma.product.findMany()` invocation:


Can't reach database server at `localhost:5434`

Please make sure your database server is running at `localhost:5434`.
    at $n.handleRequestError (/home/saloprj/projects/genex/node_modules/@prisma/client/runtime/library.js:121:7615)
    at $n.handleAndLogRequestError (/home/saloprj/projects/genex/node_modules/@prisma/client/runtime/library.js:121:6623)
    at $n.request (/home/saloprj/projects/genex/node_modules/@prisma/client/runtime/library.js:121:6307)
    at async l (/home/saloprj/projects/genex/node_modules/@prisma/client/runtime/library.js:130:9633)
    at async ProductsSection (webpack-internal:///(rsc)/./src/app/shop/page.tsx:30:22)
[   74082ms] Error: 
Invalid `prisma.product.findMany()` invocation:


Can't reach database server at `localhost:5434`

Please make sure your database server is running at `localhost:5434`.
    at $n.handleRequestError (/home/saloprj/projects/genex/node_modules/@prisma/client/runtime/library.js:121:7615)
    at $n.handleAndLogRequestError (/home/saloprj/projects/genex/node_modules/@prisma/client/runtime/library.js:121:6623)
    at $n.request (/home/saloprj/projects/genex/node_modules/@prisma/client/runtime/library.js:121:6307)
    at async l (/home/saloprj/projects/genex/node_modules/@prisma/client/runtime/library.js:130:9633)
    at async ProductsSection (webpack-internal:///(rsc)/./src/app/shop/page.tsx:30:22)
[   74083ms] Error: 
Invalid `prisma.product.findMany()` invocation:


Can't reach database server at `localhost:5434`

Please make sure your database server is running at `localhost:5434`.
    at $n.handleRequestError (/home/saloprj/projects/genex/node_modules/@prisma/client/runtime/library.js:121:7615)
    at $n.handleAndLogRequestError (/home/saloprj/projects/genex/node_modules/@prisma/client/runtime/library.js:121:6623)
    at $n.request (/home/saloprj/projects/genex/node_modules/@prisma/client/runtime/library.js:121:6307)
    at async l (/home/saloprj/projects/genex/node_modules/@prisma/client/runtime/library.js:130:9633)
    at async ProductsSection (webpack-internal:///(rsc)/./src/app/shop/page.tsx:30:22)
[   74084ms] Error: 
Invalid `prisma.product.findMany()` invocation:


Can't reach database server at `localhost:5434`

Please make sure your database server is running at `localhost:5434`.
    at $n.handleRequestError (/home/saloprj/projects/genex/node_modules/@prisma/client/runtime/library.js:121:7615)
    at $n.handleAndLogRequestError (/home/saloprj/projects/genex/node_modules/@prisma/client/runtime/library.js:121:6623)
    at $n.request (/home/saloprj/projects/genex/node_modules/@prisma/client/runtime/library.js:121:6307)
    at async l (/home/saloprj/projects/genex/node_modules/@prisma/client/runtime/library.js:130:9633)
    at async ProductsSection (webpack-internal:///(rsc)/./src/app/shop/page.tsx:30:22)
[   74085ms] Error: 
Invalid `prisma.product.findMany()` invocation:


Can't reach database server at `localhost:5434`

Please make sure your database server is running at `localhost:5434`.
    at $n.handleRequestError (/home/saloprj/projects/genex/node_modules/@prisma/client/runtime/library.js:121:7615)
    at $n.handleAndLogRequestError (/home/saloprj/projects/genex/node_modules/@prisma/client/runtime/library.js:121:6623)
    at $n.request (/home/saloprj/projects/genex/node_modules/@prisma/client/runtime/library.js:121:6307)
    at async l (/home/saloprj/projects/genex/node_modules/@prisma/client/runtime/library.js:130:9633)
    at async ProductsSection (webpack-internal:///(rsc)/./src/app/shop/page.tsx:30:22)
[   74085ms] Error: 
Invalid `prisma.product.findMany()` invocation:


Can't reach database server at `localhost:5434`

Please make sure your database server is running at `localhost:5434`.
    at $n.handleRequestError (/home/saloprj/projects/genex/node_modules/@prisma/client/runtime/library.js:121:7615)
    at $n.handleAndLogRequestError (/home/saloprj/projects/genex/node_modules/@prisma/client/runtime/library.js:121:6623)
    at $n.request (/home/saloprj/projects/genex/node_modules/@prisma/client/runtime/library.js:121:6307)
    at async l (/home/saloprj/projects/genex/node_modules/@prisma/client/runtime/library.js:130:9633)
    at async ProductsSection (webpack-internal:///(rsc)/./src/app/shop/page.tsx:30:22)
[   74086ms] [ERROR] The above error occurred in the <NotFoundErrorBoundary> component:

    at Suspense
    at div
    at div
    at ShopPage (Server)
    at InnerLayoutRouter (webpack-internal:///(app-pages-browser)/./node_modules/next/dist/client/components/layout-router.js:243:11)
    at RedirectErrorBoundary (webpack-internal:///(app-pages-browser)/./node_modules/next/dist/client/components/redirect-boundary.js:74:9)
    at RedirectBoundary (webpack-internal:///(app-pages-browser)/./node_modules/next/dist/client/components/redirect-boundary.js:82:11)
    at NotFoundBoundary (webpack-internal:///(app-pages-browser)/./node_modules/next/dist/client/components/not-found-boundary.js:84:11)
    at LoadingBoundary (webpack-internal:///(app-pages-browser)/./node_modules/next/dist/client/components/layout-router.js:349:11)
    at ErrorBoundary (webpack-internal:///(app-pages-browser)/./node_modules/next/dist/client/components/error-boundary.js:160:11)
    at InnerScrollAndFocusHandler (webpack-internal:///(app-pages-browser)/./node_modules/next/dist/client/components/layout-router.js:153:9)
    at ScrollAndFocusHandler (webpack-internal:///(app-pages-browser)/./node_modules/next/dist/client/components/layout-router.js:228:11)
    at RenderFromTemplateContext (webpack-internal:///(app-pages-browser)/./node_modules/next/dist/client/components/render-from-template-context.js:16:44)
    at OuterLayoutRouter (webpack-internal:///(app-pages-browser)/./node_modules/next/dist/client/components/layout-router.js:370:11)
    at main
    at div
    at ShopLayout (Server)
    at InnerLayoutRouter (webpack-internal:///(app-pages-browser)/./node_modules/next/dist/client/components/layout-router.js:243:11)
    at RedirectErrorBoundary (webpack-internal:///(app-pages-browser)/./node_modules/next/dist/client/components/redirect-boundary.js:74:9)
    at RedirectBoundary (webpack-internal:///(app-pages-browser)/./node_modules/next/dist/client/components/redirect-boundary.js:82:11)
    at NotFoundErrorBoundary (webpack-internal:///(app-pages-browser)/./node_modules/next/dist/client/components/not-found-boundary.js:76:9)
    at NotFoundBoundary (webpack-internal:///(app-pages-browser)/./node_modules/next/dist/client/components/not-found-boundary.js:84:11)
    at LoadingBoundary (webpack-internal:///(app-pages-browser)/./node_modules/next/dist/client/components/layout-router.js:349:11)
    at ErrorBoundary (webpack-internal:///(app-pages-browser)/./node_modules/next/dist/client/components/error-boundary.js:160:11)
    at InnerScrollAndFocusHandler (webpack-internal:///(app-pages-browser)/./node_modules/next/dist/client/components/layout-router.js:153:9)
    at ScrollAndFocusHandler (webpack-internal:///(app-pages-browser)/./node_modules/next/dist/client/components/layout-router.js:228:11)
    at RenderFromTemplateContext (webpack-internal:///(app-pages-browser)/./node_modules/next/dist/client/components/render-from-template-context.js:16:44)
    at OuterLayoutRouter (webpack-internal:///(app-pages-browser)/./node_modules/next/dist/client/components/layout-router.js:370:11)
    at ToastProvider (webpack-internal:///(app-pages-browser)/./src/components/ui/Toast.tsx:25:11)
    at body
    at html
    at RootLayout (Server)
    at RedirectErrorBoundary (webpack-internal:///(app-pages-browser)/./node_modules/next/dist/client/components/redirect-boundary.js:74:9)
    at RedirectBoundary (webpack-internal:///(app-pages-browser)/./node_modules/next/dist/client/components/redirect-boundary.js:82:11)
    at NotFoundErrorBoundary (webpack-internal:///(app-pages-browser)/./node_modules/next/dist/client/components/not-found-boundary.js:76:9)
    at NotFoundBoundary (webpack-internal:///(app-pages-browser)/./node_modules/next/dist/client/components/not-found-boundary.js:84:11)
    at DevRootNotFoundBoundary (webpack-internal:///(app-pages-browser)/./node_modules/next/dist/client/components/dev-root-not-found-boundary.js:33:11)
    at ReactDevOverlay (webpack-internal:///(app-pages-browser)/./node_modules/next/dist/client/components/react-dev-overlay/app/ReactDevOverlay.js:87:9)
    at HotReload (webpack-internal:///(app-pages-browser)/./node_modules/next/dist/client/components/react-dev-overlay/app/hot-reloader-client.js:321:11)
    at Router (webpack-internal:///(app-pages-browser)/./node_modules/next/dist/client/components/app-router.js:207:11)
    at ErrorBoundaryHandler (webpack-internal:///(app-pages-browser)/./node_modules/next/dist/client/components/error-boundary.js:113:9)
    at ErrorBoundary (webpack-internal:///(app-pages-browser)/./node_modules/next/dist/client/components/error-boundary.js:160:11)
    at AppRouter (webpack-internal:///(app-pages-browser)/./node_modules/next/dist/client/components/app-router.js:585:13)
    at ServerRoot (webpack-internal:///(app-pages-browser)/./node_modules/next/dist/client/app-index.js:112:27)
    at Root (webpack-internal:///(app-pages-browser)/./node_modules/next/dist/client/app-index.js:117:11)

React will try to recreate this component tree from scratch using the error boundary you provided, ReactDevOverlay. @ webpack-internal:///(app-pages-browser)/./node_modules/next/dist/client/app-index.js:32
[   74109ms] [ERROR] Failed to load resource: the server responded with a status of 400 (Bad Request) @ http://localhost:3004/__nextjs_original-stack-frame?isServer=false&isEdgeServer=false&isAppDirectory=true&errorMessage=Error%3A+%0AInvalid+%60prisma.product.findMany%28%29%60+invocation%3A%0A%0A%0ACan%27t+reach+database+server+at+%60localhost%3A5434%60%0A%0APlease+make+sure+your+database+server+is+running+at+%60localhost%3A5434%60.&file=%2Fhome%2Fsaloprj%2Fprojects%2Fgenex%2Fnode_modules%2F%40prisma%2Fclient%2Fruntime%2Flibrary.js&methodName=%24n.handleRequestError&arguments=&lineNumber=121&column=7615:0
[   74111ms] [ERROR] Failed to load resource: the server responded with a status of 400 (Bad Request) @ http://localhost:3004/__nextjs_original-stack-frame?isServer=false&isEdgeServer=false&isAppDirectory=true&errorMessage=Error%3A+%0AInvalid+%60prisma.product.findMany%28%29%60+invocation%3A%0A%0A%0ACan%27t+reach+database+server+at+%60localhost%3A5434%60%0A%0APlease+make+sure+your+database+server+is+running+at+%60localhost%3A5434%60.&file=%2Fhome%2Fsaloprj%2Fprojects%2Fgenex%2Fnode_modules%2F%40prisma%2Fclient%2Fruntime%2Flibrary.js&methodName=%24n.handleAndLogRequestError&arguments=&lineNumber=121&column=6623:0
[   74112ms] [ERROR] Failed to load resource: the server responded with a status of 400 (Bad Request) @ http://localhost:3004/__nextjs_original-stack-frame?isServer=false&isEdgeServer=false&isAppDirectory=true&errorMessage=Error%3A+%0AInvalid+%60prisma.product.findMany%28%29%60+invocation%3A%0A%0A%0ACan%27t+reach+database+server+at+%60localhost%3A5434%60%0A%0APlease+make+sure+your+database+server+is+running+at+%60localhost%3A5434%60.&file=%2Fhome%2Fsaloprj%2Fprojects%2Fgenex%2Fnode_modules%2F%40prisma%2Fclient%2Fruntime%2Flibrary.js&methodName=%24n.request&arguments=&lineNumber=121&column=6307:0
[   74112ms] [ERROR] Failed to load resource: the server responded with a status of 400 (Bad Request) @ http://localhost:3004/__nextjs_original-stack-frame?isServer=false&isEdgeServer=false&isAppDirectory=true&errorMessage=Error%3A+%0AInvalid+%60prisma.product.findMany%28%29%60+invocation%3A%0A%0A%0ACan%27t+reach+database+server+at+%60localhost%3A5434%60%0A%0APlease+make+sure+your+database+server+is+running+at+%60localhost%3A5434%60.&file=%2Fhome%2Fsaloprj%2Fprojects%2Fgenex%2Fnode_modules%2F%40prisma%2Fclient%2Fruntime%2Flibrary.js&methodName=async+l&arguments=&lineNumber=130&column=9633:0
[   74113ms] [ERROR] Failed to load resource: the server responded with a status of 400 (Bad Request) @ http://localhost:3004/__nextjs_original-stack-frame?isServer=false&isEdgeServer=false&isAppDirectory=true&errorMessage=Error%3A+%0AInvalid+%60prisma.product.findMany%28%29%60+invocation%3A%0A%0A%0ACan%27t+reach+database+server+at+%60localhost%3A5434%60%0A%0APlease+make+sure+your+database+server+is+running+at+%60localhost%3A5434%60.&file=%2Fhome%2Fsaloprj%2Fprojects%2Fgenex%2Fnode_modules%2F%40prisma%2Fclient%2Fruntime%2Flibrary.js&methodName=%24n.handleRequestError&arguments=&lineNumber=121&column=7615:0
[   74114ms] [ERROR] Failed to load resource: the server responded with a status of 400 (Bad Request) @ http://localhost:3004/__nextjs_original-stack-frame?isServer=false&isEdgeServer=false&isAppDirectory=true&errorMessage=Error%3A+%0AInvalid+%60prisma.product.findMany%28%29%60+invocation%3A%0A%0A%0ACan%27t+reach+database+server+at+%60localhost%3A5434%60%0A%0APlease+make+sure+your+database+server+is+running+at+%60localhost%3A5434%60.&file=%2Fhome%2Fsaloprj%2Fprojects%2Fgenex%2Fnode_modules%2F%40prisma%2Fclient%2Fruntime%2Flibrary.js&methodName=async+l&arguments=&lineNumber=130&column=9633:0
[   74115ms] [ERROR] Failed to load resource: the server responded with a status of 400 (Bad Request) @ http://localhost:3004/__nextjs_original-stack-frame?isServer=false&isEdgeServer=false&isAppDirectory=true&errorMessage=Error%3A+%0AInvalid+%60prisma.product.findMany%28%29%60+invocation%3A%0A%0A%0ACan%27t+reach+database+server+at+%60localhost%3A5434%60%0A%0APlease+make+sure+your+database+server+is+running+at+%60localhost%3A5434%60.&file=%2Fhome%2Fsaloprj%2Fprojects%2Fgenex%2Fnode_modules%2F%40prisma%2Fclient%2Fruntime%2Flibrary.js&methodName=%24n.request&arguments=&lineNumber=121&column=6307:0
[   74118ms] [ERROR] Failed to load resource: the server responded with a status of 400 (Bad Request) @ http://localhost:3004/__nextjs_original-stack-frame?isServer=false&isEdgeServer=false&isAppDirectory=true&errorMessage=Error%3A+%0AInvalid+%60prisma.product.findMany%28%29%60+invocation%3A%0A%0A%0ACan%27t+reach+database+server+at+%60localhost%3A5434%60%0A%0APlease+make+sure+your+database+server+is+running+at+%60localhost%3A5434%60.&file=%2Fhome%2Fsaloprj%2Fprojects%2Fgenex%2Fnode_modules%2F%40prisma%2Fclient%2Fruntime%2Flibrary.js&methodName=%24n.handleAndLogRequestError&arguments=&lineNumber=121&column=6623:0
[   74304ms] [WARNING] [Fast Refresh] performing full reload because your application had an unrecoverable error @ webpack-internal:///(app-pages-browser)/./node_modules/next/dist/client/components/react-dev-overlay/app/hot-reloader-client.js:114
[   74469ms] [WARNING] [Fast Refresh] performing full reload because your application had an unrecoverable error @ webpack-internal:///(app-pages-browser)/./node_modules/next/dist/client/components/react-dev-overlay/app/hot-reloader-client.js:114
[   74624ms] [WARNING] [Fast Refresh] performing full reload because your application had an unrecoverable error @ webpack-internal:///(app-pages-browser)/./node_modules/next/dist/client/components/react-dev-overlay/app/hot-reloader-client.js:114
[   74773ms] [WARNING] [Fast Refresh] performing full reload because your application had an unrecoverable error @ webpack-internal:///(app-pages-browser)/./node_modules/next/dist/client/components/react-dev-overlay/app/hot-reloader-client.js:114
[   74922ms] [WARNING] [Fast Refresh] performing full reload because your application had an unrecoverable error @ webpack-internal:///(app-pages-browser)/./node_modules/next/dist/client/components/react-dev-overlay/app/hot-reloader-client.js:114
[   75807ms] Error: 
Invalid `prisma.product.findMany()` invocation:


Can't reach database server at `localhost:5434`

Please make sure your database server is running at `localhost:5434`.
    at $n.handleRequestError (/home/saloprj/projects/genex/node_modules/@prisma/client/runtime/library.js:121:7615)
    at $n.handleAndLogRequestError (/home/saloprj/projects/genex/node_modules/@prisma/client/runtime/library.js:121:6623)
    at $n.request (/home/saloprj/projects/genex/node_modules/@prisma/client/runtime/library.js:121:6307)
    at async l (/home/saloprj/projects/genex/node_modules/@prisma/client/runtime/library.js:130:9633)
    at async ProductsSection (webpack-internal:///(rsc)/./src/app/shop/page.tsx:30:22)
[   75815ms] Error: 
Invalid `prisma.product.findMany()` invocation:


Can't reach database server at `localhost:5434`

Please make sure your database server is running at `localhost:5434`.
    at $n.handleRequestError (/home/saloprj/projects/genex/node_modules/@prisma/client/runtime/library.js:121:7615)
    at $n.handleAndLogRequestError (/home/saloprj/projects/genex/node_modules/@prisma/client/runtime/library.js:121:6623)
    at $n.request (/home/saloprj/projects/genex/node_modules/@prisma/client/runtime/library.js:121:6307)
    at async l (/home/saloprj/projects/genex/node_modules/@prisma/client/runtime/library.js:130:9633)
    at async ProductsSection (webpack-internal:///(rsc)/./src/app/shop/page.tsx:30:22)
[   75817ms] Error: 
Invalid `prisma.product.findMany()` invocation:


Can't reach database server at `localhost:5434`

Please make sure your database server is running at `localhost:5434`.
    at $n.handleRequestError (/home/saloprj/projects/genex/node_modules/@prisma/client/runtime/library.js:121:7615)
    at $n.handleAndLogRequestError (/home/saloprj/projects/genex/node_modules/@prisma/client/runtime/library.js:121:6623)
    at $n.request (/home/saloprj/projects/genex/node_modules/@prisma/client/runtime/library.js:121:6307)
    at async l (/home/saloprj/projects/genex/node_modules/@prisma/client/runtime/library.js:130:9633)
    at async ProductsSection (webpack-internal:///(rsc)/./src/app/shop/page.tsx:30:22)
[   75818ms] Error: 
Invalid `prisma.product.findMany()` invocation:


Can't reach database server at `localhost:5434`

Please make sure your database server is running at `localhost:5434`.
    at $n.handleRequestError (/home/saloprj/projects/genex/node_modules/@prisma/client/runtime/library.js:121:7615)
    at $n.handleAndLogRequestError (/home/saloprj/projects/genex/node_modules/@prisma/client/runtime/library.js:121:6623)
    at $n.request (/home/saloprj/projects/genex/node_modules/@prisma/client/runtime/library.js:121:6307)
    at async l (/home/saloprj/projects/genex/node_modules/@prisma/client/runtime/library.js:130:9633)
    at async ProductsSection (webpack-internal:///(rsc)/./src/app/shop/page.tsx:30:22)
[   75818ms] Error: 
Invalid `prisma.product.findMany()` invocation:


Can't reach database server at `localhost:5434`

Please make sure your database server is running at `localhost:5434`.
    at $n.handleRequestError (/home/saloprj/projects/genex/node_modules/@prisma/client/runtime/library.js:121:7615)
    at $n.handleAndLogRequestError (/home/saloprj/projects/genex/node_modules/@prisma/client/runtime/library.js:121:6623)
    at $n.request (/home/saloprj/projects/genex/node_modules/@prisma/client/runtime/library.js:121:6307)
    at async l (/home/saloprj/projects/genex/node_modules/@prisma/client/runtime/library.js:130:9633)
    at async ProductsSection (webpack-internal:///(rsc)/./src/app/shop/page.tsx:30:22)
[   75819ms] Error: 
Invalid `prisma.product.findMany()` invocation:


Can't reach database server at `localhost:5434`

Please make sure your database server is running at `localhost:5434`.
    at $n.handleRequestError (/home/saloprj/projects/genex/node_modules/@prisma/client/runtime/library.js:121:7615)
    at $n.handleAndLogRequestError (/home/saloprj/projects/genex/node_modules/@prisma/client/runtime/library.js:121:6623)
    at $n.request (/home/saloprj/projects/genex/node_modules/@prisma/client/runtime/library.js:121:6307)
    at async l (/home/saloprj/projects/genex/node_modules/@prisma/client/runtime/library.js:130:9633)
    at async ProductsSection (webpack-internal:///(rsc)/./src/app/shop/page.tsx:30:22)
[   75820ms] Error: 
Invalid `prisma.product.findMany()` invocation:


Can't reach database server at `localhost:5434`

Please make sure your database server is running at `localhost:5434`.
    at $n.handleRequestError (/home/saloprj/projects/genex/node_modules/@prisma/client/runtime/library.js:121:7615)
    at $n.handleAndLogRequestError (/home/saloprj/projects/genex/node_modules/@prisma/client/runtime/library.js:121:6623)
    at $n.request (/home/saloprj/projects/genex/node_modules/@prisma/client/runtime/library.js:121:6307)
    at async l (/home/saloprj/projects/genex/node_modules/@prisma/client/runtime/library.js:130:9633)
    at async ProductsSection (webpack-internal:///(rsc)/./src/app/shop/page.tsx:30:22)
[   75821ms] Error: 
Invalid `prisma.product.findMany()` invocation:


Can't reach database server at `localhost:5434`

Please make sure your database server is running at `localhost:5434`.
    at $n.handleRequestError (/home/saloprj/projects/genex/node_modules/@prisma/client/runtime/library.js:121:7615)
    at $n.handleAndLogRequestError (/home/saloprj/projects/genex/node_modules/@prisma/client/runtime/library.js:121:6623)
    at $n.request (/home/saloprj/projects/genex/node_modules/@prisma/client/runtime/library.js:121:6307)
    at async l (/home/saloprj/projects/genex/node_modules/@prisma/client/runtime/library.js:130:9633)
    at async ProductsSection (webpack-internal:///(rsc)/./src/app/shop/page.tsx:30:22)
[   75822ms] Error: 
Invalid `prisma.product.findMany()` invocation:


Can't reach database server at `localhost:5434`

Please make sure your database server is running at `localhost:5434`.
    at $n.handleRequestError (/home/saloprj/projects/genex/node_modules/@prisma/client/runtime/library.js:121:7615)
    at $n.handleAndLogRequestError (/home/saloprj/projects/genex/node_modules/@prisma/client/runtime/library.js:121:6623)
    at $n.request (/home/saloprj/projects/genex/node_modules/@prisma/client/runtime/library.js:121:6307)
    at async l (/home/saloprj/projects/genex/node_modules/@prisma/client/runtime/library.js:130:9633)
    at async ProductsSection (webpack-internal:///(rsc)/./src/app/shop/page.tsx:30:22)
[   75822ms] Error: 
Invalid `prisma.product.findMany()` invocation:


Can't reach database server at `localhost:5434`

Please make sure your database server is running at `localhost:5434`.
    at $n.handleRequestError (/home/saloprj/projects/genex/node_modules/@prisma/client/runtime/library.js:121:7615)
    at $n.handleAndLogRequestError (/home/saloprj/projects/genex/node_modules/@prisma/client/runtime/library.js:121:6623)
    at $n.request (/home/saloprj/projects/genex/node_modules/@prisma/client/runtime/library.js:121:6307)
    at async l (/home/saloprj/projects/genex/node_modules/@prisma/client/runtime/library.js:130:9633)
    at async ProductsSection (webpack-internal:///(rsc)/./src/app/shop/page.tsx:30:22)
[   75823ms] Error: 
Invalid `prisma.product.findMany()` invocation:


Can't reach database server at `localhost:5434`

Please make sure your database server is running at `localhost:5434`.
    at $n.handleRequestError (/home/saloprj/projects/genex/node_modules/@prisma/client/runtime/library.js:121:7615)
    at $n.handleAndLogRequestError (/home/saloprj/projects/genex/node_modules/@prisma/client/runtime/library.js:121:6623)
    at $n.request (/home/saloprj/projects/genex/node_modules/@prisma/client/runtime/library.js:121:6307)
    at async l (/home/saloprj/projects/genex/node_modules/@prisma/client/runtime/library.js:130:9633)
    at async ProductsSection (webpack-internal:///(rsc)/./src/app/shop/page.tsx:30:22)
[   75824ms] Error: 
Invalid `prisma.product.findMany()` invocation:


Can't reach database server at `localhost:5434`

Please make sure your database server is running at `localhost:5434`.
    at $n.handleRequestError (/home/saloprj/projects/genex/node_modules/@prisma/client/runtime/library.js:121:7615)
    at $n.handleAndLogRequestError (/home/saloprj/projects/genex/node_modules/@prisma/client/runtime/library.js:121:6623)
    at $n.request (/home/saloprj/projects/genex/node_modules/@prisma/client/runtime/library.js:121:6307)
    at async l (/home/saloprj/projects/genex/node_modules/@prisma/client/runtime/library.js:130:9633)
    at async ProductsSection (webpack-internal:///(rsc)/./src/app/shop/page.tsx:30:22)
[   75825ms] [ERROR] The above error occurred in the <NotFoundErrorBoundary> component:

    at Suspense
    at div
    at div
    at ShopPage (Server)
    at InnerLayoutRouter (webpack-internal:///(app-pages-browser)/./node_modules/next/dist/client/components/layout-router.js:243:11)
    at RedirectErrorBoundary (webpack-internal:///(app-pages-browser)/./node_modules/next/dist/client/components/redirect-boundary.js:74:9)
    at RedirectBoundary (webpack-internal:///(app-pages-browser)/./node_modules/next/dist/client/components/redirect-boundary.js:82:11)
    at NotFoundBoundary (webpack-internal:///(app-pages-browser)/./node_modules/next/dist/client/components/not-found-boundary.js:84:11)
    at LoadingBoundary (webpack-internal:///(app-pages-browser)/./node_modules/next/dist/client/components/layout-router.js:349:11)
    at ErrorBoundary (webpack-internal:///(app-pages-browser)/./node_modules/next/dist/client/components/error-boundary.js:160:11)
    at InnerScrollAndFocusHandler (webpack-internal:///(app-pages-browser)/./node_modules/next/dist/client/components/layout-router.js:153:9)
    at ScrollAndFocusHandler (webpack-internal:///(app-pages-browser)/./node_modules/next/dist/client/components/layout-router.js:228:11)
    at RenderFromTemplateContext (webpack-internal:///(app-pages-browser)/./node_modules/next/dist/client/components/render-from-template-context.js:16:44)
    at OuterLayoutRouter (webpack-internal:///(app-pages-browser)/./node_modules/next/dist/client/components/layout-router.js:370:11)
    at main
    at div
    at ShopLayout (Server)
    at InnerLayoutRouter (webpack-internal:///(app-pages-browser)/./node_modules/next/dist/client/components/layout-router.js:243:11)
    at RedirectErrorBoundary (webpack-internal:///(app-pages-browser)/./node_modules/next/dist/client/components/redirect-boundary.js:74:9)
    at RedirectBoundary (webpack-internal:///(app-pages-browser)/./node_modules/next/dist/client/components/redirect-boundary.js:82:11)
    at NotFoundErrorBoundary (webpack-internal:///(app-pages-browser)/./node_modules/next/dist/client/components/not-found-boundary.js:76:9)
    at NotFoundBoundary (webpack-internal:///(app-pages-browser)/./node_modules/next/dist/client/components/not-found-boundary.js:84:11)
    at LoadingBoundary (webpack-internal:///(app-pages-browser)/./node_modules/next/dist/client/components/layout-router.js:349:11)
    at ErrorBoundary (webpack-internal:///(app-pages-browser)/./node_modules/next/dist/client/components/error-boundary.js:160:11)
    at InnerScrollAndFocusHandler (webpack-internal:///(app-pages-browser)/./node_modules/next/dist/client/components/layout-router.js:153:9)
    at ScrollAndFocusHandler (webpack-internal:///(app-pages-browser)/./node_modules/next/dist/client/components/layout-router.js:228:11)
    at RenderFromTemplateContext (webpack-internal:///(app-pages-browser)/./node_modules/next/dist/client/components/render-from-template-context.js:16:44)
    at OuterLayoutRouter (webpack-internal:///(app-pages-browser)/./node_modules/next/dist/client/components/layout-router.js:370:11)
    at ToastProvider (webpack-internal:///(app-pages-browser)/./src/components/ui/Toast.tsx:25:11)
    at body
    at html
    at RootLayout (Server)
    at RedirectErrorBoundary (webpack-internal:///(app-pages-browser)/./node_modules/next/dist/client/components/redirect-boundary.js:74:9)
    at RedirectBoundary (webpack-internal:///(app-pages-browser)/./node_modules/next/dist/client/components/redirect-boundary.js:82:11)
    at NotFoundErrorBoundary (webpack-internal:///(app-pages-browser)/./node_modules/next/dist/client/components/not-found-boundary.js:76:9)
    at NotFoundBoundary (webpack-internal:///(app-pages-browser)/./node_modules/next/dist/client/components/not-found-boundary.js:84:11)
    at DevRootNotFoundBoundary (webpack-internal:///(app-pages-browser)/./node_modules/next/dist/client/components/dev-root-not-found-boundary.js:33:11)
    at ReactDevOverlay (webpack-internal:///(app-pages-browser)/./node_modules/next/dist/client/components/react-dev-overlay/app/ReactDevOverlay.js:87:9)
    at HotReload (webpack-internal:///(app-pages-browser)/./node_modules/next/dist/client/components/react-dev-overlay/app/hot-reloader-client.js:321:11)
    at Router (webpack-internal:///(app-pages-browser)/./node_modules/next/dist/client/components/app-router.js:207:11)
    at ErrorBoundaryHandler (webpack-internal:///(app-pages-browser)/./node_modules/next/dist/client/components/error-boundary.js:113:9)
    at ErrorBoundary (webpack-internal:///(app-pages-browser)/./node_modules/next/dist/client/components/error-boundary.js:160:11)
    at AppRouter (webpack-internal:///(app-pages-browser)/./node_modules/next/dist/client/components/app-router.js:585:13)
    at ServerRoot (webpack-internal:///(app-pages-browser)/./node_modules/next/dist/client/app-index.js:112:27)
    at Root (webpack-internal:///(app-pages-browser)/./node_modules/next/dist/client/app-index.js:117:11)

React will try to recreate this component tree from scratch using the error boundary you provided, ReactDevOverlay. @ webpack-internal:///(app-pages-browser)/./node_modules/next/dist/client/app-index.js:32
[   75846ms] [ERROR] Failed to load resource: the server responded with a status of 400 (Bad Request) @ http://localhost:3004/__nextjs_original-stack-frame?isServer=false&isEdgeServer=false&isAppDirectory=true&errorMessage=Error%3A+%0AInvalid+%60prisma.product.findMany%28%29%60+invocation%3A%0A%0A%0ACan%27t+reach+database+server+at+%60localhost%3A5434%60%0A%0APlease+make+sure+your+database+server+is+running+at+%60localhost%3A5434%60.&file=%2Fhome%2Fsaloprj%2Fprojects%2Fgenex%2Fnode_modules%2F%40prisma%2Fclient%2Fruntime%2Flibrary.js&methodName=%24n.handleRequestError&arguments=&lineNumber=121&column=7615:0
[   75849ms] [ERROR] Failed to load resource: the server responded with a status of 400 (Bad Request) @ http://localhost:3004/__nextjs_original-stack-frame?isServer=false&isEdgeServer=false&isAppDirectory=true&errorMessage=Error%3A+%0AInvalid+%60prisma.product.findMany%28%29%60+invocation%3A%0A%0A%0ACan%27t+reach+database+server+at+%60localhost%3A5434%60%0A%0APlease+make+sure+your+database+server+is+running+at+%60localhost%3A5434%60.&file=%2Fhome%2Fsaloprj%2Fprojects%2Fgenex%2Fnode_modules%2F%40prisma%2Fclient%2Fruntime%2Flibrary.js&methodName=%24n.handleRequestError&arguments=&lineNumber=121&column=7615:0
[   75849ms] [ERROR] Failed to load resource: the server responded with a status of 400 (Bad Request) @ http://localhost:3004/__nextjs_original-stack-frame?isServer=false&isEdgeServer=false&isAppDirectory=true&errorMessage=Error%3A+%0AInvalid+%60prisma.product.findMany%28%29%60+invocation%3A%0A%0A%0ACan%27t+reach+database+server+at+%60localhost%3A5434%60%0A%0APlease+make+sure+your+database+server+is+running+at+%60localhost%3A5434%60.&file=%2Fhome%2Fsaloprj%2Fprojects%2Fgenex%2Fnode_modules%2F%40prisma%2Fclient%2Fruntime%2Flibrary.js&methodName=%24n.handleAndLogRequestError&arguments=&lineNumber=121&column=6623:0
[   75849ms] [ERROR] Failed to load resource: the server responded with a status of 400 (Bad Request) @ http://localhost:3004/__nextjs_original-stack-frame?isServer=false&isEdgeServer=false&isAppDirectory=true&errorMessage=Error%3A+%0AInvalid+%60prisma.product.findMany%28%29%60+invocation%3A%0A%0A%0ACan%27t+reach+database+server+at+%60localhost%3A5434%60%0A%0APlease+make+sure+your+database+server+is+running+at+%60localhost%3A5434%60.&file=%2Fhome%2Fsaloprj%2Fprojects%2Fgenex%2Fnode_modules%2F%40prisma%2Fclient%2Fruntime%2Flibrary.js&methodName=%24n.request&arguments=&lineNumber=121&column=6307:0
[   75849ms] [ERROR] Failed to load resource: the server responded with a status of 400 (Bad Request) @ http://localhost:3004/__nextjs_original-stack-frame?isServer=false&isEdgeServer=false&isAppDirectory=true&errorMessage=Error%3A+%0AInvalid+%60prisma.product.findMany%28%29%60+invocation%3A%0A%0A%0ACan%27t+reach+database+server+at+%60localhost%3A5434%60%0A%0APlease+make+sure+your+database+server+is+running+at+%60localhost%3A5434%60.&file=%2Fhome%2Fsaloprj%2Fprojects%2Fgenex%2Fnode_modules%2F%40prisma%2Fclient%2Fruntime%2Flibrary.js&methodName=async+l&arguments=&lineNumber=130&column=9633:0
[   75855ms] [ERROR] Failed to load resource: the server responded with a status of 400 (Bad Request) @ http://localhost:3004/__nextjs_original-stack-frame?isServer=false&isEdgeServer=false&isAppDirectory=true&errorMessage=Error%3A+%0AInvalid+%60prisma.product.findMany%28%29%60+invocation%3A%0A%0A%0ACan%27t+reach+database+server+at+%60localhost%3A5434%60%0A%0APlease+make+sure+your+database+server+is+running+at+%60localhost%3A5434%60.&file=%2Fhome%2Fsaloprj%2Fprojects%2Fgenex%2Fnode_modules%2F%40prisma%2Fclient%2Fruntime%2Flibrary.js&methodName=%24n.handleAndLogRequestError&arguments=&lineNumber=121&column=6623:0
[   75856ms] [ERROR] Failed to load resource: the server responded with a status of 400 (Bad Request) @ http://localhost:3004/__nextjs_original-stack-frame?isServer=false&isEdgeServer=false&isAppDirectory=true&errorMessage=Error%3A+%0AInvalid+%60prisma.product.findMany%28%29%60+invocation%3A%0A%0A%0ACan%27t+reach+database+server+at+%60localhost%3A5434%60%0A%0APlease+make+sure+your+database+server+is+running+at+%60localhost%3A5434%60.&file=%2Fhome%2Fsaloprj%2Fprojects%2Fgenex%2Fnode_modules%2F%40prisma%2Fclient%2Fruntime%2Flibrary.js&methodName=async+l&arguments=&lineNumber=130&column=9633:0
[   75856ms] [ERROR] Failed to load resource: the server responded with a status of 400 (Bad Request) @ http://localhost:3004/__nextjs_original-stack-frame?isServer=false&isEdgeServer=false&isAppDirectory=true&errorMessage=Error%3A+%0AInvalid+%60prisma.product.findMany%28%29%60+invocation%3A%0A%0A%0ACan%27t+reach+database+server+at+%60localhost%3A5434%60%0A%0APlease+make+sure+your+database+server+is+running+at+%60localhost%3A5434%60.&file=%2Fhome%2Fsaloprj%2Fprojects%2Fgenex%2Fnode_modules%2F%40prisma%2Fclient%2Fruntime%2Flibrary.js&methodName=%24n.request&arguments=&lineNumber=121&column=6307:0
[   76099ms] [WARNING] [Fast Refresh] performing full reload because your application had an unrecoverable error @ webpack-internal:///(app-pages-browser)/./node_modules/next/dist/client/components/react-dev-overlay/app/hot-reloader-client.js:114
[   76380ms] [WARNING] [Fast Refresh] performing full reload because your application had an unrecoverable error @ webpack-internal:///(app-pages-browser)/./node_modules/next/dist/client/components/react-dev-overlay/app/hot-reloader-client.js:114
[   77914ms] Error: 
Invalid `prisma.product.findMany()` invocation:


Can't reach database server at `localhost:5434`

Please make sure your database server is running at `localhost:5434`.
    at $n.handleRequestError (/home/saloprj/projects/genex/node_modules/@prisma/client/runtime/library.js:121:7615)
    at $n.handleAndLogRequestError (/home/saloprj/projects/genex/node_modules/@prisma/client/runtime/library.js:121:6623)
    at $n.request (/home/saloprj/projects/genex/node_modules/@prisma/client/runtime/library.js:121:6307)
    at async l (/home/saloprj/projects/genex/node_modules/@prisma/client/runtime/library.js:130:9633)
    at async ProductsSection (webpack-internal:///(rsc)/./src/app/shop/page.tsx:30:22)
[   77918ms] Error: 
Invalid `prisma.product.findMany()` invocation:


Can't reach database server at `localhost:5434`

Please make sure your database server is running at `localhost:5434`.
    at $n.handleRequestError (/home/saloprj/projects/genex/node_modules/@prisma/client/runtime/library.js:121:7615)
    at $n.handleAndLogRequestError (/home/saloprj/projects/genex/node_modules/@prisma/client/runtime/library.js:121:6623)
    at $n.request (/home/saloprj/projects/genex/node_modules/@prisma/client/runtime/library.js:121:6307)
    at async l (/home/saloprj/projects/genex/node_modules/@prisma/client/runtime/library.js:130:9633)
    at async ProductsSection (webpack-internal:///(rsc)/./src/app/shop/page.tsx:30:22)
[   77920ms] Error: 
Invalid `prisma.product.findMany()` invocation:


Can't reach database server at `localhost:5434`

Please make sure your database server is running at `localhost:5434`.
    at $n.handleRequestError (/home/saloprj/projects/genex/node_modules/@prisma/client/runtime/library.js:121:7615)
    at $n.handleAndLogRequestError (/home/saloprj/projects/genex/node_modules/@prisma/client/runtime/library.js:121:6623)
    at $n.request (/home/saloprj/projects/genex/node_modules/@prisma/client/runtime/library.js:121:6307)
    at async l (/home/saloprj/projects/genex/node_modules/@prisma/client/runtime/library.js:130:9633)
    at async ProductsSection (webpack-internal:///(rsc)/./src/app/shop/page.tsx:30:22)
[   77920ms] Error: 
Invalid `prisma.product.findMany()` invocation:


Can't reach database server at `localhost:5434`

Please make sure your database server is running at `localhost:5434`.
    at $n.handleRequestError (/home/saloprj/projects/genex/node_modules/@prisma/client/runtime/library.js:121:7615)
    at $n.handleAndLogRequestError (/home/saloprj/projects/genex/node_modules/@prisma/client/runtime/library.js:121:6623)
    at $n.request (/home/saloprj/projects/genex/node_modules/@prisma/client/runtime/library.js:121:6307)
    at async l (/home/saloprj/projects/genex/node_modules/@prisma/client/runtime/library.js:130:9633)
    at async ProductsSection (webpack-internal:///(rsc)/./src/app/shop/page.tsx:30:22)
[   77921ms] Error: 
Invalid `prisma.product.findMany()` invocation:


Can't reach database server at `localhost:5434`

Please make sure your database server is running at `localhost:5434`.
    at $n.handleRequestError (/home/saloprj/projects/genex/node_modules/@prisma/client/runtime/library.js:121:7615)
    at $n.handleAndLogRequestError (/home/saloprj/projects/genex/node_modules/@prisma/client/runtime/library.js:121:6623)
    at $n.request (/home/saloprj/projects/genex/node_modules/@prisma/client/runtime/library.js:121:6307)
    at async l (/home/saloprj/projects/genex/node_modules/@prisma/client/runtime/library.js:130:9633)
    at async ProductsSection (webpack-internal:///(rsc)/./src/app/shop/page.tsx:30:22)
[   77922ms] Error: 
Invalid `prisma.product.findMany()` invocation:


Can't reach database server at `localhost:5434`

Please make sure your database server is running at `localhost:5434`.
    at $n.handleRequestError (/home/saloprj/projects/genex/node_modules/@prisma/client/runtime/library.js:121:7615)
    at $n.handleAndLogRequestError (/home/saloprj/projects/genex/node_modules/@prisma/client/runtime/library.js:121:6623)
    at $n.request (/home/saloprj/projects/genex/node_modules/@prisma/client/runtime/library.js:121:6307)
    at async l (/home/saloprj/projects/genex/node_modules/@prisma/client/runtime/library.js:130:9633)
    at async ProductsSection (webpack-internal:///(rsc)/./src/app/shop/page.tsx:30:22)
[   77923ms] Error: 
Invalid `prisma.product.findMany()` invocation:


Can't reach database server at `localhost:5434`

Please make sure your database server is running at `localhost:5434`.
    at $n.handleRequestError (/home/saloprj/projects/genex/node_modules/@prisma/client/runtime/library.js:121:7615)
    at $n.handleAndLogRequestError (/home/saloprj/projects/genex/node_modules/@prisma/client/runtime/library.js:121:6623)
    at $n.request (/home/saloprj/projects/genex/node_modules/@prisma/client/runtime/library.js:121:6307)
    at async l (/home/saloprj/projects/genex/node_modules/@prisma/client/runtime/library.js:130:9633)
    at async ProductsSection (webpack-internal:///(rsc)/./src/app/shop/page.tsx:30:22)
[   77924ms] Error: 
Invalid `prisma.product.findMany()` invocation:


Can't reach database server at `localhost:5434`

Please make sure your database server is running at `localhost:5434`.
    at $n.handleRequestError (/home/saloprj/projects/genex/node_modules/@prisma/client/runtime/library.js:121:7615)
    at $n.handleAndLogRequestError (/home/saloprj/projects/genex/node_modules/@prisma/client/runtime/library.js:121:6623)
    at $n.request (/home/saloprj/projects/genex/node_modules/@prisma/client/runtime/library.js:121:6307)
    at async l (/home/saloprj/projects/genex/node_modules/@prisma/client/runtime/library.js:130:9633)
    at async ProductsSection (webpack-internal:///(rsc)/./src/app/shop/page.tsx:30:22)
[   77924ms] Error: 
Invalid `prisma.product.findMany()` invocation:


Can't reach database server at `localhost:5434`

Please make sure your database server is running at `localhost:5434`.
    at $n.handleRequestError (/home/saloprj/projects/genex/node_modules/@prisma/client/runtime/library.js:121:7615)
    at $n.handleAndLogRequestError (/home/saloprj/projects/genex/node_modules/@prisma/client/runtime/library.js:121:6623)
    at $n.request (/home/saloprj/projects/genex/node_modules/@prisma/client/runtime/library.js:121:6307)
    at async l (/home/saloprj/projects/genex/node_modules/@prisma/client/runtime/library.js:130:9633)
    at async ProductsSection (webpack-internal:///(rsc)/./src/app/shop/page.tsx:30:22)
[   77925ms] Error: 
Invalid `prisma.product.findMany()` invocation:


Can't reach database server at `localhost:5434`

Please make sure your database server is running at `localhost:5434`.
    at $n.handleRequestError (/home/saloprj/projects/genex/node_modules/@prisma/client/runtime/library.js:121:7615)
    at $n.handleAndLogRequestError (/home/saloprj/projects/genex/node_modules/@prisma/client/runtime/library.js:121:6623)
    at $n.request (/home/saloprj/projects/genex/node_modules/@prisma/client/runtime/library.js:121:6307)
    at async l (/home/saloprj/projects/genex/node_modules/@prisma/client/runtime/library.js:130:9633)
    at async ProductsSection (webpack-internal:///(rsc)/./src/app/shop/page.tsx:30:22)
[   77926ms] Error: 
Invalid `prisma.product.findMany()` invocation:


Can't reach database server at `localhost:5434`

Please make sure your database server is running at `localhost:5434`.
    at $n.handleRequestError (/home/saloprj/projects/genex/node_modules/@prisma/client/runtime/library.js:121:7615)
    at $n.handleAndLogRequestError (/home/saloprj/projects/genex/node_modules/@prisma/client/runtime/library.js:121:6623)
    at $n.request (/home/saloprj/projects/genex/node_modules/@prisma/client/runtime/library.js:121:6307)
    at async l (/home/saloprj/projects/genex/node_modules/@prisma/client/runtime/library.js:130:9633)
    at async ProductsSection (webpack-internal:///(rsc)/./src/app/shop/page.tsx:30:22)
[   77927ms] Error: 
Invalid `prisma.product.findMany()` invocation:


Can't reach database server at `localhost:5434`

Please make sure your database server is running at `localhost:5434`.
    at $n.handleRequestError (/home/saloprj/projects/genex/node_modules/@prisma/client/runtime/library.js:121:7615)
    at $n.handleAndLogRequestError (/home/saloprj/projects/genex/node_modules/@prisma/client/runtime/library.js:121:6623)
    at $n.request (/home/saloprj/projects/genex/node_modules/@prisma/client/runtime/library.js:121:6307)
    at async l (/home/saloprj/projects/genex/node_modules/@prisma/client/runtime/library.js:130:9633)
    at async ProductsSection (webpack-internal:///(rsc)/./src/app/shop/page.tsx:30:22)
[   77931ms] [ERROR] The above error occurred in the <NotFoundErrorBoundary> component:

    at Suspense
    at div
    at div
    at ShopPage (Server)
    at InnerLayoutRouter (webpack-internal:///(app-pages-browser)/./node_modules/next/dist/client/components/layout-router.js:243:11)
    at RedirectErrorBoundary (webpack-internal:///(app-pages-browser)/./node_modules/next/dist/client/components/redirect-boundary.js:74:9)
    at RedirectBoundary (webpack-internal:///(app-pages-browser)/./node_modules/next/dist/client/components/redirect-boundary.js:82:11)
    at NotFoundBoundary (webpack-internal:///(app-pages-browser)/./node_modules/next/dist/client/components/not-found-boundary.js:84:11)
    at LoadingBoundary (webpack-internal:///(app-pages-browser)/./node_modules/next/dist/client/components/layout-router.js:349:11)
    at ErrorBoundary (webpack-internal:///(app-pages-browser)/./node_modules/next/dist/client/components/error-boundary.js:160:11)
    at InnerScrollAndFocusHandler (webpack-internal:///(app-pages-browser)/./node_modules/next/dist/client/components/layout-router.js:153:9)
    at ScrollAndFocusHandler (webpack-internal:///(app-pages-browser)/./node_modules/next/dist/client/components/layout-router.js:228:11)
    at RenderFromTemplateContext (webpack-internal:///(app-pages-browser)/./node_modules/next/dist/client/components/render-from-template-context.js:16:44)
    at OuterLayoutRouter (webpack-internal:///(app-pages-browser)/./node_modules/next/dist/client/components/layout-router.js:370:11)
    at main
    at div
    at ShopLayout (Server)
    at InnerLayoutRouter (webpack-internal:///(app-pages-browser)/./node_modules/next/dist/client/components/layout-router.js:243:11)
    at RedirectErrorBoundary (webpack-internal:///(app-pages-browser)/./node_modules/next/dist/client/components/redirect-boundary.js:74:9)
    at RedirectBoundary (webpack-internal:///(app-pages-browser)/./node_modules/next/dist/client/components/redirect-boundary.js:82:11)
    at NotFoundErrorBoundary (webpack-internal:///(app-pages-browser)/./node_modules/next/dist/client/components/not-found-boundary.js:76:9)
    at NotFoundBoundary (webpack-internal:///(app-pages-browser)/./node_modules/next/dist/client/components/not-found-boundary.js:84:11)
    at LoadingBoundary (webpack-internal:///(app-pages-browser)/./node_modules/next/dist/client/components/layout-router.js:349:11)
    at ErrorBoundary (webpack-internal:///(app-pages-browser)/./node_modules/next/dist/client/components/error-boundary.js:160:11)
    at InnerScrollAndFocusHandler (webpack-internal:///(app-pages-browser)/./node_modules/next/dist/client/components/layout-router.js:153:9)
    at ScrollAndFocusHandler (webpack-internal:///(app-pages-browser)/./node_modules/next/dist/client/components/layout-router.js:228:11)
    at RenderFromTemplateContext (webpack-internal:///(app-pages-browser)/./node_modules/next/dist/client/components/render-from-template-context.js:16:44)
    at OuterLayoutRouter (webpack-internal:///(app-pages-browser)/./node_modules/next/dist/client/components/layout-router.js:370:11)
    at ToastProvider (webpack-internal:///(app-pages-browser)/./src/components/ui/Toast.tsx:25:11)
    at body
    at html
    at RootLayout (Server)
    at RedirectErrorBoundary (webpack-internal:///(app-pages-browser)/./node_modules/next/dist/client/components/redirect-boundary.js:74:9)
    at RedirectBoundary (webpack-internal:///(app-pages-browser)/./node_modules/next/dist/client/components/redirect-boundary.js:82:11)
    at NotFoundErrorBoundary (webpack-internal:///(app-pages-browser)/./node_modules/next/dist/client/components/not-found-boundary.js:76:9)
    at NotFoundBoundary (webpack-internal:///(app-pages-browser)/./node_modules/next/dist/client/components/not-found-boundary.js:84:11)
    at DevRootNotFoundBoundary (webpack-internal:///(app-pages-browser)/./node_modules/next/dist/client/components/dev-root-not-found-boundary.js:33:11)
    at ReactDevOverlay (webpack-internal:///(app-pages-browser)/./node_modules/next/dist/client/components/react-dev-overlay/app/ReactDevOverlay.js:87:9)
    at HotReload (webpack-internal:///(app-pages-browser)/./node_modules/next/dist/client/components/react-dev-overlay/app/hot-reloader-client.js:321:11)
    at Router (webpack-internal:///(app-pages-browser)/./node_modules/next/dist/client/components/app-router.js:207:11)
    at ErrorBoundaryHandler (webpack-internal:///(app-pages-browser)/./node_modules/next/dist/client/components/error-boundary.js:113:9)
    at ErrorBoundary (webpack-internal:///(app-pages-browser)/./node_modules/next/dist/client/components/error-boundary.js:160:11)
    at AppRouter (webpack-internal:///(app-pages-browser)/./node_modules/next/dist/client/components/app-router.js:585:13)
    at ServerRoot (webpack-internal:///(app-pages-browser)/./node_modules/next/dist/client/app-index.js:112:27)
    at Root (webpack-internal:///(app-pages-browser)/./node_modules/next/dist/client/app-index.js:117:11)

React will try to recreate this component tree from scratch using the error boundary you provided, ReactDevOverlay. @ webpack-internal:///(app-pages-browser)/./node_modules/next/dist/client/app-index.js:32
[   77956ms] [ERROR] Failed to load resource: the server responded with a status of 400 (Bad Request) @ http://localhost:3004/__nextjs_original-stack-frame?isServer=false&isEdgeServer=false&isAppDirectory=true&errorMessage=Error%3A+%0AInvalid+%60prisma.product.findMany%28%29%60+invocation%3A%0A%0A%0ACan%27t+reach+database+server+at+%60localhost%3A5434%60%0A%0APlease+make+sure+your+database+server+is+running+at+%60localhost%3A5434%60.&file=%2Fhome%2Fsaloprj%2Fprojects%2Fgenex%2Fnode_modules%2F%40prisma%2Fclient%2Fruntime%2Flibrary.js&methodName=%24n.handleRequestError&arguments=&lineNumber=121&column=7615:0
[   77957ms] [ERROR] Failed to load resource: the server responded with a status of 400 (Bad Request) @ http://localhost:3004/__nextjs_original-stack-frame?isServer=false&isEdgeServer=false&isAppDirectory=true&errorMessage=Error%3A+%0AInvalid+%60prisma.product.findMany%28%29%60+invocation%3A%0A%0A%0ACan%27t+reach+database+server+at+%60localhost%3A5434%60%0A%0APlease+make+sure+your+database+server+is+running+at+%60localhost%3A5434%60.&file=%2Fhome%2Fsaloprj%2Fprojects%2Fgenex%2Fnode_modules%2F%40prisma%2Fclient%2Fruntime%2Flibrary.js&methodName=%24n.request&arguments=&lineNumber=121&column=6307:0
[   77957ms] [ERROR] Failed to load resource: the server responded with a status of 400 (Bad Request) @ http://localhost:3004/__nextjs_original-stack-frame?isServer=false&isEdgeServer=false&isAppDirectory=true&errorMessage=Error%3A+%0AInvalid+%60prisma.product.findMany%28%29%60+invocation%3A%0A%0A%0ACan%27t+reach+database+server+at+%60localhost%3A5434%60%0A%0APlease+make+sure+your+database+server+is+running+at+%60localhost%3A5434%60.&file=%2Fhome%2Fsaloprj%2Fprojects%2Fgenex%2Fnode_modules%2F%40prisma%2Fclient%2Fruntime%2Flibrary.js&methodName=%24n.handleAndLogRequestError&arguments=&lineNumber=121&column=6623:0
[   77957ms] [ERROR] Failed to load resource: the server responded with a status of 400 (Bad Request) @ http://localhost:3004/__nextjs_original-stack-frame?isServer=false&isEdgeServer=false&isAppDirectory=true&errorMessage=Error%3A+%0AInvalid+%60prisma.product.findMany%28%29%60+invocation%3A%0A%0A%0ACan%27t+reach+database+server+at+%60localhost%3A5434%60%0A%0APlease+make+sure+your+database+server+is+running+at+%60localhost%3A5434%60.&file=%2Fhome%2Fsaloprj%2Fprojects%2Fgenex%2Fnode_modules%2F%40prisma%2Fclient%2Fruntime%2Flibrary.js&methodName=async+l&arguments=&lineNumber=130&column=9633:0
[   77958ms] [ERROR] Failed to load resource: the server responded with a status of 400 (Bad Request) @ http://localhost:3004/__nextjs_original-stack-frame?isServer=false&isEdgeServer=false&isAppDirectory=true&errorMessage=Error%3A+%0AInvalid+%60prisma.product.findMany%28%29%60+invocation%3A%0A%0A%0ACan%27t+reach+database+server+at+%60localhost%3A5434%60%0A%0APlease+make+sure+your+database+server+is+running+at+%60localhost%3A5434%60.&file=%2Fhome%2Fsaloprj%2Fprojects%2Fgenex%2Fnode_modules%2F%40prisma%2Fclient%2Fruntime%2Flibrary.js&methodName=%24n.handleRequestError&arguments=&lineNumber=121&column=7615:0
[   77958ms] [ERROR] Failed to load resource: the server responded with a status of 400 (Bad Request) @ http://localhost:3004/__nextjs_original-stack-frame?isServer=false&isEdgeServer=false&isAppDirectory=true&errorMessage=Error%3A+%0AInvalid+%60prisma.product.findMany%28%29%60+invocation%3A%0A%0A%0ACan%27t+reach+database+server+at+%60localhost%3A5434%60%0A%0APlease+make+sure+your+database+server+is+running+at+%60localhost%3A5434%60.&file=%2Fhome%2Fsaloprj%2Fprojects%2Fgenex%2Fnode_modules%2F%40prisma%2Fclient%2Fruntime%2Flibrary.js&methodName=%24n.request&arguments=&lineNumber=121&column=6307:0
[   77959ms] [ERROR] Failed to load resource: the server responded with a status of 400 (Bad Request) @ http://localhost:3004/__nextjs_original-stack-frame?isServer=false&isEdgeServer=false&isAppDirectory=true&errorMessage=Error%3A+%0AInvalid+%60prisma.product.findMany%28%29%60+invocation%3A%0A%0A%0ACan%27t+reach+database+server+at+%60localhost%3A5434%60%0A%0APlease+make+sure+your+database+server+is+running+at+%60localhost%3A5434%60.&file=%2Fhome%2Fsaloprj%2Fprojects%2Fgenex%2Fnode_modules%2F%40prisma%2Fclient%2Fruntime%2Flibrary.js&methodName=%24n.handleAndLogRequestError&arguments=&lineNumber=121&column=6623:0
[   77961ms] [ERROR] Failed to load resource: the server responded with a status of 400 (Bad Request) @ http://localhost:3004/__nextjs_original-stack-frame?isServer=false&isEdgeServer=false&isAppDirectory=true&errorMessage=Error%3A+%0AInvalid+%60prisma.product.findMany%28%29%60+invocation%3A%0A%0A%0ACan%27t+reach+database+server+at+%60localhost%3A5434%60%0A%0APlease+make+sure+your+database+server+is+running+at+%60localhost%3A5434%60.&file=%2Fhome%2Fsaloprj%2Fprojects%2Fgenex%2Fnode_modules%2F%40prisma%2Fclient%2Fruntime%2Flibrary.js&methodName=async+l&arguments=&lineNumber=130&column=9633:0
[   78145ms] [WARNING] [Fast Refresh] performing full reload because your application had an unrecoverable error @ webpack-internal:///(app-pages-browser)/./node_modules/next/dist/client/components/react-dev-overlay/app/hot-reloader-client.js:114
[   78334ms] [WARNING] [Fast Refresh] performing full reload because your application had an unrecoverable error @ webpack-internal:///(app-pages-browser)/./node_modules/next/dist/client/components/react-dev-overlay/app/hot-reloader-client.js:114
[   78501ms] [WARNING] [Fast Refresh] performing full reload because your application had an unrecoverable error @ webpack-internal:///(app-pages-browser)/./node_modules/next/dist/client/components/react-dev-overlay/app/hot-reloader-client.js:114
[   78802ms] Invalid or unexpected token
[  199342ms] ChunkLoadError: Loading chunk app/layout failed.
(timeout: http://localhost:3004/_next/static/chunks/app/layout.js)
    at __webpack_require__.f.j (http://localhost:3004/_next/static/chunks/webpack.js?v=1773404645065:852:29)
    at http://localhost:3004/_next/static/chunks/webpack.js?v=1773404645065:155:40
    at Array.reduce (<anonymous>)
    at __webpack_require__.e (http://localhost:3004/_next/static/chunks/webpack.js?v=1773404645065:154:67)
    at fn.e (http://localhost:3004/_next/static/chunks/webpack.js?v=1773404645065:391:50)
    at loadChunk (webpack-internal:///(app-pages-browser)/./node_modules/next/dist/compiled/react-server-dom-webpack/cjs/react-server-dom-webpack-client.browser.development.js:251:30)
    at preloadModule (webpack-internal:///(app-pages-browser)/./node_modules/next/dist/compiled/react-server-dom-webpack/cjs/react-server-dom-webpack-client.browser.development.js:173:22)
    at resolveModule (webpack-internal:///(app-pages-browser)/./node_modules/next/dist/compiled/react-server-dom-webpack/cjs/react-server-dom-webpack-client.browser.development.js:1819:17)
    at processFullRow (webpack-internal:///(app-pages-browser)/./node_modules/next/dist/compiled/react-server-dom-webpack/cjs/react-server-dom-webpack-client.browser.development.js:1908:9)
    at processBinaryChunk (webpack-internal:///(app-pages-browser)/./node_modules/next/dist/compiled/react-server-dom-webpack/cjs/react-server-dom-webpack-client.browser.development.js:2078:7)
[  199349ms] [ERROR] Warning: An error occurred during hydration. The server HTML was replaced with client content in <%s>. #document @ webpack-internal:///(app-pages-browser)/./node_modules/next/dist/client/app-index.js:32
[  199353ms] ChunkLoadError: Loading chunk app/layout failed.
(timeout: http://localhost:3004/_next/static/chunks/app/layout.js)
    at __webpack_require__.f.j (http://localhost:3004/_next/static/chunks/webpack.js?v=1773404645065:852:29)
    at http://localhost:3004/_next/static/chunks/webpack.js?v=1773404645065:155:40
    at Array.reduce (<anonymous>)
    at __webpack_require__.e (http://localhost:3004/_next/static/chunks/webpack.js?v=1773404645065:154:67)
    at fn.e (http://localhost:3004/_next/static/chunks/webpack.js?v=1773404645065:391:50)
    at loadChunk (webpack-internal:///(app-pages-browser)/./node_modules/next/dist/compiled/react-server-dom-webpack/cjs/react-server-dom-webpack-client.browser.development.js:251:30)
    at preloadModule (webpack-internal:///(app-pages-browser)/./node_modules/next/dist/compiled/react-server-dom-webpack/cjs/react-server-dom-webpack-client.browser.development.js:173:22)
    at resolveModule (webpack-internal:///(app-pages-browser)/./node_modules/next/dist/compiled/react-server-dom-webpack/cjs/react-server-dom-webpack-client.browser.development.js:1819:17)
    at processFullRow (webpack-internal:///(app-pages-browser)/./node_modules/next/dist/compiled/react-server-dom-webpack/cjs/react-server-dom-webpack-client.browser.development.js:1908:9)
    at processBinaryChunk (webpack-internal:///(app-pages-browser)/./node_modules/next/dist/compiled/react-server-dom-webpack/cjs/react-server-dom-webpack-client.browser.development.js:2078:7)
[  199354ms] ChunkLoadError: Loading chunk app/layout failed.
(timeout: http://localhost:3004/_next/static/chunks/app/layout.js)
    at __webpack_require__.f.j (http://localhost:3004/_next/static/chunks/webpack.js?v=1773404645065:852:29)
    at http://localhost:3004/_next/static/chunks/webpack.js?v=1773404645065:155:40
    at Array.reduce (<anonymous>)
    at __webpack_require__.e (http://localhost:3004/_next/static/chunks/webpack.js?v=1773404645065:154:67)
    at fn.e (http://localhost:3004/_next/static/chunks/webpack.js?v=1773404645065:391:50)
    at loadChunk (webpack-internal:///(app-pages-browser)/./node_modules/next/dist/compiled/react-server-dom-webpack/cjs/react-server-dom-webpack-client.browser.development.js:251:30)
    at preloadModule (webpack-internal:///(app-pages-browser)/./node_modules/next/dist/compiled/react-server-dom-webpack/cjs/react-server-dom-webpack-client.browser.development.js:173:22)
    at resolveModule (webpack-internal:///(app-pages-browser)/./node_modules/next/dist/compiled/react-server-dom-webpack/cjs/react-server-dom-webpack-client.browser.development.js:1819:17)
    at processFullRow (webpack-internal:///(app-pages-browser)/./node_modules/next/dist/compiled/react-server-dom-webpack/cjs/react-server-dom-webpack-client.browser.development.js:1908:9)
    at processBinaryChunk (webpack-internal:///(app-pages-browser)/./node_modules/next/dist/compiled/react-server-dom-webpack/cjs/react-server-dom-webpack-client.browser.development.js:2078:7)
[  199354ms] ChunkLoadError: Loading chunk app/layout failed.
(timeout: http://localhost:3004/_next/static/chunks/app/layout.js)
    at __webpack_require__.f.j (http://localhost:3004/_next/static/chunks/webpack.js?v=1773404645065:852:29)
    at http://localhost:3004/_next/static/chunks/webpack.js?v=1773404645065:155:40
    at Array.reduce (<anonymous>)
    at __webpack_require__.e (http://localhost:3004/_next/static/chunks/webpack.js?v=1773404645065:154:67)
    at fn.e (http://localhost:3004/_next/static/chunks/webpack.js?v=1773404645065:391:50)
    at loadChunk (webpack-internal:///(app-pages-browser)/./node_modules/next/dist/compiled/react-server-dom-webpack/cjs/react-server-dom-webpack-client.browser.development.js:251:30)
    at preloadModule (webpack-internal:///(app-pages-browser)/./node_modules/next/dist/compiled/react-server-dom-webpack/cjs/react-server-dom-webpack-client.browser.development.js:173:22)
    at resolveModule (webpack-internal:///(app-pages-browser)/./node_modules/next/dist/compiled/react-server-dom-webpack/cjs/react-server-dom-webpack-client.browser.development.js:1819:17)
    at processFullRow (webpack-internal:///(app-pages-browser)/./node_modules/next/dist/compiled/react-server-dom-webpack/cjs/react-server-dom-webpack-client.browser.development.js:1908:9)
    at processBinaryChunk (webpack-internal:///(app-pages-browser)/./node_modules/next/dist/compiled/react-server-dom-webpack/cjs/react-server-dom-webpack-client.browser.development.js:2078:7)
[  199359ms] [ERROR] The above error occurred in the <NotFoundErrorBoundary> component:

    at Lazy
    at body
    at html
    at RootLayout (Server)
    at RedirectErrorBoundary (webpack-internal:///(app-pages-browser)/./node_modules/next/dist/client/components/redirect-boundary.js:74:9)
    at RedirectBoundary (webpack-internal:///(app-pages-browser)/./node_modules/next/dist/client/components/redirect-boundary.js:82:11)
    at NotFoundErrorBoundary (webpack-internal:///(app-pages-browser)/./node_modules/next/dist/client/components/not-found-boundary.js:76:9)
    at NotFoundBoundary (webpack-internal:///(app-pages-browser)/./node_modules/next/dist/client/components/not-found-boundary.js:84:11)
    at DevRootNotFoundBoundary (webpack-internal:///(app-pages-browser)/./node_modules/next/dist/client/components/dev-root-not-found-boundary.js:33:11)
    at ReactDevOverlay (webpack-internal:///(app-pages-browser)/./node_modules/next/dist/client/components/react-dev-overlay/app/ReactDevOverlay.js:87:9)
    at HotReload (webpack-internal:///(app-pages-browser)/./node_modules/next/dist/client/components/react-dev-overlay/app/hot-reloader-client.js:321:11)
    at Router (webpack-internal:///(app-pages-browser)/./node_modules/next/dist/client/components/app-router.js:207:11)
    at ErrorBoundaryHandler (webpack-internal:///(app-pages-browser)/./node_modules/next/dist/client/components/error-boundary.js:113:9)
    at ErrorBoundary (webpack-internal:///(app-pages-browser)/./node_modules/next/dist/client/components/error-boundary.js:160:11)
    at AppRouter (webpack-internal:///(app-pages-browser)/./node_modules/next/dist/client/components/app-router.js:585:13)
    at ServerRoot (webpack-internal:///(app-pages-browser)/./node_modules/next/dist/client/app-index.js:112:27)
    at Root (webpack-internal:///(app-pages-browser)/./node_modules/next/dist/client/app-index.js:117:11)

React will try to recreate this component tree from scratch using the error boundary you provided, ReactDevOverlay. @ webpack-internal:///(app-pages-browser)/./node_modules/next/dist/client/app-index.js:32
[  199367ms] Error: There was an error while hydrating. Because the error happened outside of a Suspense boundary, the entire root will switch to client rendering.
See more info here: https://nextjs.org/docs/messages/react-hydration-error
    at updateHostRoot (webpack-internal:///(app-pages-browser)/./node_modules/next/dist/compiled/react-dom/cjs/react-dom.development.js:16571:57)
    at beginWork$1 (webpack-internal:///(app-pages-browser)/./node_modules/next/dist/compiled/react-dom/cjs/react-dom.development.js:18486:14)
    at beginWork (webpack-internal:///(app-pages-browser)/./node_modules/next/dist/compiled/react-dom/cjs/react-dom.development.js:26927:14)
    at performUnitOfWork (webpack-internal:///(app-pages-browser)/./node_modules/next/dist/compiled/react-dom/cjs/react-dom.development.js:25748:12)
    at workLoopSync (webpack-internal:///(app-pages-browser)/./node_modules/next/dist/compiled/react-dom/cjs/react-dom.development.js:25464:5)
    at renderRootSync (webpack-internal:///(app-pages-browser)/./node_modules/next/dist/compiled/react-dom/cjs/react-dom.development.js:25419:7)
    at recoverFromConcurrentError (webpack-internal:///(app-pages-browser)/./node_modules/next/dist/compiled/react-dom/cjs/react-dom.development.js:24597:20)
    at performSyncWorkOnRoot (webpack-internal:///(app-pages-browser)/./node_modules/next/dist/compiled/react-dom/cjs/react-dom.development.js:24899:20)
    at flushSyncWorkAcrossRoots_impl (webpack-internal:///(app-pages-browser)/./node_modules/next/dist/compiled/react-dom/cjs/react-dom.development.js:7758:13)
    at flushSyncWorkOnAllRoots (webpack-internal:///(app-pages-browser)/./node_modules/next/dist/compiled/react-dom/cjs/react-dom.development.js:7718:3)
    at processRootScheduleInMicrotask (webpack-internal:///(app-pages-browser)/./node_modules/next/dist/compiled/react-dom/cjs/react-dom.development.js:7863:3)
    at eval (webpack-internal:///(app-pages-browser)/./node_modules/next/dist/compiled/react-dom/cjs/react-dom.development.js:8034:7)
[  199807ms] [WARNING] [Fast Refresh] performing full reload because your application had an unrecoverable error @ webpack-internal:///(app-pages-browser)/./node_modules/next/dist/client/components/react-dev-overlay/app/hot-reloader-client.js:114
[  200029ms] [WARNING] [Fast Refresh] performing full reload because your application had an unrecoverable error @ webpack-internal:///(app-pages-browser)/./node_modules/next/dist/client/components/react-dev-overlay/app/hot-reloader-client.js:114
[  200203ms] [WARNING] [Fast Refresh] performing full reload because your application had an unrecoverable error @ webpack-internal:///(app-pages-browser)/./node_modules/next/dist/client/components/react-dev-overlay/app/hot-reloader-client.js:114
[  200436ms] [WARNING] [Fast Refresh] performing full reload because your application had an unrecoverable error @ webpack-internal:///(app-pages-browser)/./node_modules/next/dist/client/components/react-dev-overlay/app/hot-reloader-client.js:114
[  200686ms] [WARNING] [Fast Refresh] performing full reload because your application had an unrecoverable error @ webpack-internal:///(app-pages-browser)/./node_modules/next/dist/client/components/react-dev-overlay/app/hot-reloader-client.js:114
[  201014ms] Invalid or unexpected token
